#
# There is insufficient memory for the Java Runtime Environment to continue.
# Native memory allocation (malloc) failed to allocate 43696 bytes for Chunk::new
# Possible reasons:
#   The system is out of physical RAM or swap space
#   The process is running with CompressedOops enabled, and the Java Heap may be blocking the growth of the native heap
# Possible solutions:
#   Reduce memory load on the system
#   Increase physical memory or swap space
#   Check if swap backing store is full
#   Decrease Java heap size (-Xmx/-Xms)
#   Decrease number of Java threads
#   Decrease Java thread stack sizes (-Xss)
#   Set larger code cache with -XX:ReservedCodeCacheSize=
#   JVM is running with Unscaled Compressed Oops mode in which the Java heap is
#     placed in the first 4GB address space. The Java Heap base address is the
#     maximum limit for the native heap growth. Please use -XX:HeapBaseMinAddress
#     to set the Java Heap base and to place the Java Heap above 4GB virtual address.
# This output file may be truncated or incomplete.
#
#  Out of Memory Error (allocation.cpp:389), pid=9376, tid=0x0000000000001c7c
#
# JRE version: Java(TM) SE Runtime Environment (8.0_271-b09) (build 1.8.0_271-b09)
# Java VM: Java HotSpot(TM) 64-Bit Server VM (25.271-b09 mixed mode windows-amd64 compressed oops)
# Failed to write core dump. Minidumps are not enabled by default on client versions of Windows
#

---------------  T H R E A D  ---------------

Current thread (0x000001d7fded8000):  
[error occurred during error reporting (printing current thread), id 0xc0000005]

Stack: [0x000000affc500000,0x000000affc600000]
Native frames: (J=compiled Java code, j=interpreted, Vv=VM code, C=native code)
V  [jvm.dll+0x33f6c9]


Current CompileTask:
C2:  33726  831       4       java.lang.StringBuilder::append (8 bytes)


---------------  P R O C E S S  ---------------

Java Threads: ( => current thread )
  0x000001d7fecc7000 JavaThread "SeedGenerator Thread" daemon [_thread_in_vm, id=2708, stack(0x000000affcc00000,0x000000affcd00000)]
  0x000001d7feadd800 JavaThread "SeedGenerator Thread" daemon [_thread_in_Java, id=9296, stack(0x000000affcb00000,0x000000affcc00000)]
  0x000001d7ff573800 JavaThread "pool-1-thread-1" [_thread_blocked, id=3644, stack(0x000000affca00000,0x000000affcb00000)]
  0x000001d7fdf67800 JavaThread "Service Thread" daemon [_thread_blocked, id=1768, stack(0x000000affc800000,0x000000affc900000)]
  0x000001d7fdeea000 JavaThread "C1 CompilerThread2" daemon [_thread_blocked, id=6352, stack(0x000000affc700000,0x000000affc800000)]
  0x000001d7fdedc800 JavaThread "C2 CompilerThread1" daemon [_thread_blocked, id=2228, stack(0x000000affc600000,0x000000affc700000)]
=>0x000001d7fded8000 JavaThread "C2 CompilerThread0" daemon [_thread_in_native, id=7292, stack(0x000000affc500000,0x000000affc600000)]
  0x000001d7fded6800 JavaThread "Attach Listener" daemon [_thread_blocked, id=5348, stack(0x000000affc400000,0x000000affc500000)]
  0x000001d7fded5800 JavaThread "Signal Dispatcher" daemon [_thread_blocked, id=5092, stack(0x000000affc300000,0x000000affc400000)]
  0x000001d7fd786000 JavaThread "Finalizer" daemon [_thread_blocked, id=2864, stack(0x000000affc200000,0x000000affc300000)]
  0x000001d7fdeb6000 JavaThread "Reference Handler" daemon [_thread_blocked, id=9360, stack(0x000000affc100000,0x000000affc200000)]
  0x000001d7fb014800 JavaThread "main" [_thread_in_native, id=8532, stack(0x000000affbb00000,0x000000affbc00000)]

Other Threads:
  0x000001d7fde94000 VMThread [stack: 0x000000affc000000,0x000000affc100000] [id=2104]
  0x000001d7fdf82800 WatcherThread [stack: 0x000000affc900000,0x000000affca00000] [id=3292]

VM state:not at safepoint (normal execution)

VM Mutex/Monitor currently owned by a thread: None

heap address: 0x00000000fc000000, size: 64 MB, Compressed Oops mode: 32-bit
Narrow klass base: 0x0000000000000000, Narrow klass shift: 3
Compressed class space size: 1073741824 Address: 0x0000000100000000

Heap:
 PSYoungGen      total 18944K, used 5145K [0x00000000feb00000, 0x0000000100000000, 0x0000000100000000)
  eden space 16384K, 31% used [0x00000000feb00000,0x00000000ff006418,0x00000000ffb00000)
  from space 2560K, 0% used [0x00000000ffb00000,0x00000000ffb00000,0x00000000ffd80000)
  to   space 2560K, 0% used [0x00000000ffd80000,0x00000000ffd80000,0x0000000100000000)
 ParOldGen       total 44032K, used 2302K [0x00000000fc000000, 0x00000000feb00000, 0x00000000feb00000)
  object space 44032K, 5% used [0x00000000fc000000,0x00000000fc23f9c0,0x00000000feb00000)
 Metaspace       used 10011K, capacity 10308K, committed 10496K, reserved 1062912K
  class space    used 1366K, capacity 1476K, committed 1536K, reserved 1048576K

Card table byte_map: [0x000001d7fafa0000,0x000001d7fafd0000] byte_map_base: 0x000001d7fa7c0000

Marking Bits: (ParMarkBitMap*) 0x0000000076b07fe0
 Begin Bits: [0x000001d7fcc70000, 0x000001d7fcd70000)
 End Bits:   [0x000001d7fcd70000, 0x000001d7fce70000)

Polling page: 0x000001d7faf70000

CodeCache: size=245760Kb used=3321Kb max_used=3324Kb free=242438Kb
 bounds [0x000001d780000000, 0x000001d780350000, 0x000001d78f000000]
 total_blobs=1214 nmethods=887 adapters=240
 compilation: enabled

Compilation events (10 events):
Event: 32.027 Thread 0x000001d7fded8000  830       4       java.lang.AbstractStringBuilder::<init> (12 bytes)
Event: 32.028 Thread 0x000001d7fdeea000 nmethod 829 0x000001d78031d250 code [0x000001d78031d3c0, 0x000001d78031d5f0]
Event: 32.032 Thread 0x000001d7fded8000 nmethod 830 0x000001d780320410 code [0x000001d780320560, 0x000001d780320698]
Event: 32.036 Thread 0x000001d7fded8000  831       4       java.lang.StringBuilder::append (8 bytes)
Event: 32.036 Thread 0x000001d7fdeea000  832       3       java.util.ArrayList::<init> (61 bytes)
Event: 32.038 Thread 0x000001d7fdeea000 nmethod 832 0x000001d78031f310 code [0x000001d78031f520, 0x000001d78031ffa0]
Event: 32.038 Thread 0x000001d7fdeea000  833       3       sun.reflect.generics.parser.SignatureParser::parseIdentifier (115 bytes)
Event: 32.042 Thread 0x000001d7fdeea000 nmethod 833 0x000001d78031d990 code [0x000001d78031dc00, 0x000001d78031ead0]
Event: 32.042 Thread 0x000001d7fdeea000  834       1       org.gradle.internal.service.DefaultServiceRegistry$OwnServices::access$1100 (5 bytes)
Event: 32.043 Thread 0x000001d7fdeea000 nmethod 834 0x000001d78031d6d0 code [0x000001d78031d820, 0x000001d78031d918]

GC Heap History (7 events):
Event: 3.572 GC heap before
{Heap before GC invocations=1 (full 0):
 PSYoungGen      total 18944K, used 16384K [0x00000000feb00000, 0x0000000100000000, 0x0000000100000000)
  eden space 16384K, 100% used [0x00000000feb00000,0x00000000ffb00000,0x00000000ffb00000)
  from space 2560K, 0% used [0x00000000ffd80000,0x00000000ffd80000,0x0000000100000000)
  to   space 2560K, 0% used [0x00000000ffb00000,0x00000000ffb00000,0x00000000ffd80000)
 ParOldGen       total 44032K, used 0K [0x00000000fc000000, 0x00000000feb00000, 0x00000000feb00000)
  object space 44032K, 0% used [0x00000000fc000000,0x00000000fc000000,0x00000000feb00000)
 Metaspace       used 5765K, capacity 6022K, committed 6272K, reserved 1056768K
  class space    used 691K, capacity 773K, committed 896K, reserved 1048576K
Event: 3.577 GC heap after
Heap after GC invocations=1 (full 0):
 PSYoungGen      total 18944K, used 2549K [0x00000000feb00000, 0x0000000100000000, 0x0000000100000000)
  eden space 16384K, 0% used [0x00000000feb00000,0x00000000feb00000,0x00000000ffb00000)
  from space 2560K, 99% used [0x00000000ffb00000,0x00000000ffd7d548,0x00000000ffd80000)
  to   space 2560K, 0% used [0x00000000ffd80000,0x00000000ffd80000,0x0000000100000000)
 ParOldGen       total 44032K, used 34K [0x00000000fc000000, 0x00000000feb00000, 0x00000000feb00000)
  object space 44032K, 0% used [0x00000000fc000000,0x00000000fc008980,0x00000000feb00000)
 Metaspace       used 5765K, capacity 6022K, committed 6272K, reserved 1056768K
  class space    used 691K, capacity 773K, committed 896K, reserved 1048576K
}
Event: 31.236 GC heap before
{Heap before GC invocations=2 (full 0):
 PSYoungGen      total 18944K, used 18933K [0x00000000feb00000, 0x0000000100000000, 0x0000000100000000)
  eden space 16384K, 100% used [0x00000000feb00000,0x00000000ffb00000,0x00000000ffb00000)
  from space 2560K, 99% used [0x00000000ffb00000,0x00000000ffd7d548,0x00000000ffd80000)
  to   space 2560K, 0% used [0x00000000ffd80000,0x00000000ffd80000,0x0000000100000000)
 ParOldGen       total 44032K, used 34K [0x00000000fc000000, 0x00000000feb00000, 0x00000000feb00000)
  object space 44032K, 0% used [0x00000000fc000000,0x00000000fc008980,0x00000000feb00000)
 Metaspace       used 8934K, capacity 9264K, committed 9600K, reserved 1058816K
  class space    used 1195K, capacity 1280K, committed 1408K, reserved 1048576K
Event: 31.240 GC heap after
Heap after GC invocations=2 (full 0):
 PSYoungGen      total 18944K, used 2544K [0x00000000feb00000, 0x0000000100000000, 0x0000000100000000)
  eden space 16384K, 0% used [0x00000000feb00000,0x00000000feb00000,0x00000000ffb00000)
  from space 2560K, 99% used [0x00000000ffd80000,0x00000000ffffc030,0x0000000100000000)
  to   space 2560K, 0% used [0x00000000ffb00000,0x00000000ffb00000,0x00000000ffd80000)
 ParOldGen       total 44032K, used 1437K [0x00000000fc000000, 0x00000000feb00000, 0x00000000feb00000)
  object space 44032K, 3% used [0x00000000fc000000,0x00000000fc1677f0,0x00000000feb00000)
 Metaspace       used 8934K, capacity 9264K, committed 9600K, reserved 1058816K
  class space    used 1195K, capacity 1280K, committed 1408K, reserved 1048576K
}
Event: 32.049 GC heap before
{Heap before GC invocations=3 (full 0):
 PSYoungGen      total 18944K, used 4229K [0x00000000feb00000, 0x0000000100000000, 0x0000000100000000)
  eden space 16384K, 10% used [0x00000000feb00000,0x00000000feca5788,0x00000000ffb00000)
  from space 2560K, 99% used [0x00000000ffd80000,0x00000000ffffc030,0x0000000100000000)
  to   space 2560K, 0% used [0x00000000ffb00000,0x00000000ffb00000,0x00000000ffd80000)
 ParOldGen       total 44032K, used 1437K [0x00000000fc000000, 0x00000000feb00000, 0x00000000feb00000)
  object space 44032K, 3% used [0x00000000fc000000,0x00000000fc1677f0,0x00000000feb00000)
 Metaspace       used 9165K, capacity 9456K, committed 9600K, reserved 1062912K
  class space    used 1235K, capacity 1344K, committed 1408K, reserved 1048576K
Event: 32.054 GC heap after
Heap after GC invocations=3 (full 0):
 PSYoungGen      total 18944K, used 2416K [0x00000000feb00000, 0x0000000100000000, 0x0000000100000000)
  eden space 16384K, 0% used [0x00000000feb00000,0x00000000feb00000,0x00000000ffb00000)
  from space 2560K, 94% used [0x00000000ffb00000,0x00000000ffd5c0a8,0x00000000ffd80000)
  to   space 2560K, 0% used [0x00000000ffd80000,0x00000000ffd80000,0x0000000100000000)
 ParOldGen       total 44032K, used 1445K [0x00000000fc000000, 0x00000000feb00000, 0x00000000feb00000)
  object space 44032K, 3% used [0x00000000fc000000,0x00000000fc1697f0,0x00000000feb00000)
 Metaspace       used 9165K, capacity 9456K, committed 9600K, reserved 1062912K
  class space    used 1235K, capacity 1344K, committed 1408K, reserved 1048576K
}
Event: 32.054 GC heap before
{Heap before GC invocations=4 (full 1):
 PSYoungGen      total 18944K, used 2416K [0x00000000feb00000, 0x0000000100000000, 0x0000000100000000)
  eden space 16384K, 0% used [0x00000000feb00000,0x00000000feb00000,0x00000000ffb00000)
  from space 2560K, 94% used [0x00000000ffb00000,0x00000000ffd5c0a8,0x00000000ffd80000)
  to   space 2560K, 0% used [0x00000000ffd80000,0x00000000ffd80000,0x0000000100000000)
 ParOldGen       total 44032K, used 1445K [0x00000000fc000000, 0x00000000feb00000, 0x00000000feb00000)
  object space 44032K, 3% used [0x00000000fc000000,0x00000000fc1697f0,0x00000000feb00000)
 Metaspace       used 9165K, capacity 9456K, committed 9600K, reserved 1062912K
  class space    used 1235K, capacity 1344K, committed 1408K, reserved 1048576K

Deoptimization events (6 events):
Event: 3.510 Thread 0x000001d7fb014800 Uncommon trap: reason=unstable_if action=reinterpret pc=0x000001d7802640d8 method=java.lang.String.indexOf([CII[CIII)I @ 3
Event: 6.601 Thread 0x000001d7fb014800 Uncommon trap: reason=unstable_if action=reinterpret pc=0x000001d7801b8640 method=java.util.regex.Matcher.reset()Ljava/util/regex/Matcher; @ 47
Event: 6.601 Thread 0x000001d7fb014800 Uncommon trap: reason=class_check action=maybe_recompile pc=0x000001d7801c6354 method=java.util.regex.Matcher.match(II)Z @ 86
Event: 6.601 Thread 0x000001d7fb014800 Uncommon trap: reason=class_check action=maybe_recompile pc=0x000001d7801c6354 method=java.util.regex.Matcher.match(II)Z @ 86
Event: 6.888 Thread 0x000001d7fb014800 Uncommon trap: reason=class_check action=maybe_recompile pc=0x000001d7801c6354 method=java.util.regex.Matcher.match(II)Z @ 86
Event: 6.889 Thread 0x000001d7fb014800 Uncommon trap: reason=class_check action=maybe_recompile pc=0x000001d7801c6354 method=java.util.regex.Matcher.match(II)Z @ 86

Classes redefined (0 events):
No events

Internal exceptions (10 events):
Event: 30.652 Thread 0x000001d7fb014800 Exception <a 'java/lang/NoSuchMethodError': java.lang.Object.lambda$static$0(Lorg/gradle/internal/state/ModelObject;)Ljava/lang/String;> (0x00000000ff74b070) thrown at [C:\jenkins\workspace\8-2-build-windows-amd64-cygwin\jdk8u271\605\hotspot\src\share\vm\
Event: 32.008 Thread 0x000001d7fb014800 Exception <a 'java/lang/ArrayIndexOutOfBoundsException'> (0x00000000febe4a80) thrown at [C:\jenkins\workspace\8-2-build-windows-amd64-cygwin\jdk8u271\605\hotspot\src\share\vm\runtime\sharedRuntime.cpp, line 609]
Event: 32.009 Thread 0x000001d7fb014800 Exception <a 'java/lang/ArrayIndexOutOfBoundsException'> (0x00000000febe8c88) thrown at [C:\jenkins\workspace\8-2-build-windows-amd64-cygwin\jdk8u271\605\hotspot\src\share\vm\runtime\sharedRuntime.cpp, line 609]
Event: 32.028 Thread 0x000001d7fb014800 Exception <a 'java/lang/ArrayIndexOutOfBoundsException'> (0x00000000fec53290) thrown at [C:\jenkins\workspace\8-2-build-windows-amd64-cygwin\jdk8u271\605\hotspot\src\share\vm\runtime\sharedRuntime.cpp, line 609]
Event: 32.033 Thread 0x000001d7fb014800 Exception <a 'java/lang/ArrayIndexOutOfBoundsException'> (0x00000000fec54368) thrown at [C:\jenkins\workspace\8-2-build-windows-amd64-cygwin\jdk8u271\605\hotspot\src\share\vm\runtime\sharedRuntime.cpp, line 609]
Event: 32.034 Thread 0x000001d7fb014800 Exception <a 'java/lang/ArrayIndexOutOfBoundsException'> (0x00000000fec55cc0) thrown at [C:\jenkins\workspace\8-2-build-windows-amd64-cygwin\jdk8u271\605\hotspot\src\share\vm\runtime\sharedRuntime.cpp, line 609]
Event: 32.034 Thread 0x000001d7fb014800 Exception <a 'java/lang/ArrayIndexOutOfBoundsException'> (0x00000000fec587b8) thrown at [C:\jenkins\workspace\8-2-build-windows-amd64-cygwin\jdk8u271\605\hotspot\src\share\vm\runtime\sharedRuntime.cpp, line 609]
Event: 32.035 Thread 0x000001d7fb014800 Exception <a 'java/lang/ArrayIndexOutOfBoundsException'> (0x00000000fec5a338) thrown at [C:\jenkins\workspace\8-2-build-windows-amd64-cygwin\jdk8u271\605\hotspot\src\share\vm\runtime\sharedRuntime.cpp, line 609]
Event: 32.036 Thread 0x000001d7fb014800 Exception <a 'java/lang/ArrayIndexOutOfBoundsException'> (0x00000000fec5dab8) thrown at [C:\jenkins\workspace\8-2-build-windows-amd64-cygwin\jdk8u271\605\hotspot\src\share\vm\runtime\sharedRuntime.cpp, line 609]
Event: 32.036 Thread 0x000001d7fb014800 Exception <a 'java/lang/ArrayIndexOutOfBoundsException'> (0x00000000fec60798) thrown at [C:\jenkins\workspace\8-2-build-windows-amd64-cygwin\jdk8u271\605\hotspot\src\share\vm\runtime\sharedRuntime.cpp, line 609]

Events (10 events):
Event: 32.042 loading class org/gradle/cache/Cache done
Event: 32.044 loading class org/gradle/cache/internal/CacheAccessSerializer
Event: 32.044 loading class org/gradle/cache/internal/CacheAccessSerializer done
Event: 32.047 loading class org/gradle/cache/internal/MapBackedCache
Event: 32.047 loading class org/gradle/cache/internal/MapBackedCache done
Event: 32.047 loading class org/gradle/cache/internal/CacheSupport
Event: 32.047 loading class org/gradle/cache/internal/CacheSupport done
Event: 32.048 loading class org/gradle/internal/concurrent/Synchronizer
Event: 32.048 loading class org/gradle/internal/concurrent/Synchronizer done
Event: 32.049 Executing VM operation: CollectForMetadataAllocation


Dynamic libraries:
0x00007ff7e79b0000 - 0x00007ff7e79f7000 	C:\Program Files\Java\jdk1.8.0_271\bin\java.exe
0x00007ff9ac000000 - 0x00007ff9ac1f0000 	C:\WINDOWS\SYSTEM32\ntdll.dll
0x00007ff9abc70000 - 0x00007ff9abd22000 	C:\WINDOWS\System32\KERNEL32.DLL
0x00007ff9a9090000 - 0x00007ff9a9335000 	C:\WINDOWS\System32\KERNELBASE.dll
0x00007ff9aadf0000 - 0x00007ff9aae93000 	C:\WINDOWS\System32\ADVAPI32.dll
0x00007ff9ab2e0000 - 0x00007ff9ab37e000 	C:\WINDOWS\System32\msvcrt.dll
0x00007ff9abb20000 - 0x00007ff9abbb7000 	C:\WINDOWS\System32\sechost.dll
0x00007ff9aa5e0000 - 0x00007ff9aa700000 	C:\WINDOWS\System32\RPCRT4.dll
0x00007ff9ab6c0000 - 0x00007ff9ab854000 	C:\WINDOWS\System32\USER32.dll
0x00007ff9a9340000 - 0x00007ff9a9361000 	C:\WINDOWS\System32\win32u.dll
0x00007ff9abd30000 - 0x00007ff9abd56000 	C:\WINDOWS\System32\GDI32.dll
0x00007ff9a9b00000 - 0x00007ff9a9c96000 	C:\WINDOWS\System32\gdi32full.dll
0x00007ff9a9f80000 - 0x00007ff9aa01e000 	C:\WINDOWS\System32\msvcp_win.dll
0x00007ff9a8f70000 - 0x00007ff9a906a000 	C:\WINDOWS\System32\ucrtbase.dll
0x00007ff993880000 - 0x00007ff993b04000 	C:\WINDOWS\WinSxS\amd64_microsoft.windows.common-controls_6595b64144ccf1df_6.0.18362.1256_none_9e7e379be45e40e2\COMCTL32.dll
0x00007ff9aafa0000 - 0x00007ff9ab2d6000 	C:\WINDOWS\System32\combase.dll
0x00007ff9aa020000 - 0x00007ff9aa0a1000 	C:\WINDOWS\System32\bcryptPrimitives.dll
0x00007ff9aaea0000 - 0x00007ff9aaece000 	C:\WINDOWS\System32\IMM32.DLL
0x00007ff9a1950000 - 0x00007ff9a1965000 	C:\Program Files\Java\jdk1.8.0_271\jre\bin\vcruntime140.dll
0x00007ff98fdd0000 - 0x00007ff98fe6b000 	C:\Program Files\Java\jdk1.8.0_271\jre\bin\msvcp140.dll
0x0000000076310000 - 0x0000000076b7f000 	C:\Program Files\Java\jdk1.8.0_271\jre\bin\server\jvm.dll
0x00007ff9ab570000 - 0x00007ff9ab578000 	C:\WINDOWS\System32\PSAPI.DLL
0x00007ff99df30000 - 0x00007ff99df39000 	C:\WINDOWS\SYSTEM32\WSOCK32.dll
0x00007ff9ab490000 - 0x00007ff9ab4ff000 	C:\WINDOWS\System32\WS2_32.dll
0x00007ff997210000 - 0x00007ff99721a000 	C:\WINDOWS\SYSTEM32\VERSION.dll
0x00007ff9a64a0000 - 0x00007ff9a64c4000 	C:\WINDOWS\SYSTEM32\WINMM.dll
0x00007ff9a6470000 - 0x00007ff9a649d000 	C:\WINDOWS\SYSTEM32\winmmbase.dll
0x00007ff9a9db0000 - 0x00007ff9a9dfa000 	C:\WINDOWS\System32\cfgmgr32.dll
0x00007ff9a8eb0000 - 0x00007ff9a8ec1000 	C:\WINDOWS\System32\kernel.appcore.dll
0x00007ff99aaa0000 - 0x00007ff99aab0000 	C:\Program Files\Java\jdk1.8.0_271\jre\bin\verify.dll
0x00007ff991e00000 - 0x00007ff991e2b000 	C:\Program Files\Java\jdk1.8.0_271\jre\bin\java.dll
0x00007ff995550000 - 0x00007ff995568000 	C:\Program Files\Java\jdk1.8.0_271\jre\bin\zip.dll
0x00007ff9aa700000 - 0x00007ff9aade7000 	C:\WINDOWS\System32\SHELL32.dll
0x00007ff9abbc0000 - 0x00007ff9abc69000 	C:\WINDOWS\System32\shcore.dll
0x00007ff9a9370000 - 0x00007ff9a9af1000 	C:\WINDOWS\System32\windows.storage.dll
0x00007ff9a8f40000 - 0x00007ff9a8f63000 	C:\WINDOWS\System32\profapi.dll
0x00007ff9a8ed0000 - 0x00007ff9a8f1a000 	C:\WINDOWS\System32\powrprof.dll
0x00007ff9a8ea0000 - 0x00007ff9a8eb0000 	C:\WINDOWS\System32\UMPDC.dll
0x00007ff9aa520000 - 0x00007ff9aa572000 	C:\WINDOWS\System32\shlwapi.dll
0x00007ff9a9070000 - 0x00007ff9a9087000 	C:\WINDOWS\System32\cryptsp.dll
0x00007ff9937e0000 - 0x00007ff9937fc000 	C:\Program Files\Java\jdk1.8.0_271\jre\bin\net.dll
0x00007ff9a8690000 - 0x00007ff9a86f7000 	C:\WINDOWS\system32\mswsock.dll
0x00007ff991ea0000 - 0x00007ff991eb3000 	C:\Program Files\Java\jdk1.8.0_271\jre\bin\nio.dll
0x00007ff98ff80000 - 0x00007ff98ffa7000 	C:\Users\dell 5450\.gradle\native\fdc75f09e3144964f2cf3f50f0aa648679c211496f362492102eb8c894070792\windows-amd64\native-platform.dll
0x00007ff988dd0000 - 0x00007ff988f66000 	C:\Users\dell 5450\.gradle\native\12488b8bf47d2d4c9fbf2f6322a914ad602e24e48041cd04a747c6da556b65c4\windows-amd64\native-platform-file-events.dll
0x00007ff9a1a20000 - 0x00007ff9a1a2a000 	C:\Users\dell 5450\.gradle\native\jansi\1.18\windows64\jansi.dll
0x00007ff993400000 - 0x00007ff99340d000 	C:\Program Files\Java\jdk1.8.0_271\jre\bin\management.dll
0x00007ff9a8200000 - 0x00007ff9a8233000 	C:\WINDOWS\system32\rsaenh.dll
0x00007ff9a9f50000 - 0x00007ff9a9f76000 	C:\WINDOWS\System32\bcrypt.dll
0x00007ff9a8dc0000 - 0x00007ff9a8de5000 	C:\WINDOWS\SYSTEM32\USERENV.dll

VM Arguments:
jvm_args: -Xmx64m -Xms64m -Dorg.gradle.appname=gradle 
java_command: org.gradle.launcher.GradleMain assembleRelease
java_class_path (initial): C:\Users\dell 5450\Downloads\gradle-6.8.3-bin\gradle-6.8.3\lib\gradle-launcher-6.8.3.jar
Launcher Type: SUN_STANDARD

Environment Variables:
JAVA_HOME=C:\Program Files\Java\jdk1.8.0_271
CLASSPATH=C:\Users\dell 5450\Downloads\gradle-6.8.3-bin\gradle-6.8.3\lib\gradle-launcher-6.8.3.jar
PATH=C:\Program Files (x86)\Common Files\Oracle\Java\javapath;C:\WINDOWS\system32;C:\WINDOWS;C:\WINDOWS\System32\Wbem;C:\WINDOWS\System32\WindowsPowerShell\v1.0\;C:\WINDOWS\System32\OpenSSH\;%PY_HOME%\Scripts\;C:\Program Files\Git\cmd;C:\Users\dell 5450\Downloads\chromedriver_win32 (1);C:\Users\dell 5450\.bzt\selenium-taurus\tools\geckodriver\0.23.0;C:\Program Files\Google\Chrome\Application;C:\Program Files\nodejs\;C:\Users\dell 5450\Downloads\gradle-6.8.3-bin\gradle-6.8.3\bin;C:\Program Files\CMake\bin;C:\Users\dell 5450\AppData\Local\Microsoft\WindowsApps;C:\Users\dell 5450\AppData\Local\Programs\Fiddler;%PY_HOME%\Scripts\;C:\Users\dell 5450\AppData\Roaming\npm;C:\Users\dell 5450\AppData\Local\Programs\Microsoft VS Code\bin
USERNAME=dell 5450
OS=Windows_NT
PROCESSOR_IDENTIFIER=Intel64 Family 6 Model 61 Stepping 4, GenuineIntel



---------------  S Y S T E M  ---------------

OS: Windows 10.0 , 64 bit Build 18362 (10.0.18362.1110)

CPU:total 4 (initial active 4) (2 cores per cpu, 2 threads per core) family 6 model 61 stepping 4, cmov, cx8, fxsr, mmx, sse, sse2, sse3, ssse3, sse4.1, sse4.2, popcnt, avx, avx2, aes, clmul, erms, rtm, 3dnowpref, lzcnt, ht, tsc, tscinvbit, bmi1, bmi2, adx

Memory: 4k page, physical 4082328k(123340k free), swap 5509784k(0k free)

vm_info: Java HotSpot(TM) 64-Bit Server VM (25.271-b09) for windows-amd64 JRE (1.8.0_271-b09), built on Sep 16 2020 19:14:59 by "" with MS VC++ 15.9 (VS2017)

time: Mon Mar  1 00:09:23 2021
timezone: Hora oficial do Brasil
elapsed time: 34.181213 seconds (0d 0h 0m 34s)

