#
# There is insufficient memory for the Java Runtime Environment to continue.
# Native memory allocation (malloc) failed to allocate 2932496 bytes for Chunk::new
# Possible reasons:
#   The system is out of physical RAM or swap space
#   The process is running with CompressedOops enabled, and the Java Heap may be blocking the growth of the native heap
# Possible solutions:
#   Reduce memory load on the system
#   Increase physical memory or swap space
#   Check if swap backing store is full
#   Decrease Java heap size (-Xmx/-Xms)
#   Decrease number of Java threads
#   Decrease Java thread stack sizes (-Xss)
#   Set larger code cache with -XX:ReservedCodeCacheSize=
#   JVM is running with Unscaled Compressed Oops mode in which the Java heap is
#     placed in the first 4GB address space. The Java Heap base address is the
#     maximum limit for the native heap growth. Please use -XX:HeapBaseMinAddress
#     to set the Java Heap base and to place the Java Heap above 4GB virtual address.
# This output file may be truncated or incomplete.
#
#  Out of Memory Error (allocation.cpp:389), pid=8892, tid=0x0000000000001798
#
# JRE version: Java(TM) SE Runtime Environment (8.0_271-b09) (build 1.8.0_271-b09)
# Java VM: Java HotSpot(TM) 64-Bit Server VM (25.271-b09 mixed mode windows-amd64 compressed oops)
# Failed to write core dump. Minidumps are not enabled by default on client versions of Windows
#

---------------  T H R E A D  ---------------

Current thread (0x0000020f4df08800):  JavaThread "C2 CompilerThread0" daemon [_thread_in_native, id=6040, stack(0x0000009776b00000,0x0000009776c00000)]

Stack: [0x0000009776b00000,0x0000009776c00000]
Native frames: (J=compiled Java code, j=interpreted, Vv=VM code, C=native code)
V  [jvm.dll+0x33f6c9]
V  [jvm.dll+0x286122]
V  [jvm.dll+0x286dcd]
V  [jvm.dll+0x27d805]
V  [jvm.dll+0xe574c]
V  [jvm.dll+0xe5f4c]
V  [jvm.dll+0x480043]
V  [jvm.dll+0x447c30]
V  [jvm.dll+0x450c25]
V  [jvm.dll+0x44ffe5]
V  [jvm.dll+0x43aef7]
V  [jvm.dll+0xbc3eb]
V  [jvm.dll+0xbaa4b]
V  [jvm.dll+0x24e7c2]
V  [jvm.dll+0x2a2dcc]
C  [ucrtbase.dll+0x210b2]
C  [KERNEL32.DLL+0x17c24]
C  [ntdll.dll+0x6d4d1]


Current CompileTask:
C2: 771184 29151 % !   4       com.android.tools.r8.dex.r::c @ 803 (2729 bytes)


---------------  P R O C E S S  ---------------

Java Threads: ( => current thread )
  0x0000020f513e0800 JavaThread "ForkJoinPool-11-worker-0" daemon [_thread_blocked, id=3824, stack(0x0000009702000000,0x0000009702100000)]
  0x0000020f513e6800 JavaThread "ForkJoinPool-11-worker-3" daemon [_thread_blocked, id=10092, stack(0x0000009701f00000,0x0000009702000000)]
  0x0000020f513e5800 JavaThread "ForkJoinPool-11-worker-2" daemon [_thread_blocked, id=8252, stack(0x0000009701e00000,0x0000009701f00000)]
  0x0000020f513e7000 JavaThread "ForkJoinPool-11-worker-1" daemon [_thread_blocked, id=2640, stack(0x0000009701600000,0x0000009701700000)]
  0x0000020f513e5000 JavaThread "ForkJoinPool.commonPool-worker-3" daemon [_thread_blocked, id=6232, stack(0x0000009701200000,0x0000009701300000)]
  0x0000020f513eb800 JavaThread "Exec process Thread 18" daemon [_thread_blocked, id=1876, stack(0x0000009701d00000,0x0000009701e00000)]
  0x0000020f513eb000 JavaThread "Exec process Thread 17" daemon [_thread_blocked, id=9396, stack(0x0000009701c00000,0x0000009701d00000)]
  0x0000020f513dd800 JavaThread "Exec process Thread 16" daemon [_thread_blocked, id=9760, stack(0x0000009701b00000,0x0000009701c00000)]
  0x0000020f513e2000 JavaThread "Exec process Thread 15" daemon [_thread_blocked, id=9624, stack(0x0000009701a00000,0x0000009701b00000)]
  0x0000020f513e1000 JavaThread "Exec process Thread 14" daemon [_thread_blocked, id=5700, stack(0x0000009701900000,0x0000009701a00000)]
  0x0000020f513e4000 JavaThread "Exec process Thread 13" daemon [_thread_blocked, id=4888, stack(0x0000009701800000,0x0000009701900000)]
  0x0000020f513e3800 JavaThread "Exec process Thread 12" daemon [_thread_blocked, id=8452, stack(0x0000009701700000,0x0000009701800000)]
  0x0000020f513df000 JavaThread "Exec process Thread 11" daemon [_thread_blocked, id=1528, stack(0x0000009701500000,0x0000009701600000)]
  0x0000020f513df800 JavaThread "Exec process Thread 10" daemon [_thread_blocked, id=8084, stack(0x0000009701400000,0x0000009701500000)]
  0x0000020f51833800 JavaThread "WorkerExecutor Queue Thread 8" [_thread_in_native, id=1072, stack(0x0000009701100000,0x0000009701200000)]
  0x0000020f5182f800 JavaThread "WorkerExecutor Queue Thread 7" [_thread_blocked, id=6636, stack(0x0000009700b00000,0x0000009700c00000)]
  0x0000020f527f9800 JavaThread "Cache worker for Java compile cache (C:\Users\dell 5450\Documents\Projects\corruptPuzzle\.gradle\6.8.3\javaCompile)" [_thread_blocked, id=5904, stack(0x0000009707400000,0x0000009707500000)]
  0x0000020f527fd000 JavaThread "WorkerExecutor Queue Thread 6" [_thread_blocked, id=388, stack(0x0000009708000000,0x0000009708100000)]
  0x0000020f527fb800 JavaThread "stdout" [_thread_in_native, id=8240, stack(0x0000009707f00000,0x0000009708000000)]
  0x0000020f527ff800 JavaThread "stderr" [_thread_in_native, id=4176, stack(0x0000009707e00000,0x0000009707f00000)]
  0x0000020f527fe800 JavaThread "stdout" [_thread_in_native, id=7100, stack(0x0000009707d00000,0x0000009707e00000)]
  0x0000020f527fc800 JavaThread "stderr" [_thread_in_native, id=5836, stack(0x0000009707c00000,0x0000009707d00000)]
  0x0000020f527fb000 JavaThread "stdout" [_thread_in_native, id=7236, stack(0x0000009707b00000,0x0000009707c00000)]
  0x0000020f52800000 JavaThread "stderr" [_thread_in_native, id=8468, stack(0x0000009707a00000,0x0000009707b00000)]
  0x0000020f527fe000 JavaThread "stdout" [_thread_in_native, id=620, stack(0x0000009707900000,0x0000009707a00000)]
  0x0000020f527f3800 JavaThread "stderr" [_thread_in_native, id=2872, stack(0x0000009707800000,0x0000009707900000)]
  0x0000020f527fa000 JavaThread "pool-8-thread-1" [_thread_blocked, id=5352, stack(0x0000009707700000,0x0000009707800000)]
  0x0000020f527f7000 JavaThread "WorkerExecutor Queue Thread 3" [_thread_blocked, id=9308, stack(0x0000009707500000,0x0000009707600000)]
  0x0000020f527f6800 JavaThread "Cache worker for execution history cache (C:\Users\dell 5450\Documents\Projects\corruptPuzzle\.gradle\6.8.3\executionHistory)" [_thread_blocked, id=8904, stack(0x0000009707200000,0x0000009707300000)]
  0x0000020f527f2000 JavaThread "Execution worker for ':' Thread 3" [_thread_blocked, id=1460, stack(0x0000009707100000,0x0000009707200000)]
  0x0000020f527f8000 JavaThread "Execution worker for ':' Thread 2" [_thread_blocked, id=6068, stack(0x0000009707000000,0x0000009707100000)]
  0x0000020f527f8800 JavaThread "Execution worker for ':'" [_thread_blocked, id=8844, stack(0x0000009706f00000,0x0000009707000000)]
  0x0000020f527f1000 JavaThread "pool-7-thread-1" [_thread_blocked, id=8800, stack(0x0000009706e00000,0x0000009706f00000)]
  0x0000020f51832800 JavaThread "Build operations Thread 4" [_thread_blocked, id=6788, stack(0x0000009701000000,0x0000009701100000)]
  0x0000020f51835000 JavaThread "Build operations Thread 3" [_thread_blocked, id=5696, stack(0x0000009700f00000,0x0000009701000000)]
  0x0000020f51831000 JavaThread "Build operations Thread 2" [_thread_blocked, id=2660, stack(0x0000009700e00000,0x0000009700f00000)]
  0x0000020f51830800 JavaThread "Build operations" [_thread_blocked, id=2544, stack(0x0000009700d00000,0x0000009700e00000)]
  0x0000020f51829000 JavaThread "Cache worker for Build Output Cleanup Cache (C:\Users\dell 5450\Documents\Projects\corruptPuzzle\.gradle\buildOutputCleanup)" [_thread_blocked, id=3744, stack(0x0000009700c00000,0x0000009700d00000)]
  0x0000020f5182f000 JavaThread "Cache worker for cache directory md-rule (C:\Users\dell 5450\.gradle\caches\6.8.3\md-rule)" [_thread_blocked, id=5868, stack(0x0000009700a00000,0x0000009700b00000)]
  0x0000020f5182e000 JavaThread "Cache worker for cache directory md-supplier (C:\Users\dell 5450\.gradle\caches\6.8.3\md-supplier)" [_thread_blocked, id=5484, stack(0x0000009700900000,0x0000009700a00000)]
  0x0000020f5182d800 JavaThread "Cache worker for checksums cache (C:\Users\dell 5450\Documents\Projects\corruptPuzzle\.gradle\checksums)" [_thread_blocked, id=5684, stack(0x0000009700800000,0x0000009700900000)]
  0x0000020f51828000 JavaThread "Cache worker for file hash cache (C:\Users\dell 5450\Documents\Projects\corruptPuzzle\.gradle\6.8.3\fileHashes)" [_thread_blocked, id=3724, stack(0x0000009700700000,0x0000009700800000)]
  0x0000020f51826000 JavaThread "Daemon client event forwarder" [_thread_blocked, id=8076, stack(0x0000009700600000,0x0000009700700000)]
  0x0000020f51827800 JavaThread "Stdin handler" [_thread_blocked, id=900, stack(0x0000009700500000,0x0000009700600000)]
  0x0000020f5182c800 JavaThread "Asynchronous log dispatcher for DefaultDaemonConnection: socket connection from /127.0.0.1:56457 to /127.0.0.1:56619" [_thread_blocked, id=5412, stack(0x0000009700400000,0x0000009700500000)]
  0x0000020f51826800 JavaThread "Daemon worker Thread 3" [_thread_blocked, id=6044, stack(0x0000009700300000,0x0000009700400000)]
  0x0000020f5182a800 JavaThread "Cancel handler" [_thread_blocked, id=2960, stack(0x0000009700200000,0x0000009700300000)]
  0x0000020f5182c000 JavaThread "Handler for socket connection from /127.0.0.1:56457 to /127.0.0.1:56619" [_thread_in_native, id=9084, stack(0x0000009700100000,0x0000009700200000)]
  0x0000020f5182b000 JavaThread "Daemon Thread 3" [_thread_blocked, id=7016, stack(0x0000009700000000,0x0000009700100000)]
  0x0000020f56f06800 JavaThread "Cache worker for Java compile cache (C:\Users\dell 5450\.gradle\caches\6.8.3\javaCompile)" [_thread_blocked, id=2940, stack(0x000000977f800000,0x000000977f900000)]
  0x0000020f5106b800 JavaThread "Memory manager" [_thread_blocked, id=3540, stack(0x000000977e900000,0x000000977ea00000)]
  0x0000020f513de000 JavaThread "Cache worker for file content cache (C:\Users\dell 5450\.gradle\caches\6.8.3\fileContent)" [_thread_blocked, id=2312, stack(0x0000009778500000,0x0000009778600000)]
  0x0000020f507bb800 JavaThread "Cache worker for execution history cache (C:\Users\dell 5450\.gradle\caches\6.8.3\executionHistory)" [_thread_blocked, id=3000, stack(0x0000009778300000,0x0000009778400000)]
  0x0000020f507bc800 JavaThread "Cache worker for journal cache (C:\Users\dell 5450\.gradle\caches\journal-1)" [_thread_blocked, id=5932, stack(0x0000009777e00000,0x0000009777f00000)]
  0x0000020f507bf800 JavaThread "File lock request listener" [_thread_in_native, id=10168, stack(0x0000009777d00000,0x0000009777e00000)]
  0x0000020f507bb000 JavaThread "Cache worker for file hash cache (C:\Users\dell 5450\.gradle\caches\6.8.3\fileHashes)" [_thread_blocked, id=7428, stack(0x0000009777c00000,0x0000009777d00000)]
  0x0000020f5084e800 JavaThread "Daemon periodic checks" [_thread_blocked, id=8412, stack(0x0000009777400000,0x0000009777500000)]
  0x0000020f506f8800 JavaThread "Incoming local TCP Connector on port 56457" [_thread_in_native, id=7212, stack(0x0000009777300000,0x0000009777400000)]
  0x0000020f5054d000 JavaThread "Daemon health stats" [_thread_blocked, id=8112, stack(0x0000009777000000,0x0000009777100000)]
  0x0000020f4dfa0800 JavaThread "Service Thread" daemon [_thread_blocked, id=9736, stack(0x0000009776e00000,0x0000009776f00000)]
  0x0000020f4df1d000 JavaThread "C1 CompilerThread2" daemon [_thread_blocked, id=2772, stack(0x0000009776d00000,0x0000009776e00000)]
  0x0000020f4df0e000 JavaThread "C2 CompilerThread1" daemon [_thread_blocked, id=9352, stack(0x0000009776c00000,0x0000009776d00000)]
=>0x0000020f4df08800 JavaThread "C2 CompilerThread0" daemon [_thread_in_native, id=6040, stack(0x0000009776b00000,0x0000009776c00000)]
  0x0000020f4df07000 JavaThread "Attach Listener" daemon [_thread_blocked, id=8568, stack(0x0000009776a00000,0x0000009776b00000)]
  0x0000020f4df06000 JavaThread "Signal Dispatcher" daemon [_thread_blocked, id=8792, stack(0x0000009776900000,0x0000009776a00000)]
  0x0000020f4d7b9000 JavaThread "Finalizer" daemon [_thread_blocked, id=9696, stack(0x0000009776800000,0x0000009776900000)]
  0x0000020f4d7b2000 JavaThread "Reference Handler" daemon [_thread_blocked, id=7384, stack(0x0000009776700000,0x0000009776800000)]
  0x0000020f39bb4800 JavaThread "main" [_thread_blocked, id=8220, stack(0x0000009776100000,0x0000009776200000)]

Other Threads:
  0x0000020f4dec3800 VMThread [stack: 0x0000009776600000,0x0000009776700000] [id=952]
  0x0000020f4dfc2800 WatcherThread [stack: 0x0000009776f00000,0x0000009777000000] [id=6320]

VM state:not at safepoint (normal execution)

VM Mutex/Monitor currently owned by a thread: None

OutOfMemory and StackOverflow Exception counts:
OutOfMemoryError java_heap_errors=1

heap address: 0x00000000c0000000, size: 1024 MB, Compressed Oops mode: 32-bit
Narrow klass base: 0x0000000000000000, Narrow klass shift: 3
Compressed class space size: 1073741824 Address: 0x0000000100000000

Heap:
 PSYoungGen      total 232960K, used 137322K [0x00000000eab00000, 0x0000000100000000, 0x0000000100000000)
  eden space 116736K, 73% used [0x00000000eab00000,0x00000000efed5f20,0x00000000f1d00000)
  from space 116224K, 44% used [0x00000000f1d00000,0x00000000f4f44b60,0x00000000f8e80000)
  to   space 116224K, 0% used [0x00000000f8e80000,0x00000000f8e80000,0x0000000100000000)
 ParOldGen       total 305664K, used 176629K [0x00000000c0000000, 0x00000000d2a80000, 0x00000000eab00000)
  object space 305664K, 57% used [0x00000000c0000000,0x00000000cac7d7b0,0x00000000d2a80000)
 Metaspace       used 151694K, capacity 159877K, committed 160256K, reserved 1187840K
  class space    used 19620K, capacity 21081K, committed 21248K, reserved 1048576K

Card table byte_map: [0x0000020f4a950000,0x0000020f4ab60000] byte_map_base: 0x0000020f4a350000

Marking Bits: (ParMarkBitMap*) 0x0000000076b07fe0
 Begin Bits: [0x0000020f4acc0000, 0x0000020f4bcc0000)
 End Bits:   [0x0000020f4bcc0000, 0x0000020f4ccc0000)

Polling page: 0x0000020f39ca0000

CodeCache: size=245760Kb used=81078Kb max_used=81098Kb free=164681Kb
 bounds [0x0000020f3b590000, 0x0000020f40540000, 0x0000020f4a590000]
 total_blobs=23811 nmethods=22825 adapters=897
 compilation: enabled

Compilation events (10 events):
Event: 770.805 Thread 0x0000020f4df0e000 29324       4       com.android.tools.r8.dex.r$$Lambda$1640/1741363497::accept (12 bytes)
Event: 770.816 Thread 0x0000020f4df0e000 nmethod 29324 0x0000020f405265d0 code [0x0000020f405267a0, 0x0000020f40527000]
Event: 770.816 Thread 0x0000020f4df0e000 29348   !   4       com.android.tools.r8.graph.i0::toString (17 bytes)
Event: 770.821 Thread 0x0000020f4df0e000 nmethod 29348 0x0000020f40516e10 code [0x0000020f40516f80, 0x0000020f405173e8]
Event: 770.821 Thread 0x0000020f4df0e000 29347       4       java.util.IdentityHashMap$IdentityHashMapIterator::nextIndex (72 bytes)
Event: 770.822 Thread 0x0000020f4df0e000 nmethod 29347 0x0000020f40517810 code [0x0000020f40517940, 0x0000020f405179f8]
Event: 770.822 Thread 0x0000020f4df0e000 29349       4       java.util.IdentityHashMap$KeyIterator::next (13 bytes)
Event: 770.823 Thread 0x0000020f4df0e000 nmethod 29349 0x0000020f40511450 code [0x0000020f405115a0, 0x0000020f405116b8]
Event: 770.823 Thread 0x0000020f4df0e000 29345       4       com.android.tools.r8.graph.v::equals (57 bytes)
Event: 770.879 Thread 0x0000020f4df0e000 nmethod 29345 0x0000020f4052da10 code [0x0000020f4052dd40, 0x0000020f40530378]

GC Heap History (10 events):
Event: 766.000 GC heap before
{Heap before GC invocations=47 (full 5):
 PSYoungGen      total 232960K, used 231558K [0x00000000eab00000, 0x0000000100000000, 0x0000000100000000)
  eden space 116736K, 98% used [0x00000000eab00000,0x00000000f1ba9408,0x00000000f1d00000)
  from space 116224K, 99% used [0x00000000f1d00000,0x00000000f8e78780,0x00000000f8e80000)
  to   space 116224K, 0% used [0x00000000f8e80000,0x00000000f8e80000,0x0000000100000000)
 ParOldGen       total 232960K, used 157652K [0x00000000c0000000, 0x00000000ce380000, 0x00000000eab00000)
  object space 232960K, 67% used [0x00000000c0000000,0x00000000c99f5208,0x00000000ce380000)
 Metaspace       used 150322K, capacity 158547K, committed 158720K, reserved 1187840K
  class space    used 19452K, capacity 20934K, committed 20992K, reserved 1048576K
Event: 766.163 GC heap after
Heap after GC invocations=47 (full 5):
 PSYoungGen      total 232960K, used 116210K [0x00000000eab00000, 0x0000000100000000, 0x0000000100000000)
  eden space 116736K, 0% used [0x00000000eab00000,0x00000000eab00000,0x00000000f1d00000)
  from space 116224K, 99% used [0x00000000f8e80000,0x00000000ffffc9e0,0x0000000100000000)
  to   space 116224K, 0% used [0x00000000f1d00000,0x00000000f1d00000,0x00000000f8e80000)
 ParOldGen       total 232960K, used 182656K [0x00000000c0000000, 0x00000000ce380000, 0x00000000eab00000)
  object space 232960K, 78% used [0x00000000c0000000,0x00000000cb260000,0x00000000ce380000)
 Metaspace       used 150322K, capacity 158547K, committed 158720K, reserved 1187840K
  class space    used 19452K, capacity 20934K, committed 20992K, reserved 1048576K
}
Event: 766.729 GC heap before
{Heap before GC invocations=48 (full 5):
 PSYoungGen      total 232960K, used 232946K [0x00000000eab00000, 0x0000000100000000, 0x0000000100000000)
  eden space 116736K, 100% used [0x00000000eab00000,0x00000000f1d00000,0x00000000f1d00000)
  from space 116224K, 99% used [0x00000000f8e80000,0x00000000ffffc9e0,0x0000000100000000)
  to   space 116224K, 0% used [0x00000000f1d00000,0x00000000f1d00000,0x00000000f8e80000)
 ParOldGen       total 232960K, used 182656K [0x00000000c0000000, 0x00000000ce380000, 0x00000000eab00000)
  object space 232960K, 78% used [0x00000000c0000000,0x00000000cb260000,0x00000000ce380000)
 Metaspace       used 151245K, capacity 159539K, committed 159744K, reserved 1187840K
  class space    used 19638K, capacity 21122K, committed 21248K, reserved 1048576K
Event: 766.959 GC heap after
Heap after GC invocations=48 (full 5):
 PSYoungGen      total 232960K, used 116218K [0x00000000eab00000, 0x0000000100000000, 0x0000000100000000)
  eden space 116736K, 0% used [0x00000000eab00000,0x00000000eab00000,0x00000000f1d00000)
  from space 116224K, 99% used [0x00000000f1d00000,0x00000000f8e7eba0,0x00000000f8e80000)
  to   space 116224K, 0% used [0x00000000f8e80000,0x00000000f8e80000,0x0000000100000000)
 ParOldGen       total 241664K, used 241626K [0x00000000c0000000, 0x00000000cec00000, 0x00000000eab00000)
  object space 241664K, 99% used [0x00000000c0000000,0x00000000cebf6980,0x00000000cec00000)
 Metaspace       used 151245K, capacity 159539K, committed 159744K, reserved 1187840K
  class space    used 19638K, capacity 21122K, committed 21248K, reserved 1048576K
}
Event: 766.959 GC heap before
{Heap before GC invocations=49 (full 6):
 PSYoungGen      total 232960K, used 116218K [0x00000000eab00000, 0x0000000100000000, 0x0000000100000000)
  eden space 116736K, 0% used [0x00000000eab00000,0x00000000eab00000,0x00000000f1d00000)
  from space 116224K, 99% used [0x00000000f1d00000,0x00000000f8e7eba0,0x00000000f8e80000)
  to   space 116224K, 0% used [0x00000000f8e80000,0x00000000f8e80000,0x0000000100000000)
 ParOldGen       total 241664K, used 241626K [0x00000000c0000000, 0x00000000cec00000, 0x00000000eab00000)
  object space 241664K, 99% used [0x00000000c0000000,0x00000000cebf6980,0x00000000cec00000)
 Metaspace       used 151245K, capacity 159539K, committed 159744K, reserved 1187840K
  class space    used 19638K, capacity 21122K, committed 21248K, reserved 1048576K
Event: 767.719 GC heap after
Heap after GC invocations=49 (full 6):
 PSYoungGen      total 232960K, used 0K [0x00000000eab00000, 0x0000000100000000, 0x0000000100000000)
  eden space 116736K, 0% used [0x00000000eab00000,0x00000000eab00000,0x00000000f1d00000)
  from space 116224K, 0% used [0x00000000f1d00000,0x00000000f1d00000,0x00000000f8e80000)
  to   space 116224K, 0% used [0x00000000f8e80000,0x00000000f8e80000,0x0000000100000000)
 ParOldGen       total 305664K, used 176613K [0x00000000c0000000, 0x00000000d2a80000, 0x00000000eab00000)
  object space 305664K, 57% used [0x00000000c0000000,0x00000000cac797b0,0x00000000d2a80000)
 Metaspace       used 151090K, capacity 159227K, committed 159744K, reserved 1187840K
  class space    used 19590K, capacity 21034K, committed 21248K, reserved 1048576K
}
Event: 768.690 GC heap before
{Heap before GC invocations=50 (full 6):
 PSYoungGen      total 232960K, used 115971K [0x00000000eab00000, 0x0000000100000000, 0x0000000100000000)
  eden space 116736K, 99% used [0x00000000eab00000,0x00000000f1c40fe8,0x00000000f1d00000)
  from space 116224K, 0% used [0x00000000f1d00000,0x00000000f1d00000,0x00000000f8e80000)
  to   space 116224K, 0% used [0x00000000f8e80000,0x00000000f8e80000,0x0000000100000000)
 ParOldGen       total 305664K, used 176613K [0x00000000c0000000, 0x00000000d2a80000, 0x00000000eab00000)
  object space 305664K, 57% used [0x00000000c0000000,0x00000000cac797b0,0x00000000d2a80000)
 Metaspace       used 151269K, capacity 159449K, committed 160000K, reserved 1187840K
  class space    used 19598K, capacity 21037K, committed 21248K, reserved 1048576K
Event: 768.769 GC heap after
Heap after GC invocations=50 (full 6):
 PSYoungGen      total 232960K, used 35140K [0x00000000eab00000, 0x0000000100000000, 0x0000000100000000)
  eden space 116736K, 0% used [0x00000000eab00000,0x00000000eab00000,0x00000000f1d00000)
  from space 116224K, 30% used [0x00000000f8e80000,0x00000000fb0d10f0,0x0000000100000000)
  to   space 116224K, 0% used [0x00000000f1d00000,0x00000000f1d00000,0x00000000f8e80000)
 ParOldGen       total 305664K, used 176621K [0x00000000c0000000, 0x00000000d2a80000, 0x00000000eab00000)
  object space 305664K, 57% used [0x00000000c0000000,0x00000000cac7b7b0,0x00000000d2a80000)
 Metaspace       used 151269K, capacity 159449K, committed 160000K, reserved 1187840K
  class space    used 19598K, capacity 21037K, committed 21248K, reserved 1048576K
}
Event: 770.091 GC heap before
{Heap before GC invocations=51 (full 6):
 PSYoungGen      total 232960K, used 151876K [0x00000000eab00000, 0x0000000100000000, 0x0000000100000000)
  eden space 116736K, 100% used [0x00000000eab00000,0x00000000f1d00000,0x00000000f1d00000)
  from space 116224K, 30% used [0x00000000f8e80000,0x00000000fb0d10f0,0x0000000100000000)
  to   space 116224K, 0% used [0x00000000f1d00000,0x00000000f1d00000,0x00000000f8e80000)
 ParOldGen       total 305664K, used 176621K [0x00000000c0000000, 0x00000000d2a80000, 0x00000000eab00000)
  object space 305664K, 57% used [0x00000000c0000000,0x00000000cac7b7b0,0x00000000d2a80000)
 Metaspace       used 151573K, capacity 159715K, committed 160000K, reserved 1187840K
  class space    used 19605K, capacity 21048K, committed 21248K, reserved 1048576K
Event: 770.162 GC heap after
Heap after GC invocations=51 (full 6):
 PSYoungGen      total 232960K, used 51474K [0x00000000eab00000, 0x0000000100000000, 0x0000000100000000)
  eden space 116736K, 0% used [0x00000000eab00000,0x00000000eab00000,0x00000000f1d00000)
  from space 116224K, 44% used [0x00000000f1d00000,0x00000000f4f44b60,0x00000000f8e80000)
  to   space 116224K, 0% used [0x00000000f8e80000,0x00000000f8e80000,0x0000000100000000)
 ParOldGen       total 305664K, used 176629K [0x00000000c0000000, 0x00000000d2a80000, 0x00000000eab00000)
  object space 305664K, 57% used [0x00000000c0000000,0x00000000cac7d7b0,0x00000000d2a80000)
 Metaspace       used 151573K, capacity 159715K, committed 160000K, reserved 1187840K
  class space    used 19605K, capacity 21048K, committed 21248K, reserved 1048576K
}

Deoptimization events (10 events):
Event: 768.942 Thread 0x0000020f51833800 Uncommon trap: reason=class_check action=maybe_recompile pc=0x0000020f402b42b0 method=com.android.tools.r8.graph.Y.a([Lcom/android/tools/r8/graph/Y;Ljava/util/function/Consumer;)V @ 27
Event: 768.942 Thread 0x0000020f51833800 Uncommon trap: reason=class_check action=maybe_recompile pc=0x0000020f402b42b0 method=com.android.tools.r8.graph.Y.a([Lcom/android/tools/r8/graph/Y;Ljava/util/function/Consumer;)V @ 27
Event: 768.975 Thread 0x0000020f51833800 Uncommon trap: reason=array_check action=maybe_recompile pc=0x0000020f3f951a8c method=java.util.TimSort.binarySort([Ljava/lang/Object;IIILjava/util/Comparator;)V @ 215
Event: 768.976 Thread 0x0000020f51833800 Uncommon trap: reason=array_check action=maybe_recompile pc=0x0000020f3f951a8c method=java.util.TimSort.binarySort([Ljava/lang/Object;IIILjava/util/Comparator;)V @ 215
Event: 769.145 Thread 0x0000020f513e7000 Uncommon trap: reason=unstable_if action=reinterpret pc=0x0000020f3b7c6850 method=java.util.Arrays.equals([Ljava/lang/Object;[Ljava/lang/Object;)Z @ 47
Event: 769.231 Thread 0x0000020f513e7000 Uncommon trap: reason=predicate action=maybe_recompile pc=0x0000020f4028eb24 method=com.android.tools.r8.graph.W0.d(Ljava/util/function/Function;)Lcom/android/tools/r8/utils/q1; @ 63
Event: 769.288 Thread 0x0000020f513e7000 Uncommon trap: reason=unstable_if action=reinterpret pc=0x0000020f3dd35fe4 method=java.util.TimSort.mergeCollapse()V @ 61
Event: 769.542 Thread 0x0000020f513e7000 Uncommon trap: reason=unstable_if action=reinterpret pc=0x0000020f3c20a0bc method=java.lang.Long.numberOfTrailingZeros(J)I @ 3
Event: 769.648 Thread 0x0000020f513e7000 Uncommon trap: reason=unstable_if action=reinterpret pc=0x0000020f3e3817bc method=java.nio.Bits.copyFromArray(Ljava/lang/Object;JJJJ)V @ 18
Event: 769.698 Thread 0x0000020f513e6800 Uncommon trap: reason=unstable_if action=reinterpret pc=0x0000020f3f96e268 method=java.util.TimSort.mergeLo(IIII)V @ 474

Classes redefined (0 events):
No events

Internal exceptions (10 events):
Event: 757.151 Thread 0x0000020f51826800 Exception <a 'java/lang/NoSuchMethodError': <clinit>> (0x00000000ee3d8458) thrown at [C:\jenkins\workspace\8-2-build-windows-amd64-cygwin\jdk8u271\605\hotspot\src\share\vm\prims\jni.cpp, line 1615]
Event: 763.177 Thread 0x0000020f5182f800 Implicit null exception at 0x0000020f3e96a210 to 0x0000020f3e96a331
Event: 763.296 Thread 0x0000020f5182f800 Exception <a 'java/lang/NoSuchMethodError': java.lang.Object.b(Lcom/android/tools/r8/graph/p1$b;)Lcom/android/tools/r8/graph/p1$b;> (0x00000000ef9123a8) thrown at [C:\jenkins\workspace\8-2-build-windows-amd64-cygwin\jdk8u271\605\hotspot\src\share\vm\inter
Event: 763.654 Thread 0x0000020f51826800 Exception <a 'java/lang/NoSuchMethodError': <clinit>> (0x00000000f05f3370) thrown at [C:\jenkins\workspace\8-2-build-windows-amd64-cygwin\jdk8u271\605\hotspot\src\share\vm\prims\jni.cpp, line 1615]
Event: 765.954 Thread 0x0000020f51833800 Exception <a 'sun/nio/fs/WindowsException'> (0x00000000f17538b0) thrown at [C:\jenkins\workspace\8-2-build-windows-amd64-cygwin\jdk8u271\605\hotspot\src\share\vm\prims\jni.cpp, line 710]
Event: 766.392 Thread 0x0000020f513e6800 Implicit null exception at 0x0000020f3bfddf6f to 0x0000020f3bfde061
Event: 769.145 Thread 0x0000020f513e7000 Implicit null exception at 0x0000020f3b7c679a to 0x0000020f3b7c682d
Event: 769.641 Thread 0x0000020f513e7000 Exception <a 'sun/nio/fs/WindowsException'> (0x00000000ee29a3f8) thrown at [C:\jenkins\workspace\8-2-build-windows-amd64-cygwin\jdk8u271\605\hotspot\src\share\vm\prims\jni.cpp, line 710]
Event: 770.821 Thread 0x0000020f513e6800 Exception <a 'sun/nio/fs/WindowsException'> (0x00000000efd5d0d0) thrown at [C:\jenkins\workspace\8-2-build-windows-amd64-cygwin\jdk8u271\605\hotspot\src\share\vm\prims\jni.cpp, line 710]
Event: 770.823 Thread 0x0000020f513e6800 Exception <a 'java/lang/OutOfMemoryError'> (0x00000000efd5db58) thrown at [C:\jenkins\workspace\8-2-build-windows-amd64-cygwin\jdk8u271\605\hotspot\src\share\vm\prims\unsafe.cpp, line 618]

Events (10 events):
Event: 770.823 loading class com/android/tools/r8/utils/Z
Event: 770.823 loading class com/android/tools/r8/utils/Z done
Event: 770.824 Executing VM operation: RevokeBias
Event: 770.824 Executing VM operation: RevokeBias done
Event: 770.824 loading class com/android/tools/r8/utils/ExceptionDiagnostic
Event: 770.824 loading class com/android/tools/r8/utils/ExceptionDiagnostic done
Event: 770.825 loading class com/android/build/gradle/internal/crash/PluginCrashReporter
Event: 770.825 loading class com/android/build/gradle/internal/crash/PluginCrashReporter done
Event: 770.837 loading class com/android/tools/analytics/crash/GoogleCrashReporter
Event: 770.837 loading class com/android/tools/analytics/crash/GoogleCrashReporter done


Dynamic libraries:
0x00007ff7e79b0000 - 0x00007ff7e79f7000 	C:\Program Files\Java\jdk1.8.0_271\bin\java.exe
0x00007ff9ac000000 - 0x00007ff9ac1f0000 	C:\WINDOWS\SYSTEM32\ntdll.dll
0x00007ff9abc70000 - 0x00007ff9abd22000 	C:\WINDOWS\System32\KERNEL32.DLL
0x00007ff9a9090000 - 0x00007ff9a9335000 	C:\WINDOWS\System32\KERNELBASE.dll
0x00007ff9aadf0000 - 0x00007ff9aae93000 	C:\WINDOWS\System32\ADVAPI32.dll
0x00007ff9ab2e0000 - 0x00007ff9ab37e000 	C:\WINDOWS\System32\msvcrt.dll
0x00007ff9abb20000 - 0x00007ff9abbb7000 	C:\WINDOWS\System32\sechost.dll
0x00007ff9aa5e0000 - 0x00007ff9aa700000 	C:\WINDOWS\System32\RPCRT4.dll
0x00007ff9ab6c0000 - 0x00007ff9ab854000 	C:\WINDOWS\System32\USER32.dll
0x00007ff9a9340000 - 0x00007ff9a9361000 	C:\WINDOWS\System32\win32u.dll
0x00007ff9abd30000 - 0x00007ff9abd56000 	C:\WINDOWS\System32\GDI32.dll
0x00007ff9a9b00000 - 0x00007ff9a9c96000 	C:\WINDOWS\System32\gdi32full.dll
0x00007ff9a9f80000 - 0x00007ff9aa01e000 	C:\WINDOWS\System32\msvcp_win.dll
0x00007ff9a8f70000 - 0x00007ff9a906a000 	C:\WINDOWS\System32\ucrtbase.dll
0x00007ff993880000 - 0x00007ff993b04000 	C:\WINDOWS\WinSxS\amd64_microsoft.windows.common-controls_6595b64144ccf1df_6.0.18362.1256_none_9e7e379be45e40e2\COMCTL32.dll
0x00007ff9aafa0000 - 0x00007ff9ab2d6000 	C:\WINDOWS\System32\combase.dll
0x00007ff9aa020000 - 0x00007ff9aa0a1000 	C:\WINDOWS\System32\bcryptPrimitives.dll
0x00007ff9aaea0000 - 0x00007ff9aaece000 	C:\WINDOWS\System32\IMM32.DLL
0x00007ff9a1a20000 - 0x00007ff9a1a35000 	C:\Program Files\Java\jdk1.8.0_271\jre\bin\vcruntime140.dll
0x00007ff996ff0000 - 0x00007ff99708b000 	C:\Program Files\Java\jdk1.8.0_271\jre\bin\msvcp140.dll
0x0000000076310000 - 0x0000000076b7f000 	C:\Program Files\Java\jdk1.8.0_271\jre\bin\server\jvm.dll
0x00007ff9ab570000 - 0x00007ff9ab578000 	C:\WINDOWS\System32\PSAPI.DLL
0x00007ff9a64a0000 - 0x00007ff9a64c4000 	C:\WINDOWS\SYSTEM32\WINMM.dll
0x00007ff9a1960000 - 0x00007ff9a1969000 	C:\WINDOWS\SYSTEM32\WSOCK32.dll
0x00007ff997210000 - 0x00007ff99721a000 	C:\WINDOWS\SYSTEM32\VERSION.dll
0x00007ff9ab490000 - 0x00007ff9ab4ff000 	C:\WINDOWS\System32\WS2_32.dll
0x00007ff9a6470000 - 0x00007ff9a649d000 	C:\WINDOWS\SYSTEM32\winmmbase.dll
0x00007ff9a9db0000 - 0x00007ff9a9dfa000 	C:\WINDOWS\System32\cfgmgr32.dll
0x00007ff9a8eb0000 - 0x00007ff9a8ec1000 	C:\WINDOWS\System32\kernel.appcore.dll
0x00007ff9a1950000 - 0x00007ff9a1960000 	C:\Program Files\Java\jdk1.8.0_271\jre\bin\verify.dll
0x00007ff99db90000 - 0x00007ff99dbbb000 	C:\Program Files\Java\jdk1.8.0_271\jre\bin\java.dll
0x00007ff9995a0000 - 0x00007ff9995b8000 	C:\Program Files\Java\jdk1.8.0_271\jre\bin\zip.dll
0x00007ff9aa700000 - 0x00007ff9aade7000 	C:\WINDOWS\System32\SHELL32.dll
0x00007ff9abbc0000 - 0x00007ff9abc69000 	C:\WINDOWS\System32\shcore.dll
0x00007ff9a9370000 - 0x00007ff9a9af1000 	C:\WINDOWS\System32\windows.storage.dll
0x00007ff9a8f40000 - 0x00007ff9a8f63000 	C:\WINDOWS\System32\profapi.dll
0x00007ff9a8ed0000 - 0x00007ff9a8f1a000 	C:\WINDOWS\System32\powrprof.dll
0x00007ff9a8ea0000 - 0x00007ff9a8eb0000 	C:\WINDOWS\System32\UMPDC.dll
0x00007ff9aa520000 - 0x00007ff9aa572000 	C:\WINDOWS\System32\shlwapi.dll
0x00007ff9a9070000 - 0x00007ff9a9087000 	C:\WINDOWS\System32\cryptsp.dll
0x00007ff999520000 - 0x00007ff99953c000 	C:\Program Files\Java\jdk1.8.0_271\jre\bin\net.dll
0x00007ff9a8690000 - 0x00007ff9a86f7000 	C:\WINDOWS\system32\mswsock.dll
0x00007ff999500000 - 0x00007ff999513000 	C:\Program Files\Java\jdk1.8.0_271\jre\bin\nio.dll
0x00007ff997120000 - 0x00007ff997147000 	C:\Users\dell 5450\.gradle\native\fdc75f09e3144964f2cf3f50f0aa648679c211496f362492102eb8c894070792\windows-amd64\native-platform.dll
0x00007ff987590000 - 0x00007ff987726000 	C:\Users\dell 5450\.gradle\native\12488b8bf47d2d4c9fbf2f6322a914ad602e24e48041cd04a747c6da556b65c4\windows-amd64\native-platform-file-events.dll
0x00007ff99df30000 - 0x00007ff99df3d000 	C:\Program Files\Java\jdk1.8.0_271\jre\bin\management.dll
0x00007ff9a8200000 - 0x00007ff9a8233000 	C:\WINDOWS\system32\rsaenh.dll
0x00007ff9a9f50000 - 0x00007ff9a9f76000 	C:\WINDOWS\System32\bcrypt.dll
0x00007ff9a8dc0000 - 0x00007ff9a8de5000 	C:\WINDOWS\SYSTEM32\USERENV.dll
0x00007ff9a8860000 - 0x00007ff9a886c000 	C:\WINDOWS\SYSTEM32\CRYPTBASE.dll
0x00007ff9a83a0000 - 0x00007ff9a83da000 	C:\WINDOWS\SYSTEM32\IPHLPAPI.DLL
0x00007ff9abe30000 - 0x00007ff9abe38000 	C:\WINDOWS\System32\NSI.dll
0x00007ff9a0620000 - 0x00007ff9a0636000 	C:\WINDOWS\SYSTEM32\dhcpcsvc6.DLL
0x00007ff9a1080000 - 0x00007ff9a109c000 	C:\WINDOWS\SYSTEM32\dhcpcsvc.DLL
0x00007ff9a83e0000 - 0x00007ff9a84ab000 	C:\WINDOWS\SYSTEM32\DNSAPI.dll
0x00007ff9a1270000 - 0x00007ff9a127b000 	C:\WINDOWS\SYSTEM32\WINNSI.DLL
0x00007ff9970c0000 - 0x00007ff9970e4000 	C:\Program Files\Java\jdk1.8.0_271\jre\bin\sunec.dll
0x00007ff9a7eb0000 - 0x00007ff9a7ee1000 	C:\WINDOWS\SYSTEM32\ntmarta.dll
0x00007ff9a6e90000 - 0x00007ff9a7084000 	C:\WINDOWS\SYSTEM32\dbghelp.dll

VM Arguments:
jvm_args: -XX:MaxPermSize=1024m -XX:+HeapDumpOnOutOfMemoryError -Xmx1024m -Dfile.encoding=UTF-8 -Duser.country=BR -Duser.language=pt -Duser.variant 
java_command: org.gradle.launcher.daemon.bootstrap.GradleDaemon 6.8.3
java_class_path (initial): C:\Users\dell 5450\Downloads\gradle-6.8.3-bin\gradle-6.8.3\lib\gradle-launcher-6.8.3.jar
Launcher Type: SUN_STANDARD

Environment Variables:
JAVA_HOME=C:\Program Files\Java\jdk1.8.0_271
CLASSPATH=C:\Users\dell 5450\Downloads\gradle-6.8.3-bin\gradle-6.8.3\lib\gradle-launcher-6.8.3.jar
PATH=C:\Program Files (x86)\Common Files\Oracle\Java\javapath;C:\WINDOWS\system32;C:\WINDOWS;C:\WINDOWS\System32\Wbem;C:\WINDOWS\System32\WindowsPowerShell\v1.0\;C:\WINDOWS\System32\OpenSSH\;%PY_HOME%\Scripts\;C:\Program Files\Git\cmd;C:\Users\dell 5450\Downloads\chromedriver_win32 (1);C:\Users\dell 5450\.bzt\selenium-taurus\tools\geckodriver\0.23.0;C:\Program Files\Google\Chrome\Application;C:\Program Files\nodejs\;C:\Users\dell 5450\Downloads\gradle-6.8.3-bin\gradle-6.8.3\bin;C:\Program Files\CMake\bin;C:\Users\dell 5450\AppData\Local\Microsoft\WindowsApps;C:\Users\dell 5450\AppData\Local\Programs\Fiddler;%PY_HOME%\Scripts\;C:\Users\dell 5450\AppData\Roaming\npm;C:\Users\dell 5450\AppData\Local\Programs\Microsoft VS Code\bin
USERNAME=dell 5450
OS=Windows_NT
PROCESSOR_IDENTIFIER=Intel64 Family 6 Model 61 Stepping 4, GenuineIntel



---------------  S Y S T E M  ---------------

OS: Windows 10.0 , 64 bit Build 18362 (10.0.18362.1110)

CPU:total 4 (initial active 4) (2 cores per cpu, 2 threads per core) family 6 model 61 stepping 4, cmov, cx8, fxsr, mmx, sse, sse2, sse3, ssse3, sse4.1, sse4.2, popcnt, avx, avx2, aes, clmul, erms, rtm, 3dnowpref, lzcnt, ht, tsc, tscinvbit, bmi1, bmi2, adx

Memory: 4k page, physical 4082328k(160060k free), swap 5509784k(7796k free)

vm_info: Java HotSpot(TM) 64-Bit Server VM (25.271-b09) for windows-amd64 JRE (1.8.0_271-b09), built on Sep 16 2020 19:14:59 by "" with MS VC++ 15.9 (VS2017)

time: Mon Mar  1 02:35:17 2021
timezone: Hora oficial do Brasil
elapsed time: 771.207930 seconds (0d 0h 12m 51s)

