#
# There is insufficient memory for the Java Runtime Environment to continue.
# Native memory allocation (malloc) failed to allocate 964976 bytes for Chunk::new
# Possible reasons:
#   The system is out of physical RAM or swap space
#   The process is running with CompressedOops enabled, and the Java Heap may be blocking the growth of the native heap
# Possible solutions:
#   Reduce memory load on the system
#   Increase physical memory or swap space
#   Check if swap backing store is full
#   Decrease Java heap size (-Xmx/-Xms)
#   Decrease number of Java threads
#   Decrease Java thread stack sizes (-Xss)
#   Set larger code cache with -XX:ReservedCodeCacheSize=
#   JVM is running with Unscaled Compressed Oops mode in which the Java heap is
#     placed in the first 4GB address space. The Java Heap base address is the
#     maximum limit for the native heap growth. Please use -XX:HeapBaseMinAddress
#     to set the Java Heap base and to place the Java Heap above 4GB virtual address.
# This output file may be truncated or incomplete.
#
#  Out of Memory Error (allocation.cpp:389), pid=8564, tid=0x0000000000001fb0
#
# JRE version: Java(TM) SE Runtime Environment (8.0_271-b09) (build 1.8.0_271-b09)
# Java VM: Java HotSpot(TM) 64-Bit Server VM (25.271-b09 mixed mode windows-amd64 compressed oops)
# Failed to write core dump. Minidumps are not enabled by default on client versions of Windows
#

---------------  T H R E A D  ---------------

Current thread (0x000002009f589000):  JavaThread "C2 CompilerThread0" daemon [_thread_in_native, id=8112, stack(0x0000007381600000,0x0000007381700000)]

Stack: [0x0000007381600000,0x0000007381700000]
Native frames: (J=compiled Java code, j=interpreted, Vv=VM code, C=native code)
V  [jvm.dll+0x33f6c9]
V  [jvm.dll+0x286122]
V  [jvm.dll+0x286dcd]
V  [jvm.dll+0x27d805]
V  [jvm.dll+0xe574c]
V  [jvm.dll+0xe5f4c]
V  [jvm.dll+0x480043]
V  [jvm.dll+0x447c30]
V  [jvm.dll+0x450c25]
V  [jvm.dll+0x44ffe5]
V  [jvm.dll+0x43aef7]
V  [jvm.dll+0xbc3eb]
V  [jvm.dll+0xbaa4b]
V  [jvm.dll+0x24e7c2]
V  [jvm.dll+0x2a2dcc]
C  [ucrtbase.dll+0x210b2]
C  [KERNEL32.DLL+0x17c24]
C  [ntdll.dll+0x6d4d1]


Current CompileTask:
C2: 741277 26214       4       com.android.tools.r8.ir.regalloc.a::b (1365 bytes)


---------------  P R O C E S S  ---------------

Java Threads: ( => current thread )
  0x00000200a2be4000 JavaThread "WorkerExecutor Queue Thread 5" [_thread_blocked, id=8948, stack(0x0000007382a00000,0x0000007382b00000)]
  0x00000200a27e2000 JavaThread "WorkerExecutor Queue Thread 4" [_thread_blocked, id=6852, stack(0x0000007389d00000,0x0000007389e00000)]
  0x00000200a27e0800 JavaThread "WorkerExecutor Queue Thread 3" [_thread_blocked, id=2072, stack(0x0000007389c00000,0x0000007389d00000)]
  0x00000200a27e4000 JavaThread "WorkerExecutor Queue Thread 2" [_thread_blocked, id=6684, stack(0x0000007389b00000,0x0000007389c00000)]
  0x00000200a346f800 JavaThread "Cache worker for execution history cache (C:\Users\dell 5450\Documents\Projects\corruptPuzzle\.gradle\6.8.3\executionHistory)" [_thread_blocked, id=1788, stack(0x0000007389400000,0x0000007389500000)]
  0x00000200a3474800 JavaThread "Execution worker for ':' Thread 3" [_thread_blocked, id=2664, stack(0x0000007389300000,0x0000007389400000)]
  0x00000200a3474000 JavaThread "Execution worker for ':' Thread 2" [_thread_blocked, id=2884, stack(0x0000007389200000,0x0000007389300000)]
  0x00000200a3473000 JavaThread "Execution worker for ':'" [_thread_blocked, id=2432, stack(0x0000007389100000,0x0000007389200000)]
  0x00000200a346b800 JavaThread "pool-6-thread-1" [_thread_blocked, id=7452, stack(0x0000007389000000,0x0000007389100000)]
  0x00000200a4099800 JavaThread "Build operations Thread 4" [_thread_in_Java, id=7864, stack(0x0000007383100000,0x0000007383200000)]
  0x00000200a4095800 JavaThread "Build operations Thread 3" [_thread_in_Java, id=7128, stack(0x0000007382f00000,0x0000007383000000)]
  0x00000200a4098000 JavaThread "Build operations Thread 2" [_thread_in_Java, id=3532, stack(0x0000007382d00000,0x0000007382e00000)]
  0x00000200a4095000 JavaThread "Build operations" [_thread_blocked, id=5204, stack(0x0000007382c00000,0x0000007382d00000)]
  0x00000200a4097000 JavaThread "Cache worker for Build Output Cleanup Cache (C:\Users\dell 5450\Documents\Projects\corruptPuzzle\.gradle\buildOutputCleanup)" [_thread_blocked, id=1656, stack(0x0000007382b00000,0x0000007382c00000)]
  0x00000200a4098800 JavaThread "Cache worker for cache directory md-rule (C:\Users\dell 5450\.gradle\caches\6.8.3\md-rule)" [_thread_blocked, id=1560, stack(0x0000007382600000,0x0000007382700000)]
  0x00000200a408c800 JavaThread "Cache worker for cache directory md-supplier (C:\Users\dell 5450\.gradle\caches\6.8.3\md-supplier)" [_thread_blocked, id=980, stack(0x0000007382500000,0x0000007382600000)]
  0x00000200a4093800 JavaThread "Cache worker for checksums cache (C:\Users\dell 5450\Documents\Projects\corruptPuzzle\.gradle\checksums)" [_thread_blocked, id=6476, stack(0x0000007382400000,0x0000007382500000)]
  0x00000200a4092800 JavaThread "Cache worker for file hash cache (C:\Users\dell 5450\Documents\Projects\corruptPuzzle\.gradle\6.8.3\fileHashes)" [_thread_blocked, id=2644, stack(0x0000007382300000,0x0000007382400000)]
  0x00000200a4091800 JavaThread "Daemon client event forwarder" [_thread_blocked, id=1376, stack(0x0000007382200000,0x0000007382300000)]
  0x00000200a408b800 JavaThread "Stdin handler" [_thread_blocked, id=244, stack(0x0000007382100000,0x0000007382200000)]
  0x00000200a408e000 JavaThread "Asynchronous log dispatcher for DefaultDaemonConnection: socket connection from /127.0.0.1:49987 to /127.0.0.1:50072" [_thread_blocked, id=7324, stack(0x0000007382000000,0x0000007382100000)]
  0x00000200a4091000 JavaThread "Cancel handler" [_thread_blocked, id=8060, stack(0x0000007381c00000,0x0000007381d00000)]
  0x00000200a4090000 JavaThread "Handler for socket connection from /127.0.0.1:49987 to /127.0.0.1:50072" [_thread_in_native, id=5656, stack(0x0000007380b00000,0x0000007380c00000)]
  0x00000200a408e800 JavaThread "Cache worker for Java compile cache (C:\Users\dell 5450\.gradle\caches\6.8.3\javaCompile)" [_thread_blocked, id=5568, stack(0x0000007383200000,0x0000007383300000)]
  0x00000200a1433000 JavaThread "Daemon worker Thread 2" [_thread_blocked, id=1928, stack(0x0000007381d00000,0x0000007381e00000)]
  0x00000200a1431800 JavaThread "Daemon Thread 2" [_thread_blocked, id=8016, stack(0x0000007380900000,0x0000007380a00000)]
  0x00000200a1433800 JavaThread "Memory manager" [_thread_blocked, id=2792, stack(0x0000007380a00000,0x0000007380b00000)]
  0x00000200a408f800 JavaThread "Cache worker for file content cache (C:\Users\dell 5450\.gradle\caches\6.8.3\fileContent)" [_thread_blocked, id=2728, stack(0x0000007383000000,0x0000007383100000)]
  0x00000200a196c000 JavaThread "Cache worker for execution history cache (C:\Users\dell 5450\.gradle\caches\6.8.3\executionHistory)" [_thread_blocked, id=9032, stack(0x0000007382e00000,0x0000007382f00000)]
  0x00000200a196d800 JavaThread "Cache worker for journal cache (C:\Users\dell 5450\.gradle\caches\journal-1)" [_thread_blocked, id=4060, stack(0x0000007382900000,0x0000007382a00000)]
  0x00000200a1969800 JavaThread "File lock request listener" [_thread_in_native, id=6572, stack(0x0000007382800000,0x0000007382900000)]
  0x00000200a196b000 JavaThread "Cache worker for file hash cache (C:\Users\dell 5450\.gradle\caches\6.8.3\fileHashes)" [_thread_blocked, id=5844, stack(0x0000007382700000,0x0000007382800000)]
  0x00000200a17c0000 JavaThread "Daemon periodic checks" [_thread_blocked, id=3024, stack(0x0000007381f00000,0x0000007382000000)]
  0x00000200a1062000 JavaThread "Incoming local TCP Connector on port 49987" [_thread_in_native, id=6336, stack(0x0000007381e00000,0x0000007381f00000)]
  0x00000200a0bc9800 JavaThread "Daemon health stats" [_thread_blocked, id=4848, stack(0x0000007381b00000,0x0000007381c00000)]
  0x000002009f61c800 JavaThread "Service Thread" daemon [_thread_blocked, id=5980, stack(0x0000007381900000,0x0000007381a00000)]
  0x000002009f59f000 JavaThread "C1 CompilerThread2" daemon [_thread_blocked, id=8232, stack(0x0000007381800000,0x0000007381900000)]
  0x000002009f58c800 JavaThread "C2 CompilerThread1" daemon [_thread_in_native, id=4332, stack(0x0000007381700000,0x0000007381800000)]
=>0x000002009f589000 JavaThread "C2 CompilerThread0" daemon [_thread_in_native, id=8112, stack(0x0000007381600000,0x0000007381700000)]
  0x000002009f587000 JavaThread "Attach Listener" daemon [_thread_blocked, id=3596, stack(0x0000007381500000,0x0000007381600000)]
  0x000002009f586000 JavaThread "Signal Dispatcher" daemon [_thread_blocked, id=8296, stack(0x0000007381400000,0x0000007381500000)]
  0x000002009ee37000 JavaThread "Finalizer" daemon [_thread_blocked, id=572, stack(0x0000007381300000,0x0000007381400000)]
  0x000002009f566000 JavaThread "Reference Handler" daemon [_thread_blocked, id=172, stack(0x0000007381200000,0x0000007381300000)]
  0x000002008b2e4000 JavaThread "main" [_thread_blocked, id=5884, stack(0x0000007380c00000,0x0000007380d00000)]

Other Threads:
  0x000002009f543800 VMThread [stack: 0x0000007381100000,0x0000007381200000] [id=7528]
  0x000002009f638000 WatcherThread [stack: 0x0000007381a00000,0x0000007381b00000] [id=8920]

VM state:not at safepoint (normal execution)

VM Mutex/Monitor currently owned by a thread: None

OutOfMemory and StackOverflow Exception counts:
OutOfMemoryError java_heap_errors=3

heap address: 0x00000000c0000000, size: 1024 MB, Compressed Oops mode: 32-bit
Narrow klass base: 0x0000000000000000, Narrow klass shift: 3
Compressed class space size: 1073741824 Address: 0x0000000100000000

Heap:
 PSYoungGen      total 239616K, used 34679K [0x00000000eab00000, 0x00000000fd400000, 0x0000000100000000)
  eden space 179200K, 18% used [0x00000000eab00000,0x00000000eca8e378,0x00000000f5a00000)
  from space 60416K, 3% used [0x00000000f9900000,0x00000000f9b4fc28,0x00000000fd400000)
  to   space 62464K, 0% used [0x00000000f5a00000,0x00000000f5a00000,0x00000000f9700000)
 ParOldGen       total 206848K, used 107144K [0x00000000c0000000, 0x00000000cca00000, 0x00000000eab00000)
  object space 206848K, 51% used [0x00000000c0000000,0x00000000c68a20f8,0x00000000cca00000)
 Metaspace       used 151064K, capacity 158201K, committed 158296K, reserved 1187840K
  class space    used 19484K, capacity 20749K, committed 20824K, reserved 1048576K

Card table byte_map: [0x000002009bfd0000,0x000002009c1e0000] byte_map_base: 0x000002009b9d0000

Marking Bits: (ParMarkBitMap*) 0x0000000066d07fe0
 Begin Bits: [0x000002009c340000, 0x000002009d340000)
 End Bits:   [0x000002009d340000, 0x000002009e340000)

Polling page: 0x000002008b240000

CodeCache: size=245760Kb used=75984Kb max_used=76048Kb free=169775Kb
 bounds [0x000002008cc10000, 0x00000200916d0000, 0x000002009bc10000]
 total_blobs=22212 nmethods=21209 adapters=912
 compilation: enabled

Compilation events (10 events):
Event: 738.635 Thread 0x000002009f59f000 26337       2       com.android.tools.r8.graph.G$b::hashCode (16 bytes)
Event: 738.635 Thread 0x000002009f59f000 nmethod 26337 0x000002008fe457d0 code [0x000002008fe45940, 0x000002008fe45ad0]
Event: 738.637 Thread 0x000002009f59f000 26339       2       com.android.tools.r8.s.b.o::a (223 bytes)
Event: 738.639 Thread 0x000002009f59f000 nmethod 26339 0x000002008de72710 code [0x000002008de729a0, 0x000002008de73530]
Event: 738.641 Thread 0x000002009f59f000 26340       2       com.android.tools.r8.s.b.w::a (4 bytes)
Event: 738.642 Thread 0x000002009f59f000 nmethod 26340 0x000002008de723d0 code [0x000002008de72520, 0x000002008de72678]
Event: 738.650 Thread 0x000002009f59f000 26341       2       com.android.tools.r8.ir.optimize.string.b$e::a (255 bytes)
Event: 738.652 Thread 0x000002009f59f000 nmethod 26341 0x00000200907bfc50 code [0x00000200907bfe20, 0x00000200907c0570]
Event: 738.661 Thread 0x000002009f59f000 26342       2       com.android.tools.r8.s.b.r::remove (71 bytes)
Event: 738.662 Thread 0x000002009f59f000 nmethod 26342 0x000002008fe44c10 code [0x000002008fe44de0, 0x000002008fe45340]

GC Heap History (10 events):
Event: 721.762 GC heap before
{Heap before GC invocations=76 (full 7):
 PSYoungGen      total 209920K, used 9956K [0x00000000eab00000, 0x00000000fc800000, 0x0000000100000000)
  eden space 144384K, 0% used [0x00000000eab00000,0x00000000eab00000,0x00000000f3800000)
  from space 65536K, 15% used [0x00000000f3800000,0x00000000f41b9398,0x00000000f7800000)
  to   space 64512K, 0% used [0x00000000f8900000,0x00000000f8900000,0x00000000fc800000)
 ParOldGen       total 229376K, used 204324K [0x00000000c0000000, 0x00000000ce000000, 0x00000000eab00000)
  object space 229376K, 89% used [0x00000000c0000000,0x00000000cc7893c8,0x00000000ce000000)
 Metaspace       used 150539K, capacity 157681K, committed 158040K, reserved 1185792K
  class space    used 19461K, capacity 20733K, committed 20824K, reserved 1048576K
Event: 722.040 GC heap after
Heap after GC invocations=76 (full 7):
 PSYoungGen      total 209920K, used 0K [0x00000000eab00000, 0x00000000fc800000, 0x0000000100000000)
  eden space 144384K, 0% used [0x00000000eab00000,0x00000000eab00000,0x00000000f3800000)
  from space 65536K, 0% used [0x00000000f3800000,0x00000000f3800000,0x00000000f7800000)
  to   space 64512K, 0% used [0x00000000f8900000,0x00000000f8900000,0x00000000fc800000)
 ParOldGen       total 206848K, used 96725K [0x00000000c0000000, 0x00000000cca00000, 0x00000000eab00000)
  object space 206848K, 46% used [0x00000000c0000000,0x00000000c5e75610,0x00000000cca00000)
 Metaspace       used 150521K, capacity 157643K, committed 158040K, reserved 1185792K
  class space    used 19454K, capacity 20722K, committed 20824K, reserved 1048576K
}
Event: 731.373 GC heap before
{Heap before GC invocations=77 (full 7):
 PSYoungGen      total 209920K, used 144384K [0x00000000eab00000, 0x00000000fc800000, 0x0000000100000000)
  eden space 144384K, 100% used [0x00000000eab00000,0x00000000f3800000,0x00000000f3800000)
  from space 65536K, 0% used [0x00000000f3800000,0x00000000f3800000,0x00000000f7800000)
  to   space 64512K, 0% used [0x00000000f8900000,0x00000000f8900000,0x00000000fc800000)
 ParOldGen       total 206848K, used 96725K [0x00000000c0000000, 0x00000000cca00000, 0x00000000eab00000)
  object space 206848K, 46% used [0x00000000c0000000,0x00000000c5e75610,0x00000000cca00000)
 Metaspace       used 150733K, capacity 157839K, committed 158040K, reserved 1185792K
  class space    used 19468K, capacity 20730K, committed 20824K, reserved 1048576K
Event: 731.434 GC heap after
Heap after GC invocations=77 (full 7):
 PSYoungGen      total 226816K, used 1481K [0x00000000eab00000, 0x00000000fc880000, 0x0000000100000000)
  eden space 162304K, 0% used [0x00000000eab00000,0x00000000eab00000,0x00000000f4980000)
  from space 64512K, 2% used [0x00000000f8900000,0x00000000f8a725c0,0x00000000fc800000)
  to   space 65024K, 0% used [0x00000000f4980000,0x00000000f4980000,0x00000000f8900000)
 ParOldGen       total 206848K, used 96733K [0x00000000c0000000, 0x00000000cca00000, 0x00000000eab00000)
  object space 206848K, 46% used [0x00000000c0000000,0x00000000c5e77610,0x00000000cca00000)
 Metaspace       used 150733K, capacity 157839K, committed 158040K, reserved 1185792K
  class space    used 19468K, capacity 20730K, committed 20824K, reserved 1048576K
}
Event: 735.182 GC heap before
{Heap before GC invocations=78 (full 7):
 PSYoungGen      total 226816K, used 163785K [0x00000000eab00000, 0x00000000fc880000, 0x0000000100000000)
  eden space 162304K, 100% used [0x00000000eab00000,0x00000000f4980000,0x00000000f4980000)
  from space 64512K, 2% used [0x00000000f8900000,0x00000000f8a725c0,0x00000000fc800000)
  to   space 65024K, 0% used [0x00000000f4980000,0x00000000f4980000,0x00000000f8900000)
 ParOldGen       total 206848K, used 96733K [0x00000000c0000000, 0x00000000cca00000, 0x00000000eab00000)
  object space 206848K, 46% used [0x00000000c0000000,0x00000000c5e77610,0x00000000cca00000)
 Metaspace       used 150846K, capacity 157939K, committed 158296K, reserved 1187840K
  class space    used 19469K, capacity 20732K, committed 20824K, reserved 1048576K
Event: 735.201 GC heap after
Heap after GC invocations=78 (full 7):
 PSYoungGen      total 227328K, used 8224K [0x00000000eab00000, 0x00000000fd680000, 0x0000000100000000)
  eden space 162304K, 0% used [0x00000000eab00000,0x00000000eab00000,0x00000000f4980000)
  from space 65024K, 12% used [0x00000000f4980000,0x00000000f5188140,0x00000000f8900000)
  to   space 62976K, 0% used [0x00000000f9900000,0x00000000f9900000,0x00000000fd680000)
 ParOldGen       total 206848K, used 96972K [0x00000000c0000000, 0x00000000cca00000, 0x00000000eab00000)
  object space 206848K, 46% used [0x00000000c0000000,0x00000000c5eb3358,0x00000000cca00000)
 Metaspace       used 150846K, capacity 157939K, committed 158296K, reserved 1187840K
  class space    used 19469K, capacity 20732K, committed 20824K, reserved 1048576K
}
Event: 737.581 GC heap before
{Heap before GC invocations=79 (full 7):
 PSYoungGen      total 227328K, used 170528K [0x00000000eab00000, 0x00000000fd680000, 0x0000000100000000)
  eden space 162304K, 100% used [0x00000000eab00000,0x00000000f4980000,0x00000000f4980000)
  from space 65024K, 12% used [0x00000000f4980000,0x00000000f5188140,0x00000000f8900000)
  to   space 62976K, 0% used [0x00000000f9900000,0x00000000f9900000,0x00000000fd680000)
 ParOldGen       total 206848K, used 96972K [0x00000000c0000000, 0x00000000cca00000, 0x00000000eab00000)
  object space 206848K, 46% used [0x00000000c0000000,0x00000000c5eb3358,0x00000000cca00000)
 Metaspace       used 150914K, capacity 158025K, committed 158296K, reserved 1187840K
  class space    used 19472K, capacity 20737K, committed 20824K, reserved 1048576K
Event: 737.628 GC heap after
Heap after GC invocations=79 (full 7):
 PSYoungGen      total 239616K, used 1504K [0x00000000eab00000, 0x00000000fd400000, 0x0000000100000000)
  eden space 179200K, 0% used [0x00000000eab00000,0x00000000eab00000,0x00000000f5a00000)
  from space 60416K, 2% used [0x00000000f9900000,0x00000000f9a78000,0x00000000fd400000)
  to   space 62464K, 0% used [0x00000000f5a00000,0x00000000f5a00000,0x00000000f9700000)
 ParOldGen       total 206848K, used 103875K [0x00000000c0000000, 0x00000000cca00000, 0x00000000eab00000)
  object space 206848K, 50% used [0x00000000c0000000,0x00000000c6570e18,0x00000000cca00000)
 Metaspace       used 150914K, capacity 158025K, committed 158296K, reserved 1187840K
  class space    used 19472K, capacity 20737K, committed 20824K, reserved 1048576K
}
Event: 738.405 GC heap before
{Heap before GC invocations=80 (full 7):
 PSYoungGen      total 239616K, used 180704K [0x00000000eab00000, 0x00000000fd400000, 0x0000000100000000)
  eden space 179200K, 100% used [0x00000000eab00000,0x00000000f5a00000,0x00000000f5a00000)
  from space 60416K, 2% used [0x00000000f9900000,0x00000000f9a78000,0x00000000fd400000)
  to   space 62464K, 0% used [0x00000000f5a00000,0x00000000f5a00000,0x00000000f9700000)
 ParOldGen       total 206848K, used 103875K [0x00000000c0000000, 0x00000000cca00000, 0x00000000eab00000)
  object space 206848K, 50% used [0x00000000c0000000,0x00000000c6570e18,0x00000000cca00000)
 Metaspace       used 150952K, capacity 158033K, committed 158296K, reserved 1187840K
  class space    used 19474K, capacity 20739K, committed 20824K, reserved 1048576K
Event: 738.458 GC heap after
Heap after GC invocations=80 (full 7):
 PSYoungGen      total 241664K, used 5686K [0x00000000eab00000, 0x00000000fd400000, 0x0000000100000000)
  eden space 179200K, 0% used [0x00000000eab00000,0x00000000eab00000,0x00000000f5a00000)
  from space 62464K, 9% used [0x00000000f5a00000,0x00000000f5f8d828,0x00000000f9700000)
  to   space 60416K, 0% used [0x00000000f9900000,0x00000000f9900000,0x00000000fd400000)
 ParOldGen       total 206848K, used 104995K [0x00000000c0000000, 0x00000000cca00000, 0x00000000eab00000)
  object space 206848K, 50% used [0x00000000c0000000,0x00000000c6688e28,0x00000000cca00000)
 Metaspace       used 150952K, capacity 158033K, committed 158296K, reserved 1187840K
  class space    used 19474K, capacity 20739K, committed 20824K, reserved 1048576K
}

Deoptimization events (10 events):
Event: 734.642 Thread 0x00000200a4098000 Uncommon trap: reason=unstable_if action=reinterpret pc=0x0000020091131034 method=com.android.tools.r8.graph.I0$c.a()V @ 269
Event: 734.644 Thread 0x00000200a4098000 Uncommon trap: reason=unstable_if action=reinterpret pc=0x00000200906b1d40 method=com.android.tools.r8.graph.i0.a(C)I @ 7
Event: 734.802 Thread 0x00000200a4098000 Uncommon trap: reason=unstable_if action=reinterpret pc=0x00000200916370dc method=com.android.tools.r8.ir.regalloc.b.compareTo(Ljava/lang/Object;)I @ 35
Event: 735.453 Thread 0x00000200a4098000 Uncommon trap: reason=unstable_if action=reinterpret pc=0x00000200912599c0 method=com.android.tools.r8.ir.conversion.o.a(ILcom/android/tools/r8/ir/conversion/N;)I @ 148
Event: 735.771 Thread 0x00000200a4098000 Uncommon trap: reason=unstable_if action=reinterpret pc=0x0000020091641038 method=com.android.tools.r8.ir.regalloc.a.a(Lcom/android/tools/r8/ir/regalloc/a$a;Z)Lcom/android/tools/r8/ir/regalloc/a$a; @ 2085
Event: 735.809 Thread 0x00000200a4098000 Uncommon trap: reason=speculate_class_check action=maybe_recompile pc=0x000002008cdaa85c method=com.android.tools.r8.s.a.h.e.a(Ljava/util/Set;Ljava/util/List;Ljava/util/Map$Entry;)V @ 42
Event: 736.066 Thread 0x00000200a4098000 Uncommon trap: reason=class_check action=maybe_recompile pc=0x000002008cdaaa24 method=com.android.tools.r8.s.a.h.e.a(Ljava/util/Set;Ljava/util/List;Ljava/util/Map$Entry;)V @ 103
Event: 737.635 Thread 0x00000200a4098000 Uncommon trap: reason=unstable_if action=reinterpret pc=0x00000200912ddc34 method=com.android.tools.r8.ir.optimize.l.a(Lcom/android/tools/r8/s/b/k0;)Z @ 29
Event: 738.027 Thread 0x00000200a4098000 Uncommon trap: reason=unstable_if action=reinterpret pc=0x00000200907c9a50 method=com.android.tools.r8.s.a.p.t.a(Lcom/android/tools/r8/s/b/q1;Lcom/android/tools/r8/s/a/p/u;)V @ 84
Event: 738.277 Thread 0x00000200a4098000 Uncommon trap: reason=unstable_if action=reinterpret pc=0x00000200915df980 method=com.android.tools.r8.t.a.a.a.f.k0.m(I)V @ 13

Classes redefined (0 events):
No events

Internal exceptions (10 events):
Event: 731.746 Thread 0x00000200a4098000 Exception <a 'sun/nio/fs/WindowsException'> (0x00000000ed498b38) thrown at [C:\jenkins\workspace\8-2-build-windows-amd64-cygwin\jdk8u271\605\hotspot\src\share\vm\prims\jni.cpp, line 710]
Event: 732.327 Thread 0x00000200a4098000 Exception <a 'sun/nio/fs/WindowsException'> (0x00000000ed54c768) thrown at [C:\jenkins\workspace\8-2-build-windows-amd64-cygwin\jdk8u271\605\hotspot\src\share\vm\prims\jni.cpp, line 710]
Event: 732.981 Thread 0x00000200a4098000 Exception <a 'sun/nio/fs/WindowsException'> (0x00000000ef1c61e8) thrown at [C:\jenkins\workspace\8-2-build-windows-amd64-cygwin\jdk8u271\605\hotspot\src\share\vm\prims\jni.cpp, line 710]
Event: 733.655 Thread 0x00000200a4098000 Exception <a 'sun/nio/fs/WindowsException'> (0x00000000ef211108) thrown at [C:\jenkins\workspace\8-2-build-windows-amd64-cygwin\jdk8u271\605\hotspot\src\share\vm\prims\jni.cpp, line 710]
Event: 733.741 Thread 0x00000200a3473000 Exception <a 'sun/nio/fs/WindowsException'> (0x00000000ef4c1ec8) thrown at [C:\jenkins\workspace\8-2-build-windows-amd64-cygwin\jdk8u271\605\hotspot\src\share\vm\prims\jni.cpp, line 710]
Event: 733.848 Thread 0x00000200a4098000 Exception <a 'sun/nio/fs/WindowsException'> (0x00000000ef7def28) thrown at [C:\jenkins\workspace\8-2-build-windows-amd64-cygwin\jdk8u271\605\hotspot\src\share\vm\prims\jni.cpp, line 710]
Event: 734.231 Thread 0x00000200a3473000 Exception <a 'sun/nio/fs/WindowsException'> (0x00000000f0a934b8) thrown at [C:\jenkins\workspace\8-2-build-windows-amd64-cygwin\jdk8u271\605\hotspot\src\share\vm\prims\jni.cpp, line 710]
Event: 734.602 Thread 0x00000200a4098000 Exception <a 'sun/nio/fs/WindowsException'> (0x00000000f1541250) thrown at [C:\jenkins\workspace\8-2-build-windows-amd64-cygwin\jdk8u271\605\hotspot\src\share\vm\prims\jni.cpp, line 710]
Event: 734.802 Thread 0x00000200a4098000 Implicit null exception at 0x0000020091636889 to 0x000002009163709d
Event: 737.752 Thread 0x00000200a4095800 Exception <a 'sun/nio/fs/WindowsException'> (0x00000000eb8cd7c8) thrown at [C:\jenkins\workspace\8-2-build-windows-amd64-cygwin\jdk8u271\605\hotspot\src\share\vm\prims\jni.cpp, line 710]

Events (10 events):
Event: 738.611 loading class com/android/tools/r8/s/b/o
Event: 738.611 loading class com/android/tools/r8/s/b/o done
Event: 738.612 loading class com/android/tools/r8/s/b/o$a
Event: 738.612 loading class com/android/tools/r8/s/b/o$a done
Event: 738.644 Thread 0x00000200a4098000 DEOPT PACKING pc=0x00000200909da43d sp=0x0000007382df99c0
Event: 738.644 Thread 0x00000200a4098000 DEOPT UNPACKING pc=0x000002008cc57898 sp=0x0000007382df98e0 mode 0
Event: 738.648 Thread 0x00000200a4095800 DEOPT PACKING pc=0x00000200914d95a8 sp=0x0000007382ff9870
Event: 738.648 Thread 0x00000200a4095800 DEOPT UNPACKING pc=0x000002008cc57898 sp=0x0000007382ff98c8 mode 0
Event: 738.667 loading class com/android/tools/r8/graph/i0
Event: 738.667 loading class com/android/tools/r8/graph/i0 done


Dynamic libraries:
0x00007ff61aee0000 - 0x00007ff61af27000 	C:\Program Files\Java\jdk1.8.0_271\bin\java.exe
0x00007ffff5360000 - 0x00007ffff5550000 	C:\WINDOWS\SYSTEM32\ntdll.dll
0x00007ffff35d0000 - 0x00007ffff3682000 	C:\WINDOWS\System32\KERNEL32.DLL
0x00007ffff29b0000 - 0x00007ffff2c55000 	C:\WINDOWS\System32\KERNELBASE.dll
0x00007ffff5020000 - 0x00007ffff50c3000 	C:\WINDOWS\System32\ADVAPI32.dll
0x00007ffff3760000 - 0x00007ffff37fe000 	C:\WINDOWS\System32\msvcrt.dll
0x00007ffff3800000 - 0x00007ffff3897000 	C:\WINDOWS\System32\sechost.dll
0x00007ffff3c20000 - 0x00007ffff3d40000 	C:\WINDOWS\System32\RPCRT4.dll
0x00007ffff38a0000 - 0x00007ffff3a34000 	C:\WINDOWS\System32\USER32.dll
0x00007ffff22d0000 - 0x00007ffff22f1000 	C:\WINDOWS\System32\win32u.dll
0x00007ffff4310000 - 0x00007ffff4336000 	C:\WINDOWS\System32\GDI32.dll
0x00007ffff2810000 - 0x00007ffff29a6000 	C:\WINDOWS\System32\gdi32full.dll
0x00007ffff2300000 - 0x00007ffff239e000 	C:\WINDOWS\System32\msvcp_win.dll
0x00007ffff2420000 - 0x00007ffff251a000 	C:\WINDOWS\System32\ucrtbase.dll
0x00007fffdcd20000 - 0x00007fffdcfa4000 	C:\WINDOWS\WinSxS\amd64_microsoft.windows.common-controls_6595b64144ccf1df_6.0.18362.1256_none_9e7e379be45e40e2\COMCTL32.dll
0x00007ffff3d40000 - 0x00007ffff4076000 	C:\WINDOWS\System32\combase.dll
0x00007ffff25d0000 - 0x00007ffff2651000 	C:\WINDOWS\System32\bcryptPrimitives.dll
0x00007ffff4fe0000 - 0x00007ffff500e000 	C:\WINDOWS\System32\IMM32.DLL
0x00007fffe6790000 - 0x00007fffe67a5000 	C:\Program Files\Java\jdk1.8.0_271\jre\bin\vcruntime140.dll
0x00007fffcb7a0000 - 0x00007fffcb83b000 	C:\Program Files\Java\jdk1.8.0_271\jre\bin\msvcp140.dll
0x0000000066510000 - 0x0000000066d7f000 	C:\Program Files\Java\jdk1.8.0_271\jre\bin\server\jvm.dll
0x00007ffff5010000 - 0x00007ffff5018000 	C:\WINDOWS\System32\PSAPI.DLL
0x00007fffe1930000 - 0x00007fffe193a000 	C:\WINDOWS\SYSTEM32\VERSION.dll
0x00007fffef930000 - 0x00007fffef954000 	C:\WINDOWS\SYSTEM32\WINMM.dll
0x00007fffee6b0000 - 0x00007fffee6b9000 	C:\WINDOWS\SYSTEM32\WSOCK32.dll
0x00007ffff36f0000 - 0x00007ffff375f000 	C:\WINDOWS\System32\WS2_32.dll
0x00007fffef060000 - 0x00007fffef08d000 	C:\WINDOWS\SYSTEM32\WINMMBASE.dll
0x00007ffff23d0000 - 0x00007ffff241a000 	C:\WINDOWS\System32\cfgmgr32.dll
0x00007ffff2280000 - 0x00007ffff2291000 	C:\WINDOWS\System32\kernel.appcore.dll
0x00007fffe5680000 - 0x00007fffe5690000 	C:\Program Files\Java\jdk1.8.0_271\jre\bin\verify.dll
0x00007fffdfc60000 - 0x00007fffdfc8b000 	C:\Program Files\Java\jdk1.8.0_271\jre\bin\java.dll
0x00007fffe1f80000 - 0x00007fffe1f98000 	C:\Program Files\Java\jdk1.8.0_271\jre\bin\zip.dll
0x00007ffff48f0000 - 0x00007ffff4fd7000 	C:\WINDOWS\System32\SHELL32.dll
0x00007ffff4340000 - 0x00007ffff43e9000 	C:\WINDOWS\System32\shcore.dll
0x00007ffff2c80000 - 0x00007ffff3401000 	C:\WINDOWS\System32\windows.storage.dll
0x00007ffff22a0000 - 0x00007ffff22c3000 	C:\WINDOWS\System32\profapi.dll
0x00007ffff2230000 - 0x00007ffff227a000 	C:\WINDOWS\System32\powrprof.dll
0x00007ffff2200000 - 0x00007ffff2210000 	C:\WINDOWS\System32\UMPDC.dll
0x00007ffff3bc0000 - 0x00007ffff3c12000 	C:\WINDOWS\System32\shlwapi.dll
0x00007ffff2c60000 - 0x00007ffff2c77000 	C:\WINDOWS\System32\cryptsp.dll
0x00007fffe1dd0000 - 0x00007fffe1dec000 	C:\Program Files\Java\jdk1.8.0_271\jre\bin\net.dll
0x00007ffff19f0000 - 0x00007ffff1a57000 	C:\WINDOWS\system32\mswsock.dll
0x00007fffe19e0000 - 0x00007fffe19f3000 	C:\Program Files\Java\jdk1.8.0_271\jre\bin\nio.dll
0x00007fffcb980000 - 0x00007fffcb9a7000 	C:\Users\dell 5450\.gradle\native\fdc75f09e3144964f2cf3f50f0aa648679c211496f362492102eb8c894070792\windows-amd64\native-platform.dll
0x00007fffb0340000 - 0x00007fffb04d6000 	C:\Users\dell 5450\.gradle\native\12488b8bf47d2d4c9fbf2f6322a914ad602e24e48041cd04a747c6da556b65c4\windows-amd64\native-platform-file-events.dll
0x00007fffe1ac0000 - 0x00007fffe1acd000 	C:\Program Files\Java\jdk1.8.0_271\jre\bin\management.dll
0x00007ffff1560000 - 0x00007ffff1593000 	C:\WINDOWS\system32\rsaenh.dll
0x00007ffff23a0000 - 0x00007ffff23c6000 	C:\WINDOWS\System32\bcrypt.dll
0x00007ffff2120000 - 0x00007ffff2145000 	C:\WINDOWS\SYSTEM32\USERENV.dll
0x00007ffff1bc0000 - 0x00007ffff1bcc000 	C:\WINDOWS\SYSTEM32\CRYPTBASE.dll
0x00007ffff1700000 - 0x00007ffff173a000 	C:\WINDOWS\SYSTEM32\IPHLPAPI.DLL
0x00007ffff43f0000 - 0x00007ffff43f8000 	C:\WINDOWS\System32\NSI.dll
0x00007fffe8ec0000 - 0x00007fffe8ed6000 	C:\WINDOWS\SYSTEM32\dhcpcsvc6.DLL
0x00007fffeab70000 - 0x00007fffeab8c000 	C:\WINDOWS\SYSTEM32\dhcpcsvc.DLL
0x00007ffff1740000 - 0x00007ffff180b000 	C:\WINDOWS\SYSTEM32\DNSAPI.dll
0x00007fffeac80000 - 0x00007fffeac8b000 	C:\WINDOWS\SYSTEM32\WINNSI.DLL
0x00007ffff1210000 - 0x00007ffff1241000 	C:\WINDOWS\SYSTEM32\ntmarta.dll
0x00007fffe3790000 - 0x00007fffe37b4000 	C:\Program Files\Java\jdk1.8.0_271\jre\bin\sunec.dll
0x00007fffe1920000 - 0x00007fffe192a000 	C:\Windows\System32\rasadhlp.dll
0x00007fffe6ce0000 - 0x00007fffe6d57000 	C:\WINDOWS\System32\fwpuclnt.dll
0x00007fffec8b0000 - 0x00007fffec8bd000 	C:\Program Files\Java\jdk1.8.0_271\jre\bin\sunmscapi.dll
0x00007ffff26c0000 - 0x00007ffff2809000 	C:\WINDOWS\System32\CRYPT32.dll
0x00007ffff2210000 - 0x00007ffff2222000 	C:\WINDOWS\System32\MSASN1.dll
0x00007ffff1cc0000 - 0x00007ffff1ce6000 	C:\WINDOWS\SYSTEM32\ncrypt.dll
0x00007ffff1c80000 - 0x00007ffff1cbb000 	C:\WINDOWS\SYSTEM32\NTASN1.dll
0x00007ffff03c0000 - 0x00007ffff05b4000 	C:\WINDOWS\SYSTEM32\dbghelp.dll

VM Arguments:
jvm_args: -XX:MaxPermSize=1024m -XX:+HeapDumpOnOutOfMemoryError -Xmx1024m -Dfile.encoding=UTF-8 -Duser.country=BR -Duser.language=pt -Duser.variant 
java_command: org.gradle.launcher.daemon.bootstrap.GradleDaemon 6.8.3
java_class_path (initial): C:\Users\dell 5450\Downloads\gradle-6.8.3-bin\gradle-6.8.3\lib\gradle-launcher-6.8.3.jar
Launcher Type: SUN_STANDARD

Environment Variables:
JAVA_HOME=C:\Program Files\Java\jdk1.8.0_271
CLASSPATH=C:\Users\dell 5450\Downloads\gradle-6.8.3-bin\gradle-6.8.3\lib\gradle-launcher-6.8.3.jar
PATH=C:\Program Files (x86)\Common Files\Oracle\Java\javapath;C:\WINDOWS\system32;C:\WINDOWS;C:\WINDOWS\System32\Wbem;C:\WINDOWS\System32\WindowsPowerShell\v1.0\;C:\WINDOWS\System32\OpenSSH\;%PY_HOME%\Scripts\;C:\Program Files\Git\cmd;C:\Users\dell 5450\Downloads\chromedriver_win32 (1);C:\Users\dell 5450\.bzt\selenium-taurus\tools\geckodriver\0.23.0;C:\Program Files\Google\Chrome\Application;C:\Program Files\nodejs\;C:\Users\dell 5450\Downloads\gradle-6.8.3-bin\gradle-6.8.3\bin;C:\Users\dell 5450\AppData\Local\Microsoft\WindowsApps;C:\Users\dell 5450\AppData\Local\Programs\Fiddler;%PY_HOME%\Scripts\;C:\Users\dell 5450\AppData\Roaming\npm;C:\Users\dell 5450\AppData\Local\Programs\Microsoft VS Code\bin
USERNAME=dell 5450
OS=Windows_NT
PROCESSOR_IDENTIFIER=Intel64 Family 6 Model 61 Stepping 4, GenuineIntel



---------------  S Y S T E M  ---------------

OS: Windows 10.0 , 64 bit Build 18362 (10.0.18362.1110)

CPU:total 4 (initial active 4) (2 cores per cpu, 2 threads per core) family 6 model 61 stepping 4, cmov, cx8, fxsr, mmx, sse, sse2, sse3, ssse3, sse4.1, sse4.2, popcnt, avx, avx2, aes, clmul, erms, rtm, 3dnowpref, lzcnt, ht, tsc, tscinvbit, bmi1, bmi2, adx

Memory: 4k page, physical 4082328k(107948k free), swap 5509784k(8924k free)

vm_info: Java HotSpot(TM) 64-Bit Server VM (25.271-b09) for windows-amd64 JRE (1.8.0_271-b09), built on Sep 16 2020 19:14:59 by "" with MS VC++ 15.9 (VS2017)

time: Sun Feb 28 01:17:39 2021
timezone: Hora oficial do Brasil
elapsed time: 741.325234 seconds (0d 0h 12m 21s)

