#
# There is insufficient memory for the Java Runtime Environment to continue.
# Native memory allocation (malloc) failed to allocate 638336 bytes for Chunk::new
# Possible reasons:
#   The system is out of physical RAM or swap space
#   The process is running with CompressedOops enabled, and the Java Heap may be blocking the growth of the native heap
# Possible solutions:
#   Reduce memory load on the system
#   Increase physical memory or swap space
#   Check if swap backing store is full
#   Decrease Java heap size (-Xmx/-Xms)
#   Decrease number of Java threads
#   Decrease Java thread stack sizes (-Xss)
#   Set larger code cache with -XX:ReservedCodeCacheSize=
#   JVM is running with Unscaled Compressed Oops mode in which the Java heap is
#     placed in the first 4GB address space. The Java Heap base address is the
#     maximum limit for the native heap growth. Please use -XX:HeapBaseMinAddress
#     to set the Java Heap base and to place the Java Heap above 4GB virtual address.
# This output file may be truncated or incomplete.
#
#  Out of Memory Error (allocation.cpp:389), pid=8968, tid=0x00000000000015a8
#
# JRE version: Java(TM) SE Runtime Environment (8.0_271-b09) (build 1.8.0_271-b09)
# Java VM: Java HotSpot(TM) 64-Bit Server VM (25.271-b09 mixed mode windows-amd64 compressed oops)
# Failed to write core dump. Minidumps are not enabled by default on client versions of Windows
#

---------------  T H R E A D  ---------------

Current thread (0x0000013e4a968800):  JavaThread "C2 CompilerThread0" daemon [_thread_in_native, id=5544, stack(0x0000000eeed00000,0x0000000eeee00000)]

Stack: [0x0000000eeed00000,0x0000000eeee00000]
Native frames: (J=compiled Java code, j=interpreted, Vv=VM code, C=native code)
V  [jvm.dll+0x33f6c9]
V  [jvm.dll+0x286122]
V  [jvm.dll+0x286dcd]
V  [jvm.dll+0x27d805]
V  [jvm.dll+0xe574c]
V  [jvm.dll+0xe5f4c]
V  [jvm.dll+0x462b72]
V  [jvm.dll+0x49df9d]
V  [jvm.dll+0x452bf1]
V  [jvm.dll+0x44feb4]
V  [jvm.dll+0x43aef7]
V  [jvm.dll+0xbc3eb]
V  [jvm.dll+0xbaa4b]
V  [jvm.dll+0x24e7c2]
V  [jvm.dll+0x2a2dcc]
C  [ucrtbase.dll+0x210b2]
C  [KERNEL32.DLL+0x17c24]
C  [ntdll.dll+0x6d4d1]


Current CompileTask:
C2: 102890 4376   !   4       java.util.jar.Attributes::read (380 bytes)


---------------  P R O C E S S  ---------------

Java Threads: ( => current thread )
  0x0000013e4c116000 JavaThread "Memory manager" [_thread_blocked, id=8844, stack(0x0000000ef6700000,0x0000000ef6800000)]
  0x0000013e4c115000 JavaThread "pool-1-thread-1" [_thread_blocked, id=5780, stack(0x0000000eefc00000,0x0000000eefd00000)]
  0x0000013e4c114800 JavaThread "jar transforms Thread 94" [_thread_blocked, id=6836, stack(0x0000000ef6600000,0x0000000ef6700000)]
  0x0000013e4c113800 JavaThread "jar transforms Thread 93" [_thread_blocked, id=3976, stack(0x0000000ef6500000,0x0000000ef6600000)]
  0x0000013e4c10c000 JavaThread "jar transforms Thread 92" [_thread_blocked, id=6156, stack(0x0000000ef6400000,0x0000000ef6500000)]
  0x0000013e4c113000 JavaThread "jar transforms Thread 91" [_thread_blocked, id=1716, stack(0x0000000ef6300000,0x0000000ef6400000)]
  0x0000013e4c112000 JavaThread "jar transforms Thread 90" [_thread_blocked, id=7660, stack(0x0000000ef6200000,0x0000000ef6300000)]
  0x0000013e4c10a800 JavaThread "jar transforms Thread 89" [_thread_blocked, id=6924, stack(0x0000000ef6100000,0x0000000ef6200000)]
  0x0000013e4c111800 JavaThread "jar transforms Thread 88" [_thread_blocked, id=8980, stack(0x0000000ef6000000,0x0000000ef6100000)]
  0x0000013e4c10a000 JavaThread "jar transforms Thread 87" [_thread_blocked, id=6336, stack(0x0000000ef5f00000,0x0000000ef6000000)]
  0x0000013e4c110800 JavaThread "jar transforms Thread 86" [_thread_blocked, id=7432, stack(0x0000000ef5e00000,0x0000000ef5f00000)]
  0x0000013e4c10f000 JavaThread "jar transforms Thread 85" [_thread_blocked, id=2296, stack(0x0000000ef5d00000,0x0000000ef5e00000)]
  0x0000013e4c10e800 JavaThread "jar transforms Thread 84" [_thread_blocked, id=6960, stack(0x0000000ef5c00000,0x0000000ef5d00000)]
  0x0000013e4c10d800 JavaThread "jar transforms Thread 83" [_thread_blocked, id=5580, stack(0x0000000ef5b00000,0x0000000ef5c00000)]
  0x0000013e4c109000 JavaThread "jar transforms Thread 82" [_thread_blocked, id=3376, stack(0x0000000ef5a00000,0x0000000ef5b00000)]
  0x0000013e4c10b800 JavaThread "jar transforms Thread 81" [_thread_blocked, id=2684, stack(0x0000000ef5900000,0x0000000ef5a00000)]
  0x0000013e4c10d000 JavaThread "jar transforms Thread 80" [_thread_blocked, id=8308, stack(0x0000000ef5800000,0x0000000ef5900000)]
  0x0000013e4c110000 JavaThread "jar transforms Thread 79" [_thread_blocked, id=5132, stack(0x0000000ef5700000,0x0000000ef5800000)]
  0x0000013e502d4000 JavaThread "jar transforms Thread 78" [_thread_blocked, id=7564, stack(0x0000000ef5600000,0x0000000ef5700000)]
  0x0000013e502d5800 JavaThread "jar transforms Thread 77" [_thread_blocked, id=7680, stack(0x0000000ef5500000,0x0000000ef5600000)]
  0x0000013e502d3800 JavaThread "jar transforms Thread 76" [_thread_blocked, id=8224, stack(0x0000000ef5400000,0x0000000ef5500000)]
  0x0000013e502d2800 JavaThread "jar transforms Thread 75" [_thread_blocked, id=5324, stack(0x0000000ef5300000,0x0000000ef5400000)]
  0x0000013e502d1000 JavaThread "jar transforms Thread 74" [_thread_blocked, id=7576, stack(0x0000000ef5200000,0x0000000ef5300000)]
  0x0000013e502d6800 JavaThread "jar transforms Thread 73" [_thread_blocked, id=2620, stack(0x0000000ef5100000,0x0000000ef5200000)]
  0x0000013e502d2000 JavaThread "jar transforms Thread 72" [_thread_blocked, id=1824, stack(0x0000000ef5000000,0x0000000ef5100000)]
  0x0000013e502d5000 JavaThread "jar transforms Thread 71" [_thread_blocked, id=7768, stack(0x0000000ef4f00000,0x0000000ef5000000)]
  0x0000013e502c9800 JavaThread "jar transforms Thread 70" [_thread_blocked, id=4732, stack(0x0000000ef4e00000,0x0000000ef4f00000)]
  0x0000013e502cf800 JavaThread "jar transforms Thread 69" [_thread_blocked, id=8056, stack(0x0000000ef4d00000,0x0000000ef4e00000)]
  0x0000013e502ca800 JavaThread "jar transforms Thread 68" [_thread_blocked, id=8672, stack(0x0000000ef4c00000,0x0000000ef4d00000)]
  0x0000013e502cb000 JavaThread "jar transforms Thread 67" [_thread_blocked, id=5036, stack(0x0000000ef4b00000,0x0000000ef4c00000)]
  0x0000013e502d0800 JavaThread "jar transforms Thread 66" [_thread_blocked, id=8588, stack(0x0000000ef4a00000,0x0000000ef4b00000)]
  0x0000013e502c9000 JavaThread "jar transforms Thread 65" [_thread_blocked, id=4720, stack(0x0000000ef4900000,0x0000000ef4a00000)]
  0x0000013e502c8000 JavaThread "jar transforms Thread 64" [_thread_blocked, id=8460, stack(0x0000000ef4800000,0x0000000ef4900000)]
  0x0000013e502cf000 JavaThread "jar transforms Thread 63" [_thread_blocked, id=5404, stack(0x0000000ef4700000,0x0000000ef4800000)]
  0x0000013e502ce000 JavaThread "jar transforms Thread 62" [_thread_blocked, id=1732, stack(0x0000000ef4600000,0x0000000ef4700000)]
  0x0000013e502cd800 JavaThread "jar transforms Thread 61" [_thread_blocked, id=4832, stack(0x0000000ef4500000,0x0000000ef4600000)]
  0x0000013e502cc800 JavaThread "jar transforms Thread 60" [_thread_blocked, id=4976, stack(0x0000000ef4400000,0x0000000ef4500000)]
  0x0000013e502cc000 JavaThread "jar transforms Thread 59" [_thread_blocked, id=8020, stack(0x0000000ef4300000,0x0000000ef4400000)]
  0x0000013e502c7800 JavaThread "jar transforms Thread 58" [_thread_blocked, id=6664, stack(0x0000000ef4200000,0x0000000ef4300000)]
  0x0000013e4c0d0000 JavaThread "jar transforms Thread 57" [_thread_blocked, id=2872, stack(0x0000000ef4100000,0x0000000ef4200000)]
  0x0000013e4c0cf800 JavaThread "jar transforms Thread 56" [_thread_blocked, id=6552, stack(0x0000000ef4000000,0x0000000ef4100000)]
  0x0000013e4c0ce000 JavaThread "jar transforms Thread 55" [_thread_blocked, id=7284, stack(0x0000000ef3f00000,0x0000000ef4000000)]
  0x0000013e4c0cb800 JavaThread "jar transforms Thread 54" [_thread_blocked, id=5496, stack(0x0000000ef3e00000,0x0000000ef3f00000)]
  0x0000013e4c0cc800 JavaThread "jar transforms Thread 53" [_thread_blocked, id=5832, stack(0x0000000ef3d00000,0x0000000ef3e00000)]
  0x0000013e4c0cd000 JavaThread "jar transforms Thread 52" [_thread_blocked, id=2068, stack(0x0000000ef3c00000,0x0000000ef3d00000)]
  0x0000013e4c0ca000 JavaThread "jar transforms Thread 51" [_thread_blocked, id=3864, stack(0x0000000ef3b00000,0x0000000ef3c00000)]
  0x0000013e4c0cb000 JavaThread "jar transforms Thread 50" [_thread_blocked, id=2760, stack(0x0000000ef3a00000,0x0000000ef3b00000)]
  0x0000013e4c0ce800 JavaThread "jar transforms Thread 49" [_thread_blocked, id=6580, stack(0x0000000ef3900000,0x0000000ef3a00000)]
  0x0000013e4c0c2800 JavaThread "jar transforms Thread 48" [_thread_blocked, id=3892, stack(0x0000000ef3800000,0x0000000ef3900000)]
  0x0000013e4c0c9800 JavaThread "jar transforms Thread 47" [_thread_blocked, id=5868, stack(0x0000000ef3700000,0x0000000ef3800000)]
  0x0000013e4c0c2000 JavaThread "jar transforms Thread 46" [_thread_blocked, id=8108, stack(0x0000000ef3600000,0x0000000ef3700000)]
  0x0000013e4c0c8800 JavaThread "jar transforms Thread 45" [_thread_blocked, id=5328, stack(0x0000000ef3500000,0x0000000ef3600000)]
  0x0000013e4c0c1000 JavaThread "jar transforms Thread 44" [_thread_blocked, id=4784, stack(0x0000000ef3400000,0x0000000ef3500000)]
  0x0000013e4c0c8000 JavaThread "jar transforms Thread 43" [_thread_blocked, id=1408, stack(0x0000000ef3300000,0x0000000ef3400000)]
  0x0000013e4c0c6800 JavaThread "jar transforms Thread 42" [_thread_blocked, id=5608, stack(0x0000000ef3200000,0x0000000ef3300000)]
  0x0000013e4c0c5000 JavaThread "jar transforms Thread 41" [_thread_blocked, id=4056, stack(0x0000000ef3100000,0x0000000ef3200000)]
  0x0000013e4c0c7000 JavaThread "jar transforms Thread 40" [_thread_blocked, id=6596, stack(0x0000000ef3000000,0x0000000ef3100000)]
  0x0000013e4c0c4000 JavaThread "jar transforms Thread 39" [_thread_blocked, id=5448, stack(0x0000000ef2f00000,0x0000000ef3000000)]
  0x0000013e4c0c5800 JavaThread "jar transforms Thread 38" [_thread_blocked, id=7068, stack(0x0000000ef2e00000,0x0000000ef2f00000)]
  0x0000013e4c0c3800 JavaThread "jar transforms Thread 37" [_thread_blocked, id=1500, stack(0x0000000ef2d00000,0x0000000ef2e00000)]
  0x0000013e4bc44800 JavaThread "jar transforms Thread 36" [_thread_blocked, id=6796, stack(0x0000000ef2c00000,0x0000000ef2d00000)]
  0x0000013e4bc47800 JavaThread "jar transforms Thread 35" [_thread_blocked, id=3456, stack(0x0000000ef2b00000,0x0000000ef2c00000)]
  0x0000013e4bc47000 JavaThread "jar transforms Thread 34" [_thread_blocked, id=3420, stack(0x0000000ef2a00000,0x0000000ef2b00000)]
  0x0000013e4bc46000 JavaThread "jar transforms Thread 33" [_thread_blocked, id=7484, stack(0x0000000ef2900000,0x0000000ef2a00000)]
  0x0000013e4bc45800 JavaThread "jar transforms Thread 32" [_thread_blocked, id=7908, stack(0x0000000ef2800000,0x0000000ef2900000)]
  0x0000013e4bc43000 JavaThread "jar transforms Thread 31" [_thread_blocked, id=7160, stack(0x0000000ef2700000,0x0000000ef2800000)]
  0x0000013e4bc44000 JavaThread "jar transforms Thread 30" [_thread_blocked, id=5952, stack(0x0000000ef2600000,0x0000000ef2700000)]
  0x0000013e4bc3b800 JavaThread "jar transforms Thread 29" [_thread_blocked, id=2812, stack(0x0000000ef2500000,0x0000000ef2600000)]
  0x0000013e4bc42800 JavaThread "jar transforms Thread 28" [_thread_blocked, id=6780, stack(0x0000000ef2400000,0x0000000ef2500000)]
  0x0000013e4bc40800 JavaThread "jar transforms Thread 27" [_thread_blocked, id=8612, stack(0x0000000ef2300000,0x0000000ef2400000)]
  0x0000013e4bc41800 JavaThread "jar transforms Thread 26" [_thread_blocked, id=5556, stack(0x0000000ef2200000,0x0000000ef2300000)]
  0x0000013e4bc39000 JavaThread "jar transforms Thread 25" [_thread_blocked, id=7028, stack(0x0000000ef2100000,0x0000000ef2200000)]
  0x0000013e4bc3a000 JavaThread "jar transforms Thread 24" [_thread_blocked, id=1156, stack(0x0000000ef2000000,0x0000000ef2100000)]
  0x0000013e4bc3c000 JavaThread "jar transforms Thread 23" [_thread_blocked, id=5604, stack(0x0000000ef1f00000,0x0000000ef2000000)]
  0x0000013e4bc40000 JavaThread "jar transforms Thread 22" [_thread_blocked, id=780, stack(0x0000000ef1e00000,0x0000000ef1f00000)]
  0x0000013e4bc3f000 JavaThread "jar transforms Thread 21" [_thread_blocked, id=8924, stack(0x0000000ef1d00000,0x0000000ef1e00000)]
  0x0000013e4bc3d000 JavaThread "jar transforms Thread 20" [_thread_blocked, id=7008, stack(0x0000000ef1c00000,0x0000000ef1d00000)]
  0x0000013e4bc38800 JavaThread "jar transforms Thread 19" [_thread_blocked, id=5824, stack(0x0000000ef1b00000,0x0000000ef1c00000)]
  0x0000013e4bc3e800 JavaThread "jar transforms Thread 18" [_thread_blocked, id=6944, stack(0x0000000ef1a00000,0x0000000ef1b00000)]
  0x0000013e4bc3a800 JavaThread "jar transforms Thread 17" [_thread_blocked, id=3052, stack(0x0000000ef1900000,0x0000000ef1a00000)]
  0x0000013e4bc3d800 JavaThread "jar transforms Thread 16" [_thread_blocked, id=7348, stack(0x0000000ef1800000,0x0000000ef1900000)]
  0x0000013e4e477000 JavaThread "jar transforms Thread 15" [_thread_blocked, id=6724, stack(0x0000000ef1700000,0x0000000ef1800000)]
  0x0000013e4e476000 JavaThread "jar transforms Thread 14" [_thread_blocked, id=7676, stack(0x0000000ef1600000,0x0000000ef1700000)]
  0x0000013e4e474800 JavaThread "jar transforms Thread 13" [_thread_blocked, id=6572, stack(0x0000000ef1500000,0x0000000ef1600000)]
  0x0000013e4e474000 JavaThread "jar transforms Thread 12" [_thread_blocked, id=2004, stack(0x0000000ef1400000,0x0000000ef1500000)]
  0x0000013e4e473000 JavaThread "jar transforms Thread 11" [_thread_blocked, id=3792, stack(0x0000000ef1300000,0x0000000ef1400000)]
  0x0000013e4e479000 JavaThread "jar transforms Thread 10" [_thread_blocked, id=4148, stack(0x0000000ef1200000,0x0000000ef1300000)]
  0x0000013e4e475800 JavaThread "jar transforms Thread 9" [_thread_blocked, id=7100, stack(0x0000000ef1100000,0x0000000ef1200000)]
  0x0000013e4e47a000 JavaThread "jar transforms Thread 8" [_thread_blocked, id=68, stack(0x0000000ef1000000,0x0000000ef1100000)]
  0x0000013e4e478800 JavaThread "jar transforms Thread 7" [_thread_blocked, id=8368, stack(0x0000000ef0f00000,0x0000000ef1000000)]
  0x0000013e4e472800 JavaThread "jar transforms Thread 6" [_thread_blocked, id=5504, stack(0x0000000ef0e00000,0x0000000ef0f00000)]
  0x0000013e4e477800 JavaThread "jar transforms Thread 5" [_thread_blocked, id=3604, stack(0x0000000ef0d00000,0x0000000ef0e00000)]
  0x0000013e4e471800 JavaThread "jar transforms Thread 4" [_thread_blocked, id=2280, stack(0x0000000ef0c00000,0x0000000ef0d00000)]
  0x0000013e4e46b000 JavaThread "jar transforms Thread 3" [_thread_blocked, id=7764, stack(0x0000000ef0b00000,0x0000000ef0c00000)]
  0x0000013e4e470000 JavaThread "jar transforms Thread 2" [_thread_blocked, id=9096, stack(0x0000000ef0a00000,0x0000000ef0b00000)]
  0x0000013e4e46f800 JavaThread "Build operations Thread 4" [_thread_blocked, id=3800, stack(0x0000000ef0900000,0x0000000ef0a00000)]
  0x0000013e4e46e000 JavaThread "Build operations Thread 3" [_thread_blocked, id=8888, stack(0x0000000ef0800000,0x0000000ef0900000)]
  0x0000013e4e46b800 JavaThread "Build operations Thread 2" [_thread_blocked, id=8600, stack(0x0000000eee200000,0x0000000eee300000)]
  0x0000013e4e46e800 JavaThread "Build operations" [_thread_blocked, id=8544, stack(0x0000000eee100000,0x0000000eee200000)]
  0x0000013e4e46c800 JavaThread "Cache worker for Build Output Cleanup Cache (C:\Users\dell 5450\Documents\Projects\corruptPuzzle\.gradle\buildOutputCleanup)" [_thread_blocked, id=5724, stack(0x0000000eee000000,0x0000000eee100000)]
  0x0000013e4e46d000 JavaThread "Cache worker for file content cache (C:\Users\dell 5450\.gradle\caches\6.8.3\fileContent)" [_thread_blocked, id=7448, stack(0x0000000ef0700000,0x0000000ef0800000)]
  0x0000013e4e296000 JavaThread "jar transforms" [_thread_blocked, id=5852, stack(0x0000000ef0600000,0x0000000ef0700000)]
  0x0000013e4e295000 JavaThread "Cache worker for execution history cache (C:\Users\dell 5450\.gradle\caches\6.8.3\executionHistory)" [_thread_blocked, id=8312, stack(0x0000000ef0500000,0x0000000ef0600000)]
  0x0000013e4e293000 JavaThread "Cache worker for cache directory md-rule (C:\Users\dell 5450\.gradle\caches\6.8.3\md-rule)" [_thread_blocked, id=3392, stack(0x0000000ef0400000,0x0000000ef0500000)]
  0x0000013e4e294800 JavaThread "Cache worker for cache directory md-supplier (C:\Users\dell 5450\.gradle\caches\6.8.3\md-supplier)" [_thread_blocked, id=3796, stack(0x0000000ef0300000,0x0000000ef0400000)]
  0x0000013e4e293800 JavaThread "Cache worker for checksums cache (C:\Users\dell 5450\Documents\Projects\corruptPuzzle\.gradle\checksums)" [_thread_blocked, id=6792, stack(0x0000000ef0200000,0x0000000ef0300000)]
  0x0000013e4e292000 JavaThread "Cache worker for file hash cache (C:\Users\dell 5450\Documents\Projects\corruptPuzzle\.gradle\6.8.3\fileHashes)" [_thread_blocked, id=2940, stack(0x0000000ef0100000,0x0000000ef0200000)]
  0x0000013e4e28f000 JavaThread "Cache worker for journal cache (C:\Users\dell 5450\.gradle\caches\journal-1)" [_thread_blocked, id=9124, stack(0x0000000ef0000000,0x0000000ef0100000)]
  0x0000013e4e291800 JavaThread "File lock request listener" [_thread_in_native, id=8228, stack(0x0000000eeff00000,0x0000000ef0000000)]
  0x0000013e4e290800 JavaThread "Cache worker for file hash cache (C:\Users\dell 5450\.gradle\caches\6.8.3\fileHashes)" [_thread_blocked, id=6280, stack(0x0000000eefe00000,0x0000000eeff00000)]
  0x0000013e4c38a800 JavaThread "Daemon client event forwarder" [_thread_blocked, id=3784, stack(0x0000000eefd00000,0x0000000eefe00000)]
  0x0000013e4bee3000 JavaThread "Asynchronous log dispatcher for DefaultDaemonConnection: socket connection from /127.0.0.1:50503 to /127.0.0.1:50504" [_thread_blocked, id=3756, stack(0x0000000eefb00000,0x0000000eefc00000)]
  0x0000013e4b85a800 JavaThread "Daemon worker" [_thread_in_native, id=7292, stack(0x0000000eefa00000,0x0000000eefb00000)]
  0x0000013e4bc50800 JavaThread "Cancel handler" [_thread_blocked, id=7476, stack(0x0000000eef900000,0x0000000eefa00000)]
  0x0000013e4c95e000 JavaThread "Handler for socket connection from /127.0.0.1:50503 to /127.0.0.1:50504" [_thread_in_native, id=8492, stack(0x0000000eef800000,0x0000000eef900000)]
  0x0000013e4b6be000 JavaThread "Daemon" [_thread_blocked, id=1728, stack(0x0000000eef700000,0x0000000eef800000)]
  0x0000013e4cea5800 JavaThread "Daemon periodic checks" [_thread_blocked, id=2748, stack(0x0000000eef600000,0x0000000eef700000)]
  0x0000013e4c204800 JavaThread "Incoming local TCP Connector on port 50503" [_thread_in_native, id=1860, stack(0x0000000eef500000,0x0000000eef600000)]
  0x0000013e4cada800 JavaThread "Daemon health stats" [_thread_blocked, id=2744, stack(0x0000000eef200000,0x0000000eef300000)]
  0x0000013e4a9f4800 JavaThread "Service Thread" daemon [_thread_blocked, id=3276, stack(0x0000000eef000000,0x0000000eef100000)]
  0x0000013e4a97e800 JavaThread "C1 CompilerThread2" daemon [_thread_in_native, id=8592, stack(0x0000000eeef00000,0x0000000eef000000)]
  0x0000013e4a96d000 JavaThread "C2 CompilerThread1" daemon [_thread_in_native, id=6824, stack(0x0000000eeee00000,0x0000000eeef00000)]
=>0x0000013e4a968800 JavaThread "C2 CompilerThread0" daemon [_thread_in_native, id=5544, stack(0x0000000eeed00000,0x0000000eeee00000)]
  0x0000013e4a964800 JavaThread "Attach Listener" daemon [_thread_blocked, id=5024, stack(0x0000000eeec00000,0x0000000eeed00000)]
  0x0000013e4a963800 JavaThread "Signal Dispatcher" daemon [_thread_blocked, id=8564, stack(0x0000000eeeb00000,0x0000000eeec00000)]
  0x0000013e4a207800 JavaThread "Finalizer" daemon [_thread_blocked, id=6472, stack(0x0000000eeea00000,0x0000000eeeb00000)]
  0x0000013e4a1ff000 JavaThread "Reference Handler" daemon [_thread_blocked, id=5880, stack(0x0000000eee900000,0x0000000eeea00000)]
  0x0000013e36664800 JavaThread "main" [_thread_blocked, id=5968, stack(0x0000000eee300000,0x0000000eee400000)]

Other Threads:
  0x0000013e4a922000 VMThread [stack: 0x0000000eee800000,0x0000000eee900000] [id=7016]
  0x0000013e4aa16800 WatcherThread [stack: 0x0000000eef100000,0x0000000eef200000] [id=1284]

VM state:not at safepoint (normal execution)

VM Mutex/Monitor currently owned by a thread: None

heap address: 0x00000000c0000000, size: 1024 MB, Compressed Oops mode: 32-bit
Narrow klass base: 0x0000000000000000, Narrow klass shift: 3
Compressed class space size: 1073741824 Address: 0x0000000100000000

Heap:
 PSYoungGen      total 83456K, used 57641K [0x00000000eab00000, 0x00000000f0780000, 0x0000000100000000)
  eden space 77312K, 66% used [0x00000000eab00000,0x00000000edd4c620,0x00000000ef680000)
  from space 6144K, 99% used [0x00000000efe80000,0x00000000f047e0b0,0x00000000f0480000)
  to   space 8192K, 0% used [0x00000000ef680000,0x00000000ef680000,0x00000000efe80000)
 ParOldGen       total 36864K, used 18492K [0x00000000c0000000, 0x00000000c2400000, 0x00000000eab00000)
  object space 36864K, 50% used [0x00000000c0000000,0x00000000c120f2b0,0x00000000c2400000)
 Metaspace       used 47823K, capacity 50012K, committed 50048K, reserved 1091584K
  class space    used 6612K, capacity 7027K, committed 7040K, reserved 1048576K

Card table byte_map: [0x0000013e473a0000,0x0000013e475b0000] byte_map_base: 0x0000013e46da0000

Marking Bits: (ParMarkBitMap*) 0x0000000075617fe0
 Begin Bits: [0x0000013e47710000, 0x0000013e48710000)
 End Bits:   [0x0000013e48710000, 0x0000013e49710000)

Polling page: 0x0000013e36610000

CodeCache: size=245760Kb used=13602Kb max_used=13613Kb free=232157Kb
 bounds [0x0000013e37fe0000, 0x0000013e38d40000, 0x0000013e46fe0000]
 total_blobs=4762 nmethods=3997 adapters=677
 compilation: enabled

Compilation events (10 events):
Event: 101.290 Thread 0x0000013e4a97e800 nmethod 4383 0x0000013e38d159d0 code [0x0000013e38d15b40, 0x0000013e38d15d98]
Event: 101.290 Thread 0x0000013e4a97e800 4384       3       sun.security.util.DerInputStream::<init> (19 bytes)
Event: 101.291 Thread 0x0000013e4a97e800 nmethod 4384 0x0000013e38d15490 code [0x0000013e38d15600, 0x0000013e38d158b8]
Event: 101.299 Thread 0x0000013e4a96d000 nmethod 4380 0x0000013e38d13950 code [0x0000013e38d13aa0, 0x0000013e38d13cf8]
Event: 101.299 Thread 0x0000013e4a96d000 4381       4       java.lang.ThreadLocal$ThreadLocalMap::getEntry (42 bytes)
Event: 101.303 Thread 0x0000013e4a96d000 nmethod 4381 0x0000013e38d13450 code [0x0000013e38d135a0, 0x0000013e38d13738]
Event: 101.303 Thread 0x0000013e4a96d000 4382       4       java.util.jar.Manifest$FastInputStream::readLine (9 bytes)
Event: 101.316 Thread 0x0000013e4a96d000 nmethod 4382 0x0000013e38d19cd0 code [0x0000013e38d19e20, 0x0000013e38d1a298]
Event: 101.340 Thread 0x0000013e4a96d000 4385       4       java.util.Objects::hash (5 bytes)
Event: 101.342 Thread 0x0000013e4a96d000 nmethod 4385 0x0000013e38d19910 code [0x0000013e38d19a60, 0x0000013e38d19b98]

GC Heap History (10 events):
Event: 62.809 GC heap before
{Heap before GC invocations=22 (full 1):
 PSYoungGen      total 50688K, used 13583K [0x00000000eab00000, 0x00000000ee280000, 0x0000000100000000)
  eden space 45568K, 23% used [0x00000000eab00000,0x00000000eb57d868,0x00000000ed780000)
  from space 5120K, 55% used [0x00000000edd80000,0x00000000ee046640,0x00000000ee280000)
  to   space 5632K, 0% used [0x00000000ed780000,0x00000000ed780000,0x00000000edd00000)
 ParOldGen       total 26112K, used 12916K [0x00000000c0000000, 0x00000000c1980000, 0x00000000eab00000)
  object space 26112K, 49% used [0x00000000c0000000,0x00000000c0c9d1b8,0x00000000c1980000)
 Metaspace       used 34219K, capacity 35422K, committed 35496K, reserved 1079296K
  class space    used 4783K, capacity 5051K, committed 5120K, reserved 1048576K
Event: 62.812 GC heap after
Heap after GC invocations=22 (full 1):
 PSYoungGen      total 51200K, used 841K [0x00000000eab00000, 0x00000000ef380000, 0x0000000100000000)
  eden space 45568K, 0% used [0x00000000eab00000,0x00000000eab00000,0x00000000ed780000)
  from space 5632K, 14% used [0x00000000ed780000,0x00000000ed852688,0x00000000edd00000)
  to   space 5632K, 0% used [0x00000000eee00000,0x00000000eee00000,0x00000000ef380000)
 ParOldGen       total 26112K, used 14033K [0x00000000c0000000, 0x00000000c1980000, 0x00000000eab00000)
  object space 26112K, 53% used [0x00000000c0000000,0x00000000c0db45b8,0x00000000c1980000)
 Metaspace       used 34219K, capacity 35422K, committed 35496K, reserved 1079296K
  class space    used 4783K, capacity 5051K, committed 5120K, reserved 1048576K
}
Event: 62.812 GC heap before
{Heap before GC invocations=23 (full 2):
 PSYoungGen      total 51200K, used 841K [0x00000000eab00000, 0x00000000ef380000, 0x0000000100000000)
  eden space 45568K, 0% used [0x00000000eab00000,0x00000000eab00000,0x00000000ed780000)
  from space 5632K, 14% used [0x00000000ed780000,0x00000000ed852688,0x00000000edd00000)
  to   space 5632K, 0% used [0x00000000eee00000,0x00000000eee00000,0x00000000ef380000)
 ParOldGen       total 26112K, used 14033K [0x00000000c0000000, 0x00000000c1980000, 0x00000000eab00000)
  object space 26112K, 53% used [0x00000000c0000000,0x00000000c0db45b8,0x00000000c1980000)
 Metaspace       used 34219K, capacity 35422K, committed 35496K, reserved 1079296K
  class space    used 4783K, capacity 5051K, committed 5120K, reserved 1048576K
Event: 62.964 GC heap after
Heap after GC invocations=23 (full 2):
 PSYoungGen      total 51200K, used 0K [0x00000000eab00000, 0x00000000ef380000, 0x0000000100000000)
  eden space 45568K, 0% used [0x00000000eab00000,0x00000000eab00000,0x00000000ed780000)
  from space 5632K, 0% used [0x00000000ed780000,0x00000000ed780000,0x00000000edd00000)
  to   space 5632K, 0% used [0x00000000eee00000,0x00000000eee00000,0x00000000ef380000)
 ParOldGen       total 36864K, used 14401K [0x00000000c0000000, 0x00000000c2400000, 0x00000000eab00000)
  object space 36864K, 39% used [0x00000000c0000000,0x00000000c0e105b0,0x00000000c2400000)
 Metaspace       used 34219K, capacity 35422K, committed 35496K, reserved 1079296K
  class space    used 4783K, capacity 5051K, committed 5120K, reserved 1048576K
}
Event: 65.703 GC heap before
{Heap before GC invocations=24 (full 2):
 PSYoungGen      total 51200K, used 45568K [0x00000000eab00000, 0x00000000ef380000, 0x0000000100000000)
  eden space 45568K, 100% used [0x00000000eab00000,0x00000000ed780000,0x00000000ed780000)
  from space 5632K, 0% used [0x00000000ed780000,0x00000000ed780000,0x00000000edd00000)
  to   space 5632K, 0% used [0x00000000eee00000,0x00000000eee00000,0x00000000ef380000)
 ParOldGen       total 36864K, used 14401K [0x00000000c0000000, 0x00000000c2400000, 0x00000000eab00000)
  object space 36864K, 39% used [0x00000000c0000000,0x00000000c0e105b0,0x00000000c2400000)
 Metaspace       used 36572K, capacity 38120K, committed 38272K, reserved 1081344K
  class space    used 5163K, capacity 5495K, committed 5504K, reserved 1048576K
Event: 65.711 GC heap after
Heap after GC invocations=24 (full 2):
 PSYoungGen      total 64512K, used 3514K [0x00000000eab00000, 0x00000000ef200000, 0x0000000100000000)
  eden space 60416K, 0% used [0x00000000eab00000,0x00000000eab00000,0x00000000ee600000)
  from space 4096K, 85% used [0x00000000eee00000,0x00000000ef16e9f8,0x00000000ef200000)
  to   space 6144K, 0% used [0x00000000ee600000,0x00000000ee600000,0x00000000eec00000)
 ParOldGen       total 36864K, used 14409K [0x00000000c0000000, 0x00000000c2400000, 0x00000000eab00000)
  object space 36864K, 39% used [0x00000000c0000000,0x00000000c0e125b0,0x00000000c2400000)
 Metaspace       used 36572K, capacity 38120K, committed 38272K, reserved 1081344K
  class space    used 5163K, capacity 5495K, committed 5504K, reserved 1048576K
}
Event: 75.783 GC heap before
{Heap before GC invocations=25 (full 2):
 PSYoungGen      total 64512K, used 63930K [0x00000000eab00000, 0x00000000ef200000, 0x0000000100000000)
  eden space 60416K, 100% used [0x00000000eab00000,0x00000000ee600000,0x00000000ee600000)
  from space 4096K, 85% used [0x00000000eee00000,0x00000000ef16e9f8,0x00000000ef200000)
  to   space 6144K, 0% used [0x00000000ee600000,0x00000000ee600000,0x00000000eec00000)
 ParOldGen       total 36864K, used 14409K [0x00000000c0000000, 0x00000000c2400000, 0x00000000eab00000)
  object space 36864K, 39% used [0x00000000c0000000,0x00000000c0e125b0,0x00000000c2400000)
 Metaspace       used 38323K, capacity 40122K, committed 40320K, reserved 1083392K
  class space    used 5382K, capacity 5706K, committed 5760K, reserved 1048576K
Event: 75.790 GC heap after
Heap after GC invocations=25 (full 2):
 PSYoungGen      total 66560K, used 3716K [0x00000000eab00000, 0x00000000f0480000, 0x0000000100000000)
  eden space 60416K, 0% used [0x00000000eab00000,0x00000000eab00000,0x00000000ee600000)
  from space 6144K, 60% used [0x00000000ee600000,0x00000000ee9a1058,0x00000000eec00000)
  to   space 6144K, 0% used [0x00000000efe80000,0x00000000efe80000,0x00000000f0480000)
 ParOldGen       total 36864K, used 15763K [0x00000000c0000000, 0x00000000c2400000, 0x00000000eab00000)
  object space 36864K, 42% used [0x00000000c0000000,0x00000000c0f64ca0,0x00000000c2400000)
 Metaspace       used 38323K, capacity 40122K, committed 40320K, reserved 1083392K
  class space    used 5382K, capacity 5706K, committed 5760K, reserved 1048576K
}
Event: 93.031 GC heap before
{Heap before GC invocations=26 (full 2):
 PSYoungGen      total 66560K, used 64132K [0x00000000eab00000, 0x00000000f0480000, 0x0000000100000000)
  eden space 60416K, 100% used [0x00000000eab00000,0x00000000ee600000,0x00000000ee600000)
  from space 6144K, 60% used [0x00000000ee600000,0x00000000ee9a1058,0x00000000eec00000)
  to   space 6144K, 0% used [0x00000000efe80000,0x00000000efe80000,0x00000000f0480000)
 ParOldGen       total 36864K, used 15763K [0x00000000c0000000, 0x00000000c2400000, 0x00000000eab00000)
  object space 36864K, 42% used [0x00000000c0000000,0x00000000c0f64ca0,0x00000000c2400000)
 Metaspace       used 43124K, capacity 45160K, committed 45312K, reserved 1087488K
  class space    used 6013K, capacity 6398K, committed 6400K, reserved 1048576K
Event: 93.062 GC heap after
Heap after GC invocations=26 (full 2):
 PSYoungGen      total 83456K, used 6136K [0x00000000eab00000, 0x00000000f0780000, 0x0000000100000000)
  eden space 77312K, 0% used [0x00000000eab00000,0x00000000eab00000,0x00000000ef680000)
  from space 6144K, 99% used [0x00000000efe80000,0x00000000f047e0b0,0x00000000f0480000)
  to   space 8192K, 0% used [0x00000000ef680000,0x00000000ef680000,0x00000000efe80000)
 ParOldGen       total 36864K, used 18492K [0x00000000c0000000, 0x00000000c2400000, 0x00000000eab00000)
  object space 36864K, 50% used [0x00000000c0000000,0x00000000c120f2b0,0x00000000c2400000)
 Metaspace       used 43124K, capacity 45160K, committed 45312K, reserved 1087488K
  class space    used 6013K, capacity 6398K, committed 6400K, reserved 1048576K
}

Deoptimization events (10 events):
Event: 93.223 Thread 0x0000013e4b85a800 Uncommon trap: reason=unstable_if action=reinterpret pc=0x0000013e3866ce50 method=org.objectweb.asm.ByteVector.putUTF8(Ljava/lang/String;)Lorg/objectweb/asm/ByteVector; @ 93
Event: 93.756 Thread 0x0000013e4b85a800 Uncommon trap: reason=predicate action=maybe_recompile pc=0x0000013e38968e10 method=java.util.Arrays.binarySearch0([Ljava/lang/Object;IILjava/lang/Object;Ljava/util/Comparator;)I @ 28
Event: 96.034 Thread 0x0000013e4b85a800 Uncommon trap: reason=predicate action=maybe_recompile pc=0x0000013e3855e444 method=java.util.AbstractCollection.toArray([Ljava/lang/Object;)[Ljava/lang/Object; @ 49
Event: 99.035 Thread 0x0000013e4b85a800 Uncommon trap: reason=unstable_if action=reinterpret pc=0x0000013e38a26d48 method=java.security.CodeSource.hashCode()I @ 4
Event: 99.036 Thread 0x0000013e4b85a800 Uncommon trap: reason=unstable_if action=reinterpret pc=0x0000013e38998f8c method=java.security.CodeSource.hashCode()I @ 4
Event: 100.333 Thread 0x0000013e4b85a800 Uncommon trap: reason=unstable_if action=reinterpret pc=0x0000013e38a5f6ac method=java.util.jar.JarFile.maybeInstantiateVerifier()V @ 75
Event: 100.334 Thread 0x0000013e4b85a800 Uncommon trap: reason=unstable_if action=reinterpret pc=0x0000013e383f9de4 method=java.util.jar.Attributes$Name.isDigit(C)Z @ 3
Event: 100.426 Thread 0x0000013e4b85a800 Uncommon trap: reason=unstable_if action=reinterpret pc=0x0000013e38abddc8 method=java.lang.ThreadLocal.get()Ljava/lang/Object; @ 11
Event: 101.227 Thread 0x0000013e4b85a800 Uncommon trap: reason=unstable_if action=reinterpret pc=0x0000013e381ae6e8 method=java.lang.String.regionMatches(ZILjava/lang/String;II)Z @ 41
Event: 101.228 Thread 0x0000013e4b85a800 Uncommon trap: reason=unstable_if action=reinterpret pc=0x0000013e38991acc method=java.util.HashMap.putVal(ILjava/lang/Object;Ljava/lang/Object;ZZ)Ljava/lang/Object; @ 236

Classes redefined (0 events):
No events

Internal exceptions (10 events):
Event: 85.689 Thread 0x0000013e4b85a800 Exception <a 'java/lang/ClassNotFoundException': org/gradle/api/internal/artifacts/repositories/AbstractResolutionAwareArtifactRepositoryCustomizer> (0x00000000eb7be040) thrown at [C:\jenkins\workspace\8-2-build-windows-amd64-cygwin\jdk8u271\605\hotspot\s
Event: 85.691 Thread 0x0000013e4b85a800 Exception <a 'java/lang/ClassNotFoundException': org/gradle/api/internal/artifacts/repositories/AbstractAuthenticationSupportedRepositoryCustomizer> (0x00000000eb844610) thrown at [C:\jenkins\workspace\8-2-build-windows-amd64-cygwin\jdk8u271\605\hotspot\s
Event: 85.696 Thread 0x0000013e4b85a800 Exception <a 'java/lang/ClassNotFoundException': org/gradle/api/internal/artifacts/repositories/DefaultMavenArtifactRepositoryCustomizer> (0x00000000eb8ce570) thrown at [C:\jenkins\workspace\8-2-build-windows-amd64-cygwin\jdk8u271\605\hotspot\src\share\vm
Event: 85.701 Thread 0x0000013e4b85a800 Exception <a 'java/lang/ClassNotFoundException': org/gradle/api/internal/artifacts/repositories/DefaultMavenArtifactRepository_DecoratedCustomizer> (0x00000000eb96ac90) thrown at [C:\jenkins\workspace\8-2-build-windows-amd64-cygwin\jdk8u271\605\hotspot\sr
Event: 85.717 Thread 0x0000013e4b85a800 Exception <a 'java/lang/ClassNotFoundException': org/gradle/api/internal/plugins/DefaultObjectConfigurationActionBeanInfo> (0x00000000eba67eb0) thrown at [C:\jenkins\workspace\8-2-build-windows-amd64-cygwin\jdk8u271\605\hotspot\src\share\vm\classfile\syst
Event: 85.718 Thread 0x0000013e4b85a800 Exception <a 'java/lang/ClassNotFoundException': org/gradle/api/internal/plugins/DefaultObjectConfigurationActionCustomizer> (0x00000000ebaaf650) thrown at [C:\jenkins\workspace\8-2-build-windows-amd64-cygwin\jdk8u271\605\hotspot\src\share\vm\classfile\sy
Event: 90.092 Thread 0x0000013e4b85a800 Exception <a 'sun/nio/fs/WindowsException'> (0x00000000edcc70a0) thrown at [C:\jenkins\workspace\8-2-build-windows-amd64-cygwin\jdk8u271\605\hotspot\src\share\vm\prims\jni.cpp, line 710]
Event: 99.034 Thread 0x0000013e4b85a800 Implicit null exception at 0x0000013e38a20062 to 0x0000013e38a26d1d
Event: 99.036 Thread 0x0000013e4b85a800 Implicit null exception at 0x0000013e38998c95 to 0x0000013e38998f7d
Event: 100.426 Thread 0x0000013e4b85a800 Implicit null exception at 0x0000013e38abdbd0 to 0x0000013e38abddb1

Events (10 events):
Event: 101.340 loading class sun/security/rsa/SunRsaSignEntries done
Event: 101.340 loading class sun/security/rsa/RSAKeyFactory$Legacy
Event: 101.343 loading class sun/security/rsa/RSAKeyFactory
Event: 101.344 loading class sun/security/rsa/RSAKeyFactory done
Event: 101.344 loading class sun/security/rsa/RSAKeyFactory$Legacy done
Event: 101.344 loading class java/security/spec/RSAPublicKeySpec
Event: 101.344 loading class java/security/spec/RSAPublicKeySpec done
Event: 101.344 loading class java/security/spec/RSAPrivateKeySpec
Event: 101.344 loading class java/security/spec/RSAPrivateKeySpec done
Event: 101.344 loading class java/security/spec/RSAPrivateCrtKeySpec


Dynamic libraries:
0x00007ff694ab0000 - 0x00007ff694af7000 	C:\Program Files\Java\jdk1.8.0_271\bin\java.exe
0x00007ff80b5e0000 - 0x00007ff80b7d0000 	C:\WINDOWS\SYSTEM32\ntdll.dll
0x00007ff80ae90000 - 0x00007ff80af42000 	C:\WINDOWS\System32\KERNEL32.DLL
0x00007ff8090a0000 - 0x00007ff809345000 	C:\WINDOWS\System32\KERNELBASE.dll
0x00007ff80afc0000 - 0x00007ff80b063000 	C:\WINDOWS\System32\ADVAPI32.dll
0x00007ff80b4f0000 - 0x00007ff80b58e000 	C:\WINDOWS\System32\msvcrt.dll
0x00007ff80b1f0000 - 0x00007ff80b287000 	C:\WINDOWS\System32\sechost.dll
0x00007ff80ad70000 - 0x00007ff80ae90000 	C:\WINDOWS\System32\RPCRT4.dll
0x00007ff80a4b0000 - 0x00007ff80a644000 	C:\WINDOWS\System32\USER32.dll
0x00007ff808ed0000 - 0x00007ff808ef1000 	C:\WINDOWS\System32\win32u.dll
0x00007ff80b070000 - 0x00007ff80b096000 	C:\WINDOWS\System32\GDI32.dll
0x00007ff808f00000 - 0x00007ff809096000 	C:\WINDOWS\System32\gdi32full.dll
0x00007ff8095f0000 - 0x00007ff80968e000 	C:\WINDOWS\System32\msvcp_win.dll
0x00007ff8094d0000 - 0x00007ff8095ca000 	C:\WINDOWS\System32\ucrtbase.dll
0x00007ffff2b40000 - 0x00007ffff2dc4000 	C:\WINDOWS\WinSxS\amd64_microsoft.windows.common-controls_6595b64144ccf1df_6.0.18362.1256_none_9e7e379be45e40e2\COMCTL32.dll
0x00007ff809870000 - 0x00007ff809ba6000 	C:\WINDOWS\System32\combase.dll
0x00007ff808650000 - 0x00007ff8086d1000 	C:\WINDOWS\System32\bcryptPrimitives.dll
0x00007ff80b290000 - 0x00007ff80b2be000 	C:\WINDOWS\System32\IMM32.DLL
0x00007ffff82b0000 - 0x00007ffff82c5000 	C:\Program Files\Java\jdk1.8.0_271\jre\bin\vcruntime140.dll
0x00007ffff79e0000 - 0x00007ffff7a7b000 	C:\Program Files\Java\jdk1.8.0_271\jre\bin\msvcp140.dll
0x0000000074e20000 - 0x000000007568f000 	C:\Program Files\Java\jdk1.8.0_271\jre\bin\server\jvm.dll
0x00007ff80ac20000 - 0x00007ff80ac28000 	C:\WINDOWS\System32\PSAPI.DLL
0x00007ff804740000 - 0x00007ff804749000 	C:\WINDOWS\SYSTEM32\WSOCK32.dll
0x00007ff806050000 - 0x00007ff806074000 	C:\WINDOWS\SYSTEM32\WINMM.dll
0x00007ff805c70000 - 0x00007ff805c7a000 	C:\WINDOWS\SYSTEM32\VERSION.dll
0x00007ff80af50000 - 0x00007ff80afbf000 	C:\WINDOWS\System32\WS2_32.dll
0x00007ff805ff0000 - 0x00007ff80601d000 	C:\WINDOWS\SYSTEM32\WINMMBASE.dll
0x00007ff808550000 - 0x00007ff80859a000 	C:\WINDOWS\System32\cfgmgr32.dll
0x00007ff8084e0000 - 0x00007ff8084f1000 	C:\WINDOWS\System32\kernel.appcore.dll
0x00007ff8035d0000 - 0x00007ff8035e0000 	C:\Program Files\Java\jdk1.8.0_271\jre\bin\verify.dll
0x00007ffff79b0000 - 0x00007ffff79db000 	C:\Program Files\Java\jdk1.8.0_271\jre\bin\java.dll
0x00007ffff6e00000 - 0x00007ffff6e18000 	C:\Program Files\Java\jdk1.8.0_271\jre\bin\zip.dll
0x00007ff809cf0000 - 0x00007ff80a3d7000 	C:\WINDOWS\System32\SHELL32.dll
0x00007ff80a3e0000 - 0x00007ff80a489000 	C:\WINDOWS\System32\shcore.dll
0x00007ff8086e0000 - 0x00007ff808e61000 	C:\WINDOWS\System32\windows.storage.dll
0x00007ff808490000 - 0x00007ff8084b3000 	C:\WINDOWS\System32\profapi.dll
0x00007ff808500000 - 0x00007ff80854a000 	C:\WINDOWS\System32\powrprof.dll
0x00007ff808480000 - 0x00007ff808490000 	C:\WINDOWS\System32\UMPDC.dll
0x00007ff80b100000 - 0x00007ff80b152000 	C:\WINDOWS\System32\shlwapi.dll
0x00007ff8095d0000 - 0x00007ff8095e7000 	C:\WINDOWS\System32\cryptsp.dll
0x00007ffff6de0000 - 0x00007ffff6dfc000 	C:\Program Files\Java\jdk1.8.0_271\jre\bin\net.dll
0x00007ff807c70000 - 0x00007ff807cd7000 	C:\WINDOWS\system32\mswsock.dll
0x00007ffff6dc0000 - 0x00007ffff6dd3000 	C:\Program Files\Java\jdk1.8.0_271\jre\bin\nio.dll
0x00007ffff7a80000 - 0x00007ffff7aa7000 	C:\Users\dell 5450\.gradle\native\fdc75f09e3144964f2cf3f50f0aa648679c211496f362492102eb8c894070792\windows-amd64\native-platform.dll
0x00007fffe3720000 - 0x00007fffe38b6000 	C:\Users\dell 5450\.gradle\native\12488b8bf47d2d4c9fbf2f6322a914ad602e24e48041cd04a747c6da556b65c4\windows-amd64\native-platform-file-events.dll
0x00007ff8034a0000 - 0x00007ff8034ad000 	C:\Program Files\Java\jdk1.8.0_271\jre\bin\management.dll
0x00007ff8077e0000 - 0x00007ff807813000 	C:\WINDOWS\system32\rsaenh.dll
0x00007ff8094a0000 - 0x00007ff8094c6000 	C:\WINDOWS\System32\bcrypt.dll
0x00007ff8083a0000 - 0x00007ff8083c5000 	C:\WINDOWS\SYSTEM32\USERENV.dll
0x00007ff807e40000 - 0x00007ff807e4c000 	C:\WINDOWS\SYSTEM32\CRYPTBASE.dll
0x00007ff807980000 - 0x00007ff8079ba000 	C:\WINDOWS\SYSTEM32\IPHLPAPI.DLL
0x00007ff80b590000 - 0x00007ff80b598000 	C:\WINDOWS\System32\NSI.dll
0x00007ffffdd70000 - 0x00007ffffdd86000 	C:\WINDOWS\SYSTEM32\dhcpcsvc6.DLL
0x00007fffff0b0000 - 0x00007fffff0cc000 	C:\WINDOWS\SYSTEM32\dhcpcsvc.DLL
0x00007ff8079c0000 - 0x00007ff807a8b000 	C:\WINDOWS\SYSTEM32\DNSAPI.dll
0x00007ff800a80000 - 0x00007ff800a8b000 	C:\WINDOWS\SYSTEM32\WINNSI.DLL
0x00007ff806c70000 - 0x00007ff806e64000 	C:\WINDOWS\SYSTEM32\dbghelp.dll

VM Arguments:
jvm_args: -XX:MaxPermSize=1024m -XX:+HeapDumpOnOutOfMemoryError -Xmx1024m -Dfile.encoding=UTF-8 -Duser.country=BR -Duser.language=pt -Duser.variant 
java_command: org.gradle.launcher.daemon.bootstrap.GradleDaemon 6.8.3
java_class_path (initial): C:\Users\dell 5450\.gradle\wrapper\dists\gradle-6.8.3-bin\7ykxq50lst7lb7wx1nijpicxn\gradle-6.8.3\lib\gradle-launcher-6.8.3.jar
Launcher Type: SUN_STANDARD

Environment Variables:
JAVA_HOME=C:\Program Files\Java\jdk1.8.0_271
PATH=C:\Program Files (x86)\Common Files\Oracle\Java\javapath;C:\WINDOWS\system32;C:\WINDOWS;C:\WINDOWS\System32\Wbem;C:\WINDOWS\System32\WindowsPowerShell\v1.0\;C:\WINDOWS\System32\OpenSSH\;%PY_HOME%\Scripts\;C:\Program Files\Git\cmd;C:\Users\dell 5450\Downloads\chromedriver_win32 (1);C:\Users\dell 5450\.bzt\selenium-taurus\tools\geckodriver\0.23.0;C:\Program Files\Google\Chrome\Application;C:\Program Files\nodejs\;C:\Users\dell 5450\Downloads\gradle-6.8.3-bin\gradle-6.8.3\bin;C:\Program Files\CMake\bin;C:\Users\dell 5450\AppData\Local\Microsoft\WindowsApps;C:\Users\dell 5450\AppData\Local\Programs\Fiddler;%PY_HOME%\Scripts\;C:\Users\dell 5450\AppData\Roaming\npm;C:\Users\dell 5450\AppData\Local\Programs\Microsoft VS Code\bin
USERNAME=dell 5450
OS=Windows_NT
PROCESSOR_IDENTIFIER=Intel64 Family 6 Model 61 Stepping 4, GenuineIntel



---------------  S Y S T E M  ---------------

OS: Windows 10.0 , 64 bit Build 18362 (10.0.18362.1110)

CPU:total 4 (initial active 4) (2 cores per cpu, 2 threads per core) family 6 model 61 stepping 4, cmov, cx8, fxsr, mmx, sse, sse2, sse3, ssse3, sse4.1, sse4.2, popcnt, avx, avx2, aes, clmul, erms, rtm, 3dnowpref, lzcnt, ht, tsc, tscinvbit, bmi1, bmi2, adx

Memory: 4k page, physical 4082328k(78644k free), swap 5509784k(2120k free)

vm_info: Java HotSpot(TM) 64-Bit Server VM (25.271-b09) for windows-amd64 JRE (1.8.0_271-b09), built on Sep 16 2020 19:14:59 by "" with MS VC++ 15.9 (VS2017)

time: Thu Mar 11 00:34:21 2021
timezone: Hora oficial do Brasil
elapsed time: 102.944100 seconds (0d 0h 1m 42s)

