#
# There is insufficient memory for the Java Runtime Environment to continue.
# Native memory allocation (malloc) failed to allocate 161744 bytes for Chunk::new
# Possible reasons:
#   The system is out of physical RAM or swap space
#   The process is running with CompressedOops enabled, and the Java Heap may be blocking the growth of the native heap
# Possible solutions:
#   Reduce memory load on the system
#   Increase physical memory or swap space
#   Check if swap backing store is full
#   Decrease Java heap size (-Xmx/-Xms)
#   Decrease number of Java threads
#   Decrease Java thread stack sizes (-Xss)
#   Set larger code cache with -XX:ReservedCodeCacheSize=
#   JVM is running with Unscaled Compressed Oops mode in which the Java heap is
#     placed in the first 4GB address space. The Java Heap base address is the
#     maximum limit for the native heap growth. Please use -XX:HeapBaseMinAddress
#     to set the Java Heap base and to place the Java Heap above 4GB virtual address.
# This output file may be truncated or incomplete.
#
#  Out of Memory Error (allocation.cpp:389), pid=1744, tid=0x0000000000000a90
#
# JRE version: Java(TM) SE Runtime Environment (8.0_271-b09) (build 1.8.0_271-b09)
# Java VM: Java HotSpot(TM) 64-Bit Server VM (25.271-b09 mixed mode windows-amd64 compressed oops)
# Failed to write core dump. Minidumps are not enabled by default on client versions of Windows
#

---------------  T H R E A D  ---------------

Current thread (0x0000024edcc5c800):  JavaThread "C2 CompilerThread1" daemon [_thread_in_native, id=2704, stack(0x0000009950e00000,0x0000009950f00000)]

Stack: [0x0000009950e00000,0x0000009950f00000]
Native frames: (J=compiled Java code, j=interpreted, Vv=VM code, C=native code)
V  [jvm.dll+0x33f6c9]


Current CompileTask:
C2:   2330  600  s!   4       sun.misc.URLClassPath::getLoader (243 bytes)


---------------  P R O C E S S  ---------------

Java Threads: ( => current thread )
  0x0000024edcce1800 JavaThread "Service Thread" daemon [_thread_blocked, id=8564, stack(0x0000009951000000,0x0000009951100000)]
  0x0000024edcc6e800 JavaThread "C1 CompilerThread2" daemon [_thread_blocked, id=10016, stack(0x0000009950f00000,0x0000009951000000)]
=>0x0000024edcc5c800 JavaThread "C2 CompilerThread1" daemon [_thread_in_native, id=2704, stack(0x0000009950e00000,0x0000009950f00000)]
  0x0000024edcc58000 JavaThread "C2 CompilerThread0" daemon [_thread_in_native, id=9984, stack(0x0000009950d00000,0x0000009950e00000)]
  0x0000024edcc56000 JavaThread "Attach Listener" daemon [_thread_blocked, id=4512, stack(0x0000009950c00000,0x0000009950d00000)]
  0x0000024edcc55000 JavaThread "Signal Dispatcher" daemon [_thread_blocked, id=9516, stack(0x0000009950b00000,0x0000009950c00000)]
  0x0000024edc508000 JavaThread "Finalizer" daemon [_thread_blocked, id=2552, stack(0x0000009950a00000,0x0000009950b00000)]
  0x0000024edcc36000 JavaThread "Reference Handler" daemon [_thread_blocked, id=1220, stack(0x0000009950900000,0x0000009950a00000)]
  0x0000024ecac64000 JavaThread "main" [_thread_in_native, id=7680, stack(0x0000009950300000,0x0000009950400000)]

Other Threads:
  0x0000024edcc14800 VMThread [stack: 0x0000009950800000,0x0000009950900000] [id=6316]
  0x0000024edcce3800 WatcherThread [stack: 0x0000009951100000,0x0000009951200000] [id=8384]

VM state:not at safepoint (normal execution)

VM Mutex/Monitor currently owned by a thread: None

heap address: 0x00000000fc000000, size: 64 MB, Compressed Oops mode: 32-bit
Narrow klass base: 0x0000000000000000, Narrow klass shift: 3
Compressed class space size: 1073741824 Address: 0x0000000100000000

Heap:
 PSYoungGen      total 18944K, used 14792K [0x00000000feb00000, 0x0000000100000000, 0x0000000100000000)
  eden space 16384K, 90% used [0x00000000feb00000,0x00000000ff972378,0x00000000ffb00000)
  from space 2560K, 0% used [0x00000000ffd80000,0x00000000ffd80000,0x0000000100000000)
  to   space 2560K, 0% used [0x00000000ffb00000,0x00000000ffb00000,0x00000000ffd80000)
 ParOldGen       total 44032K, used 0K [0x00000000fc000000, 0x00000000feb00000, 0x00000000feb00000)
  object space 44032K, 0% used [0x00000000fc000000,0x00000000fc000000,0x00000000feb00000)
 Metaspace       used 5481K, capacity 5702K, committed 5888K, reserved 1056768K
  class space    used 637K, capacity 709K, committed 768K, reserved 1048576K

Card table byte_map: [0x0000024edb990000,0x0000024edb9c0000] byte_map_base: 0x0000024edb1b0000

Marking Bits: (ParMarkBitMap*) 0x000000005cb27fe0
 Begin Bits: [0x0000024edb9e0000, 0x0000024edbae0000)
 End Bits:   [0x0000024edbae0000, 0x0000024edbbe0000)

Polling page: 0x0000024ecc5a0000

CodeCache: size=245760Kb used=2501Kb max_used=2501Kb free=243258Kb
 bounds [0x0000024ecc5d0000, 0x0000024ecc850000, 0x0000024edb5d0000]
 total_blobs=879 nmethods=607 adapters=185
 compilation: enabled

Compilation events (10 events):
Event: 2.297 Thread 0x0000024edcc6e800  602       3       java.util.zip.ZipEntry::<init> (43 bytes)
Event: 2.298 Thread 0x0000024edcc6e800 nmethod 602 0x0000024ecc832410 code [0x0000024ecc832560, 0x0000024ecc832778]
Event: 2.298 Thread 0x0000024edcc6e800  603       3       java.util.zip.ZipCoder::toString (190 bytes)
Event: 2.301 Thread 0x0000024edcc6e800 nmethod 603 0x0000024ecc83af90 code [0x0000024ecc83b320, 0x0000024ecc83d2e0]
Event: 2.301 Thread 0x0000024edcc6e800  604       3       java.util.zip.ZipEntry::setExtra0 (360 bytes)
Event: 2.302 Thread 0x0000024edcc6e800 nmethod 604 0x0000024ecc83e610 code [0x0000024ecc83e8c0, 0x0000024ecc83f5d0]
Event: 2.303 Thread 0x0000024edcc6e800  606       3       java.util.ArrayList::grow (45 bytes)
Event: 2.304 Thread 0x0000024edcc6e800 nmethod 606 0x0000024ecc83fbd0 code [0x0000024ecc83fd60, 0x0000024ecc840260]
Event: 2.316 Thread 0x0000024edcc6e800  607       3       java.lang.String::indexOf (25 bytes)
Event: 2.316 Thread 0x0000024edcc6e800 nmethod 607 0x0000024ecc840450 code [0x0000024ecc8405c0, 0x0000024ecc840770]

GC Heap History (0 events):
No events

Deoptimization events (0 events):
No events

Classes redefined (0 events):
No events

Internal exceptions (8 events):
Event: 0.154 Thread 0x0000024ecac64000 Exception <a 'java/lang/NoSuchMethodError': Method sun.misc.Unsafe.defineClass(Ljava/lang/String;[BII)Ljava/lang/Class; name or signature does not match> (0x00000000feb07cc0) thrown at [C:\jenkins\workspace\8-2-build-windows-amd64-cygwin\jdk8u271\605\hots
Event: 0.154 Thread 0x0000024ecac64000 Exception <a 'java/lang/NoSuchMethodError': Method sun.misc.Unsafe.prefetchRead(Ljava/lang/Object;J)V name or signature does not match> (0x00000000feb07fa8) thrown at [C:\jenkins\workspace\8-2-build-windows-amd64-cygwin\jdk8u271\605\hotspot\src\share\vm\p
Event: 0.990 Thread 0x0000024ecac64000 Exception <a 'java/lang/NoSuchFieldError': method resolution failed> (0x00000000fed02e48) thrown at [C:\jenkins\workspace\8-2-build-windows-amd64-cygwin\jdk8u271\605\hotspot\src\share\vm\prims\methodHandles.cpp, line 1169]
Event: 0.993 Thread 0x0000024ecac64000 Exception <a 'java/lang/NoSuchFieldError': method resolution failed> (0x00000000fed10248) thrown at [C:\jenkins\workspace\8-2-build-windows-amd64-cygwin\jdk8u271\605\hotspot\src\share\vm\prims\methodHandles.cpp, line 1169]
Event: 1.741 Thread 0x0000024ecac64000 Exception <a 'java/security/PrivilegedActionException'> (0x00000000ff3b58c0) thrown at [C:\jenkins\workspace\8-2-build-windows-amd64-cygwin\jdk8u271\605\hotspot\src\share\vm\prims\jvm.cpp, line 1512]
Event: 1.741 Thread 0x0000024ecac64000 Exception <a 'java/security/PrivilegedActionException'> (0x00000000ff3b5ad0) thrown at [C:\jenkins\workspace\8-2-build-windows-amd64-cygwin\jdk8u271\605\hotspot\src\share\vm\prims\jvm.cpp, line 1512]
Event: 1.743 Thread 0x0000024ecac64000 Exception <a 'java/security/PrivilegedActionException'> (0x00000000ff3b99e0) thrown at [C:\jenkins\workspace\8-2-build-windows-amd64-cygwin\jdk8u271\605\hotspot\src\share\vm\prims\jvm.cpp, line 1512]
Event: 1.743 Thread 0x0000024ecac64000 Exception <a 'java/security/PrivilegedActionException'> (0x00000000ff3b9bf0) thrown at [C:\jenkins\workspace\8-2-build-windows-amd64-cygwin\jdk8u271\605\hotspot\src\share\vm\prims\jvm.cpp, line 1512]

Events (10 events):
Event: 2.314 loading class java/lang/Shutdown$Lock
Event: 2.314 loading class java/lang/Shutdown$Lock done
Event: 2.314 loading class java/util/logging/LogManager$2
Event: 2.314 loading class java/util/logging/LogManager$2 done
Event: 2.314 loading class java/util/logging/LogManager$3
Event: 2.314 loading class java/util/logging/LogManager$3 done
Event: 2.315 loading class java/util/logging/LogManager$LoggerWeakRef
Event: 2.316 loading class java/util/logging/LogManager$LoggerWeakRef done
Event: 2.316 loading class java/util/logging/LogManager$LoggerContext$1
Event: 2.316 loading class java/util/logging/LogManager$LoggerContext$1 done


Dynamic libraries:
0x00007ff7a1240000 - 0x00007ff7a1287000 	C:\Program Files\Java\jdk1.8.0_271\bin\java.exe
0x00007ff888480000 - 0x00007ff888670000 	C:\WINDOWS\SYSTEM32\ntdll.dll
0x00007ff8869b0000 - 0x00007ff886a62000 	C:\WINDOWS\System32\KERNEL32.DLL
0x00007ff886010000 - 0x00007ff8862b5000 	C:\WINDOWS\System32\KERNELBASE.dll
0x00007ff886fb0000 - 0x00007ff887053000 	C:\WINDOWS\System32\ADVAPI32.dll
0x00007ff886910000 - 0x00007ff8869ae000 	C:\WINDOWS\System32\msvcrt.dll
0x00007ff886870000 - 0x00007ff886907000 	C:\WINDOWS\System32\sechost.dll
0x00007ff886bd0000 - 0x00007ff886cf0000 	C:\WINDOWS\System32\RPCRT4.dll
0x00007ff886e10000 - 0x00007ff886fa4000 	C:\WINDOWS\System32\USER32.dll
0x00007ff885650000 - 0x00007ff885671000 	C:\WINDOWS\System32\win32u.dll
0x00007ff8877c0000 - 0x00007ff8877e6000 	C:\WINDOWS\System32\GDI32.dll
0x00007ff886360000 - 0x00007ff8864f6000 	C:\WINDOWS\System32\gdi32full.dll
0x00007ff8862c0000 - 0x00007ff88635e000 	C:\WINDOWS\System32\msvcp_win.dll
0x00007ff8853f0000 - 0x00007ff8854ea000 	C:\WINDOWS\System32\ucrtbase.dll
0x00007ff870370000 - 0x00007ff8705f4000 	C:\WINDOWS\WinSxS\amd64_microsoft.windows.common-controls_6595b64144ccf1df_6.0.18362.1256_none_9e7e379be45e40e2\COMCTL32.dll
0x00007ff886530000 - 0x00007ff886866000 	C:\WINDOWS\System32\combase.dll
0x00007ff885e10000 - 0x00007ff885e91000 	C:\WINDOWS\System32\bcryptPrimitives.dll
0x00007ff888040000 - 0x00007ff88806e000 	C:\WINDOWS\System32\IMM32.DLL
0x00007ff87d090000 - 0x00007ff87d0a5000 	C:\Program Files\Java\jdk1.8.0_271\jre\bin\vcruntime140.dll
0x00007ff8713e0000 - 0x00007ff87147b000 	C:\Program Files\Java\jdk1.8.0_271\jre\bin\msvcp140.dll
0x000000005c330000 - 0x000000005cb9f000 	C:\Program Files\Java\jdk1.8.0_271\jre\bin\server\jvm.dll
0x00007ff887f40000 - 0x00007ff887f48000 	C:\WINDOWS\System32\PSAPI.DLL
0x00007ff881700000 - 0x00007ff881709000 	C:\WINDOWS\SYSTEM32\WSOCK32.dll
0x00007ff882a50000 - 0x00007ff882a74000 	C:\WINDOWS\SYSTEM32\WINMM.dll
0x00007ff887060000 - 0x00007ff8870cf000 	C:\WINDOWS\System32\WS2_32.dll
0x00007ff873440000 - 0x00007ff87344a000 	C:\WINDOWS\SYSTEM32\VERSION.dll
0x00007ff882580000 - 0x00007ff8825ad000 	C:\WINDOWS\SYSTEM32\WINMMBASE.dll
0x00007ff885600000 - 0x00007ff88564a000 	C:\WINDOWS\System32\cfgmgr32.dll
0x00007ff885380000 - 0x00007ff885391000 	C:\WINDOWS\System32\kernel.appcore.dll
0x00007ff87da40000 - 0x00007ff87da50000 	C:\Program Files\Java\jdk1.8.0_271\jre\bin\verify.dll
0x00007ff876170000 - 0x00007ff87619b000 	C:\Program Files\Java\jdk1.8.0_271\jre\bin\java.dll
0x00007ff876080000 - 0x00007ff876098000 	C:\Program Files\Java\jdk1.8.0_271\jre\bin\zip.dll
0x00007ff8870d0000 - 0x00007ff8877b7000 	C:\WINDOWS\System32\SHELL32.dll
0x00007ff888070000 - 0x00007ff888119000 	C:\WINDOWS\System32\shcore.dll
0x00007ff885680000 - 0x00007ff885e01000 	C:\WINDOWS\System32\windows.storage.dll
0x00007ff8853a0000 - 0x00007ff8853c3000 	C:\WINDOWS\System32\profapi.dll
0x00007ff885330000 - 0x00007ff88537a000 	C:\WINDOWS\System32\powrprof.dll
0x00007ff885320000 - 0x00007ff885330000 	C:\WINDOWS\System32\UMPDC.dll
0x00007ff888140000 - 0x00007ff888192000 	C:\WINDOWS\System32\shlwapi.dll
0x00007ff885ea0000 - 0x00007ff885eb7000 	C:\WINDOWS\System32\cryptsp.dll

VM Arguments:
jvm_args: -Xmx64m -Xms64m -Dorg.gradle.appname=gradle 
java_command: org.gradle.launcher.GradleMain installDebug
java_class_path (initial): C:\Users\dell 5450\Downloads\gradle-6.8.3-bin\gradle-6.8.3\lib\gradle-launcher-6.8.3.jar
Launcher Type: SUN_STANDARD

Environment Variables:
JAVA_HOME=C:\Program Files\Java\jdk1.8.0_271
CLASSPATH=C:\Users\dell 5450\Downloads\gradle-6.8.3-bin\gradle-6.8.3\lib\gradle-launcher-6.8.3.jar
PATH=C:\Program Files (x86)\Common Files\Oracle\Java\javapath;C:\WINDOWS\system32;C:\WINDOWS;C:\WINDOWS\System32\Wbem;C:\WINDOWS\System32\WindowsPowerShell\v1.0\;C:\WINDOWS\System32\OpenSSH\;%PY_HOME%\Scripts\;C:\Program Files\Git\cmd;C:\Users\dell 5450\Downloads\chromedriver_win32 (1);C:\Users\dell 5450\.bzt\selenium-taurus\tools\geckodriver\0.23.0;C:\Program Files\Google\Chrome\Application;C:\Program Files\nodejs\;C:\Users\dell 5450\Downloads\gradle-6.8.3-bin\gradle-6.8.3\bin;C:\Users\dell 5450\AppData\Local\Microsoft\WindowsApps;C:\Users\dell 5450\AppData\Local\Programs\Fiddler;%PY_HOME%\Scripts\;C:\Users\dell 5450\AppData\Roaming\npm;C:\Users\dell 5450\AppData\Local\Programs\Microsoft VS Code\bin
USERNAME=dell 5450
OS=Windows_NT
PROCESSOR_IDENTIFIER=Intel64 Family 6 Model 61 Stepping 4, GenuineIntel



---------------  S Y S T E M  ---------------

OS: Windows 10.0 , 64 bit Build 18362 (10.0.18362.1110)

CPU:total 4 (initial active 4) (2 cores per cpu, 2 threads per core) family 6 model 61 stepping 4, cmov, cx8, fxsr, mmx, sse, sse2, sse3, ssse3, sse4.1, sse4.2, popcnt, avx, avx2, aes, clmul, erms, rtm, 3dnowpref, lzcnt, ht, tsc, tscinvbit, bmi1, bmi2, adx

Memory: 4k page, physical 4082328k(94572k free), swap 5509784k(5128k free)

vm_info: Java HotSpot(TM) 64-Bit Server VM (25.271-b09) for windows-amd64 JRE (1.8.0_271-b09), built on Sep 16 2020 19:14:59 by "" with MS VC++ 15.9 (VS2017)

time: Sat Feb 27 23:30:38 2021
timezone: Hora oficial do Brasil
elapsed time: 2.339691 seconds (0d 0h 0m 2s)

