#
# There is insufficient memory for the Java Runtime Environment to continue.
# Native memory allocation (malloc) failed to allocate 32744 bytes for ChunkPool::allocate
# Possible reasons:
#   The system is out of physical RAM or swap space
#   The process is running with CompressedOops enabled, and the Java Heap may be blocking the growth of the native heap
# Possible solutions:
#   Reduce memory load on the system
#   Increase physical memory or swap space
#   Check if swap backing store is full
#   Decrease Java heap size (-Xmx/-Xms)
#   Decrease number of Java threads
#   Decrease Java thread stack sizes (-Xss)
#   Set larger code cache with -XX:ReservedCodeCacheSize=
#   JVM is running with Unscaled Compressed Oops mode in which the Java heap is
#     placed in the first 4GB address space. The Java Heap base address is the
#     maximum limit for the native heap growth. Please use -XX:HeapBaseMinAddress
#     to set the Java Heap base and to place the Java Heap above 4GB virtual address.
# This output file may be truncated or incomplete.
#
#  Out of Memory Error (allocation.cpp:272), pid=5820, tid=0x0000000000001758
#
# JRE version: Java(TM) SE Runtime Environment (8.0_271-b09) (build 1.8.0_271-b09)
# Java VM: Java HotSpot(TM) 64-Bit Server VM (25.271-b09 mixed mode windows-amd64 compressed oops)
# Failed to write core dump. Minidumps are not enabled by default on client versions of Windows
#

---------------  T H R E A D  ---------------

Current thread (0x000001fdb2c21800):  JavaThread "C2 CompilerThread1" daemon [_thread_in_native, id=5976, stack(0x000000b89a700000,0x000000b89a800000)]

Stack: [0x000000b89a700000,0x000000b89a800000]
Native frames: (J=compiled Java code, j=interpreted, Vv=VM code, C=native code)
V  [jvm.dll+0x33f6c9]


Current CompileTask:
C2:   3999 1647   !   4       java.net.URLClassLoader$1::run (63 bytes)


---------------  P R O C E S S  ---------------

Java Threads: ( => current thread )
  0x000001fdb5aaa000 JavaThread "Cache worker for journal cache (C:\Users\dell 5450\.gradle\caches\journal-1)" [_thread_blocked, id=9008, stack(0x000000b89b900000,0x000000b89ba00000)]
  0x000001fdb5aa7800 JavaThread "File lock request listener" [_thread_in_native, id=4052, stack(0x000000b89b800000,0x000000b89b900000)]
  0x000001fdb5aa9000 JavaThread "Cache worker for file hash cache (C:\Users\dell 5450\.gradle\caches\6.8.3\fileHashes)" [_thread_blocked, id=7340, stack(0x000000b89b700000,0x000000b89b800000)]
  0x000001fdb59a8000 JavaThread "Daemon client event forwarder" [_thread_blocked, id=3336, stack(0x000000b89b600000,0x000000b89b700000)]
  0x000001fdb582f000 JavaThread "Stdin handler" [_thread_blocked, id=5812, stack(0x000000b89b500000,0x000000b89b600000)]
  0x000001fdb5a48000 JavaThread "Asynchronous log dispatcher for DefaultDaemonConnection: socket connection from /127.0.0.1:50520 to /127.0.0.1:50521" [_thread_blocked, id=7800, stack(0x000000b89b400000,0x000000b89b500000)]
  0x000001fdb5820000 JavaThread "Daemon worker" [_thread_in_native, id=3692, stack(0x000000b89b300000,0x000000b89b400000)]
  0x000001fdb589c800 JavaThread "Cancel handler" [_thread_blocked, id=6676, stack(0x000000b89b200000,0x000000b89b300000)]
  0x000001fdb3eed000 JavaThread "Handler for socket connection from /127.0.0.1:50520 to /127.0.0.1:50521" [_thread_in_native, id=1396, stack(0x000000b89b100000,0x000000b89b200000)]
  0x000001fdb3eec800 JavaThread "Daemon" [_thread_blocked, id=5516, stack(0x000000b89b000000,0x000000b89b100000)]
  0x000001fdb56ae000 JavaThread "Daemon periodic checks" [_thread_blocked, id=2740, stack(0x000000b89af00000,0x000000b89b000000)]
  0x000001fdb56bd800 JavaThread "Incoming local TCP Connector on port 50520" [_thread_in_native, id=8232, stack(0x000000b89ae00000,0x000000b89af00000)]
  0x000001fdb49e5800 JavaThread "Daemon health stats" [_thread_blocked, id=8872, stack(0x000000b89ab00000,0x000000b89ac00000)]
  0x000001fdb2c97800 JavaThread "Service Thread" daemon [_thread_blocked, id=6516, stack(0x000000b89a900000,0x000000b89aa00000)]
  0x000001fdb2c26000 JavaThread "C1 CompilerThread2" daemon [_thread_in_vm, id=7976, stack(0x000000b89a800000,0x000000b89a900000)]
=>0x000001fdb2c21800 JavaThread "C2 CompilerThread1" daemon [_thread_in_native, id=5976, stack(0x000000b89a700000,0x000000b89a800000)]
  0x000001fdb2c1b800 JavaThread "C2 CompilerThread0" daemon [_thread_in_native, id=8244, stack(0x000000b89a600000,0x000000b89a700000)]
  0x000001fdb2c17000 JavaThread "Attach Listener" daemon [_thread_blocked, id=7832, stack(0x000000b89a500000,0x000000b89a600000)]
  0x000001fdb2c15800 JavaThread "Signal Dispatcher" daemon [_thread_blocked, id=8468, stack(0x000000b89a400000,0x000000b89a500000)]
  0x000001fd9ebaa800 JavaThread "Finalizer" daemon [_thread_blocked, id=6628, stack(0x000000b89a300000,0x000000b89a400000)]
  0x000001fd9eba2000 JavaThread "Reference Handler" daemon [_thread_blocked, id=4612, stack(0x000000b89a200000,0x000000b89a300000)]
  0x000001fd9e9b4800 JavaThread "main" [_thread_blocked, id=3016, stack(0x000000b899c00000,0x000000b899d00000)]

Other Threads:
  0x000001fdb2bd2000 VMThread [stack: 0x000000b89a100000,0x000000b89a200000] [id=6256]
  0x000001fdb2cc2000 WatcherThread [stack: 0x000000b89aa00000,0x000000b89ab00000] [id=7480]

VM state:not at safepoint (normal execution)

VM Mutex/Monitor currently owned by a thread: None

heap address: 0x00000000c0000000, size: 1024 MB, Compressed Oops mode: 32-bit
Narrow klass base: 0x0000000000000000, Narrow klass shift: 3
Compressed class space size: 1073741824 Address: 0x0000000100000000

Heap:
 PSYoungGen      total 71168K, used 54408K [0x00000000eab00000, 0x00000000ef800000, 0x0000000100000000)
  eden space 65024K, 74% used [0x00000000eab00000,0x00000000eda7a8e0,0x00000000eea80000)
  from space 6144K, 94% used [0x00000000ef100000,0x00000000ef6a7b10,0x00000000ef700000)
  to   space 6656K, 0% used [0x00000000eea80000,0x00000000eea80000,0x00000000ef100000)
 ParOldGen       total 44032K, used 5444K [0x00000000c0000000, 0x00000000c2b00000, 0x00000000eab00000)
  object space 44032K, 12% used [0x00000000c0000000,0x00000000c05511e0,0x00000000c2b00000)
 Metaspace       used 18221K, capacity 19022K, committed 19200K, reserved 1064960K
  class space    used 2622K, capacity 2803K, committed 2816K, reserved 1048576K

Card table byte_map: [0x000001fdaf750000,0x000001fdaf960000] byte_map_base: 0x000001fdaf150000

Marking Bits: (ParMarkBitMap*) 0x0000000075617fe0
 Begin Bits: [0x000001fdafac0000, 0x000001fdb0ac0000)
 End Bits:   [0x000001fdb0ac0000, 0x000001fdb1ac0000)

Polling page: 0x000001fd9e960000

CodeCache: size=245760Kb used=6037Kb max_used=6037Kb free=239722Kb
 bounds [0x000001fda0390000, 0x000001fda0980000, 0x000001fdaf390000]
 total_blobs=2155 nmethods=1732 adapters=335
 compilation: enabled

Compilation events (10 events):
Event: 3.912 Thread 0x000001fdb2c26000 1732       3       java.lang.reflect.Modifier::isFinal (13 bytes)
Event: 3.912 Thread 0x000001fdb2c26000 nmethod 1732 0x000001fda0974f90 code [0x000001fda09750e0, 0x000001fda0975278]
Event: 3.959 Thread 0x000001fdb2c26000 1734       3       jdk.internal.org.objectweb.asm.AnnotationWriter::put (109 bytes)
Event: 3.960 Thread 0x000001fdb2c26000 nmethod 1734 0x000001fda09766d0 code [0x000001fda0976880, 0x000001fda0976d60]
Event: 3.963 Thread 0x000001fdb2c26000 1735       3       org.objectweb.asm.SymbolTable::get (13 bytes)
Event: 3.963 Thread 0x000001fdb2c26000 nmethod 1735 0x000001fda0977010 code [0x000001fda0977160, 0x000001fda09772f8]
Event: 3.963 Thread 0x000001fdb2c26000 1736       3       org.objectweb.asm.SymbolTable::hash (10 bytes)
Event: 3.963 Thread 0x000001fdb2c26000 nmethod 1736 0x000001fda09773d0 code [0x000001fda0977540, 0x000001fda0977750]
Event: 3.964 Thread 0x000001fdb2c26000 1737       3       org.objectweb.asm.ByteVector::putByte (39 bytes)
Event: 3.965 Thread 0x000001fdb2c26000 nmethod 1737 0x000001fda0977810 code [0x000001fda0977980, 0x000001fda0977bb0]

GC Heap History (10 events):
Event: 1.525 GC heap before
{Heap before GC invocations=2 (full 0):
 PSYoungGen      total 18944K, used 18663K [0x00000000eab00000, 0x00000000ec000000, 0x0000000100000000)
  eden space 16384K, 100% used [0x00000000eab00000,0x00000000ebb00000,0x00000000ebb00000)
  from space 2560K, 89% used [0x00000000ebb00000,0x00000000ebd39ca8,0x00000000ebd80000)
  to   space 2560K, 0% used [0x00000000ebd80000,0x00000000ebd80000,0x00000000ec000000)
 ParOldGen       total 44032K, used 8K [0x00000000c0000000, 0x00000000c2b00000, 0x00000000eab00000)
  object space 44032K, 0% used [0x00000000c0000000,0x00000000c0002000,0x00000000c2b00000)
 Metaspace       used 7697K, capacity 7978K, committed 8320K, reserved 1056768K
  class space    used 965K, capacity 1041K, committed 1152K, reserved 1048576K
Event: 1.530 GC heap after
Heap after GC invocations=2 (full 0):
 PSYoungGen      total 18944K, used 2544K [0x00000000eab00000, 0x00000000ec000000, 0x0000000100000000)
  eden space 16384K, 0% used [0x00000000eab00000,0x00000000eab00000,0x00000000ebb00000)
  from space 2560K, 99% used [0x00000000ebd80000,0x00000000ebffc030,0x00000000ec000000)
  to   space 2560K, 0% used [0x00000000ebb00000,0x00000000ebb00000,0x00000000ebd80000)
 ParOldGen       total 44032K, used 1376K [0x00000000c0000000, 0x00000000c2b00000, 0x00000000eab00000)
  object space 44032K, 3% used [0x00000000c0000000,0x00000000c0158318,0x00000000c2b00000)
 Metaspace       used 7697K, capacity 7978K, committed 8320K, reserved 1056768K
  class space    used 965K, capacity 1041K, committed 1152K, reserved 1048576K
}
Event: 1.692 GC heap before
{Heap before GC invocations=3 (full 0):
 PSYoungGen      total 18944K, used 18928K [0x00000000eab00000, 0x00000000ec000000, 0x0000000100000000)
  eden space 16384K, 100% used [0x00000000eab00000,0x00000000ebb00000,0x00000000ebb00000)
  from space 2560K, 99% used [0x00000000ebd80000,0x00000000ebffc030,0x00000000ec000000)
  to   space 2560K, 0% used [0x00000000ebb00000,0x00000000ebb00000,0x00000000ebd80000)
 ParOldGen       total 44032K, used 1376K [0x00000000c0000000, 0x00000000c2b00000, 0x00000000eab00000)
  object space 44032K, 3% used [0x00000000c0000000,0x00000000c0158318,0x00000000c2b00000)
 Metaspace       used 7740K, capacity 7978K, committed 8320K, reserved 1056768K
  class space    used 965K, capacity 1041K, committed 1152K, reserved 1048576K
Event: 1.695 GC heap after
Heap after GC invocations=3 (full 0):
 PSYoungGen      total 18944K, used 2528K [0x00000000eab00000, 0x00000000ed000000, 0x0000000100000000)
  eden space 16384K, 0% used [0x00000000eab00000,0x00000000eab00000,0x00000000ebb00000)
  from space 2560K, 98% used [0x00000000ebb00000,0x00000000ebd78040,0x00000000ebd80000)
  to   space 2560K, 0% used [0x00000000ecd80000,0x00000000ecd80000,0x00000000ed000000)
 ParOldGen       total 44032K, used 1520K [0x00000000c0000000, 0x00000000c2b00000, 0x00000000eab00000)
  object space 44032K, 3% used [0x00000000c0000000,0x00000000c017c318,0x00000000c2b00000)
 Metaspace       used 7740K, capacity 7978K, committed 8320K, reserved 1056768K
  class space    used 965K, capacity 1041K, committed 1152K, reserved 1048576K
}
Event: 1.958 GC heap before
{Heap before GC invocations=4 (full 0):
 PSYoungGen      total 18944K, used 18912K [0x00000000eab00000, 0x00000000ed000000, 0x0000000100000000)
  eden space 16384K, 100% used [0x00000000eab00000,0x00000000ebb00000,0x00000000ebb00000)
  from space 2560K, 98% used [0x00000000ebb00000,0x00000000ebd78040,0x00000000ebd80000)
  to   space 2560K, 0% used [0x00000000ecd80000,0x00000000ecd80000,0x00000000ed000000)
 ParOldGen       total 44032K, used 1520K [0x00000000c0000000, 0x00000000c2b00000, 0x00000000eab00000)
  object space 44032K, 3% used [0x00000000c0000000,0x00000000c017c318,0x00000000c2b00000)
 Metaspace       used 7868K, capacity 8106K, committed 8320K, reserved 1056768K
  class space    used 974K, capacity 1041K, committed 1152K, reserved 1048576K
Event: 1.963 GC heap after
Heap after GC invocations=4 (full 0):
 PSYoungGen      total 35328K, used 2560K [0x00000000eab00000, 0x00000000ed000000, 0x0000000100000000)
  eden space 32768K, 0% used [0x00000000eab00000,0x00000000eab00000,0x00000000ecb00000)
  from space 2560K, 100% used [0x00000000ecd80000,0x00000000ed000000,0x00000000ed000000)
  to   space 2560K, 0% used [0x00000000ecb00000,0x00000000ecb00000,0x00000000ecd80000)
 ParOldGen       total 44032K, used 2317K [0x00000000c0000000, 0x00000000c2b00000, 0x00000000eab00000)
  object space 44032K, 5% used [0x00000000c0000000,0x00000000c0243670,0x00000000c2b00000)
 Metaspace       used 7868K, capacity 8106K, committed 8320K, reserved 1056768K
  class space    used 974K, capacity 1041K, committed 1152K, reserved 1048576K
}
Event: 2.967 GC heap before
{Heap before GC invocations=5 (full 0):
 PSYoungGen      total 35328K, used 35328K [0x00000000eab00000, 0x00000000ed000000, 0x0000000100000000)
  eden space 32768K, 100% used [0x00000000eab00000,0x00000000ecb00000,0x00000000ecb00000)
  from space 2560K, 100% used [0x00000000ecd80000,0x00000000ed000000,0x00000000ed000000)
  to   space 2560K, 0% used [0x00000000ecb00000,0x00000000ecb00000,0x00000000ecd80000)
 ParOldGen       total 44032K, used 2317K [0x00000000c0000000, 0x00000000c2b00000, 0x00000000eab00000)
  object space 44032K, 5% used [0x00000000c0000000,0x00000000c0243670,0x00000000c2b00000)
 Metaspace       used 11569K, capacity 11978K, committed 12160K, reserved 1060864K
  class space    used 1539K, capacity 1647K, committed 1664K, reserved 1048576K
Event: 2.975 GC heap after
Heap after GC invocations=5 (full 0):
 PSYoungGen      total 35328K, used 2544K [0x00000000eab00000, 0x00000000ef700000, 0x0000000100000000)
  eden space 32768K, 0% used [0x00000000eab00000,0x00000000eab00000,0x00000000ecb00000)
  from space 2560K, 99% used [0x00000000ecb00000,0x00000000ecd7c010,0x00000000ecd80000)
  to   space 6144K, 0% used [0x00000000ef100000,0x00000000ef100000,0x00000000ef700000)
 ParOldGen       total 44032K, used 5436K [0x00000000c0000000, 0x00000000c2b00000, 0x00000000eab00000)
  object space 44032K, 12% used [0x00000000c0000000,0x00000000c054f1e0,0x00000000c2b00000)
 Metaspace       used 11569K, capacity 11978K, committed 12160K, reserved 1060864K
  class space    used 1539K, capacity 1647K, committed 1664K, reserved 1048576K
}
Event: 3.330 GC heap before
{Heap before GC invocations=6 (full 0):
 PSYoungGen      total 35328K, used 35312K [0x00000000eab00000, 0x00000000ef700000, 0x0000000100000000)
  eden space 32768K, 100% used [0x00000000eab00000,0x00000000ecb00000,0x00000000ecb00000)
  from space 2560K, 99% used [0x00000000ecb00000,0x00000000ecd7c010,0x00000000ecd80000)
  to   space 6144K, 0% used [0x00000000ef100000,0x00000000ef100000,0x00000000ef700000)
 ParOldGen       total 44032K, used 5436K [0x00000000c0000000, 0x00000000c2b00000, 0x00000000eab00000)
  object space 44032K, 12% used [0x00000000c0000000,0x00000000c054f1e0,0x00000000c2b00000)
 Metaspace       used 14426K, capacity 14928K, committed 15360K, reserved 1062912K
  class space    used 2017K, capacity 2182K, committed 2304K, reserved 1048576K
Event: 3.337 GC heap after
Heap after GC invocations=6 (full 0):
 PSYoungGen      total 71168K, used 5790K [0x00000000eab00000, 0x00000000ef800000, 0x0000000100000000)
  eden space 65024K, 0% used [0x00000000eab00000,0x00000000eab00000,0x00000000eea80000)
  from space 6144K, 94% used [0x00000000ef100000,0x00000000ef6a7b10,0x00000000ef700000)
  to   space 6656K, 0% used [0x00000000eea80000,0x00000000eea80000,0x00000000ef100000)
 ParOldGen       total 44032K, used 5444K [0x00000000c0000000, 0x00000000c2b00000, 0x00000000eab00000)
  object space 44032K, 12% used [0x00000000c0000000,0x00000000c05511e0,0x00000000c2b00000)
 Metaspace       used 14426K, capacity 14928K, committed 15360K, reserved 1062912K
  class space    used 2017K, capacity 2182K, committed 2304K, reserved 1048576K
}

Deoptimization events (10 events):
Event: 3.370 Thread 0x000001fdb5820000 Uncommon trap: reason=class_check action=maybe_recompile pc=0x000001fda0701684 method=java.util.regex.Matcher.match(II)Z @ 86
Event: 3.370 Thread 0x000001fdb5820000 Uncommon trap: reason=class_check action=maybe_recompile pc=0x000001fda0701684 method=java.util.regex.Matcher.match(II)Z @ 86
Event: 3.370 Thread 0x000001fdb5820000 Uncommon trap: reason=class_check action=maybe_recompile pc=0x000001fda0555be8 method=java.util.regex.Matcher.match(II)Z @ 86
Event: 3.450 Thread 0x000001fdb5820000 Uncommon trap: reason=unstable_if action=reinterpret pc=0x000001fda070017c method=java.io.File.getName()Ljava/lang/String; @ 16
Event: 3.450 Thread 0x000001fdb5820000 Uncommon trap: reason=unstable_if action=reinterpret pc=0x000001fda06fed5c method=java.lang.String.substring(I)Ljava/lang/String; @ 35
Event: 3.567 Thread 0x000001fdb5820000 Uncommon trap: reason=unstable_if action=reinterpret pc=0x000001fda09239fc method=jdk.internal.org.objectweb.asm.Type.getArgumentsAndReturnSizes(Ljava/lang/String;)I @ 88
Event: 3.733 Thread 0x000001fdb5820000 Uncommon trap: reason=unstable_if action=reinterpret pc=0x000001fda0644a84 method=java.util.HashMap.getNode(ILjava/lang/Object;)Ljava/util/HashMap$Node; @ 129
Event: 3.733 Thread 0x000001fdb5820000 Uncommon trap: reason=bimorphic action=maybe_recompile pc=0x000001fda08aa518 method=java.util.HashMap.putVal(ILjava/lang/Object;Ljava/lang/Object;ZZ)Ljava/lang/Object; @ 203
Event: 3.733 Thread 0x000001fdb5820000 Uncommon trap: reason=unstable_if action=reinterpret pc=0x000001fda0623f10 method=java.util.HashMap.getNode(ILjava/lang/Object;)Ljava/util/HashMap$Node; @ 129
Event: 3.865 Thread 0x000001fdb5820000 Uncommon trap: reason=bimorphic action=maybe_recompile pc=0x000001fda08aa518 method=java.util.HashMap.putVal(ILjava/lang/Object;Ljava/lang/Object;ZZ)Ljava/lang/Object; @ 203

Classes redefined (0 events):
No events

Internal exceptions (10 events):
Event: 3.002 Thread 0x000001fdb3eed000 Exception <a 'java/lang/NoSuchMethodError': <clinit>> (0x00000000eacbe0a0) thrown at [C:\jenkins\workspace\8-2-build-windows-amd64-cygwin\jdk8u271\605\hotspot\src\share\vm\prims\jni.cpp, line 1615]
Event: 3.004 Thread 0x000001fdb3eed000 Exception <a 'java/lang/NoSuchMethodError': <clinit>> (0x00000000eace6b48) thrown at [C:\jenkins\workspace\8-2-build-windows-amd64-cygwin\jdk8u271\605\hotspot\src\share\vm\prims\jni.cpp, line 1615]
Event: 3.017 Thread 0x000001fdb3eed000 Exception <a 'java/lang/NoSuchMethodError': <clinit>> (0x00000000ead4ea30) thrown at [C:\jenkins\workspace\8-2-build-windows-amd64-cygwin\jdk8u271\605\hotspot\src\share\vm\prims\jni.cpp, line 1615]
Event: 3.025 Thread 0x000001fdb3eed000 Exception <a 'java/lang/NoSuchMethodError': <clinit>> (0x00000000ead89f20) thrown at [C:\jenkins\workspace\8-2-build-windows-amd64-cygwin\jdk8u271\605\hotspot\src\share\vm\prims\jni.cpp, line 1615]
Event: 3.034 Thread 0x000001fdb3eed000 Exception <a 'java/lang/NoSuchMethodError': <clinit>> (0x00000000eadbfb88) thrown at [C:\jenkins\workspace\8-2-build-windows-amd64-cygwin\jdk8u271\605\hotspot\src\share\vm\prims\jni.cpp, line 1615]
Event: 3.274 Thread 0x000001fdb5820000 Exception <a 'java/lang/NoSuchMethodError': java.lang.Object.lambda$static$0(Lorg/gradle/internal/state/ModelObject;)Ljava/lang/String;> (0x00000000ec151b50) thrown at [C:\jenkins\workspace\8-2-build-windows-amd64-cygwin\jdk8u271\605\hotspot\src\share\vm\
Event: 3.515 Thread 0x000001fdb5820000 Exception <a 'java/lang/NoSuchMethodError': java.lang.Object.lambda$and$0(Ljava/util/function/Predicate;Ljava/lang/Object;)Z> (0x00000000eb694398) thrown at [C:\jenkins\workspace\8-2-build-windows-amd64-cygwin\jdk8u271\605\hotspot\src\share\vm\interpreter
Event: 3.520 Thread 0x000001fdb5820000 Exception <a 'java/lang/IncompatibleClassChangeError': Found class java.lang.Object, but interface was expected> (0x00000000eb6a4728) thrown at [C:\jenkins\workspace\8-2-build-windows-amd64-cygwin\jdk8u271\605\hotspot\src\share\vm\interpreter\linkResolver
Event: 3.521 Thread 0x000001fdb5820000 Exception <a 'java/lang/NoSuchMethodError': java.lang.Object.lambda$or$2(Ljava/util/function/Predicate;Ljava/lang/Object;)Z> (0x00000000eb6a9460) thrown at [C:\jenkins\workspace\8-2-build-windows-amd64-cygwin\jdk8u271\605\hotspot\src\share\vm\interpreter\
Event: 3.566 Thread 0x000001fdb5820000 Exception <a 'java/lang/NoSuchMethodError': java.lang.Object.lambda$comparing$77a9974f$1(Ljava/util/function/Function;Ljava/lang/Object;Ljava/lang/Object;)I> (0x00000000ebabf420) thrown at [C:\jenkins\workspace\8-2-build-windows-amd64-cygwin\jdk8u271\605\

Events (10 events):
Event: 3.958 loading class org/objectweb/asm/MethodVisitor
Event: 3.958 loading class org/objectweb/asm/MethodVisitor done
Event: 3.958 loading class org/gradle/internal/instantiation/generator/AsmBackedClassGenerator$ClassBuilderImpl
Event: 3.958 loading class org/gradle/internal/instantiation/generator/AsmBackedClassGenerator$ClassBuilderImpl done
Event: 3.958 loading class org/objectweb/asm/Type
Event: 3.958 loading class org/objectweb/asm/Type done
Event: 3.959 loading class org/gradle/internal/instantiation/generator/AsmBackedClassGenerator$ClassBuilderImpl
Event: 3.959 loading class org/gradle/internal/instantiation/generator/AsmBackedClassGenerator$ClassBuilderImpl done
Event: 3.961 loading class org/gradle/model/internal/asm/AsmClassGeneratorUtils
Event: 3.961 loading class org/gradle/model/internal/asm/AsmClassGeneratorUtils done


Dynamic libraries:
0x00007ff694ab0000 - 0x00007ff694af7000 	C:\Program Files\Java\jdk1.8.0_271\bin\java.exe
0x00007ff80b5e0000 - 0x00007ff80b7d0000 	C:\WINDOWS\SYSTEM32\ntdll.dll
0x00007ff80ae90000 - 0x00007ff80af42000 	C:\WINDOWS\System32\KERNEL32.DLL
0x00007ff8090a0000 - 0x00007ff809345000 	C:\WINDOWS\System32\KERNELBASE.dll
0x00007ff80afc0000 - 0x00007ff80b063000 	C:\WINDOWS\System32\ADVAPI32.dll
0x00007ff80b4f0000 - 0x00007ff80b58e000 	C:\WINDOWS\System32\msvcrt.dll
0x00007ff80b1f0000 - 0x00007ff80b287000 	C:\WINDOWS\System32\sechost.dll
0x00007ff80ad70000 - 0x00007ff80ae90000 	C:\WINDOWS\System32\RPCRT4.dll
0x00007ff80a4b0000 - 0x00007ff80a644000 	C:\WINDOWS\System32\USER32.dll
0x00007ff808ed0000 - 0x00007ff808ef1000 	C:\WINDOWS\System32\win32u.dll
0x00007ff80b070000 - 0x00007ff80b096000 	C:\WINDOWS\System32\GDI32.dll
0x00007ff808f00000 - 0x00007ff809096000 	C:\WINDOWS\System32\gdi32full.dll
0x00007ff8095f0000 - 0x00007ff80968e000 	C:\WINDOWS\System32\msvcp_win.dll
0x00007ff8094d0000 - 0x00007ff8095ca000 	C:\WINDOWS\System32\ucrtbase.dll
0x00007ffff2b40000 - 0x00007ffff2dc4000 	C:\WINDOWS\WinSxS\amd64_microsoft.windows.common-controls_6595b64144ccf1df_6.0.18362.1256_none_9e7e379be45e40e2\COMCTL32.dll
0x00007ff809870000 - 0x00007ff809ba6000 	C:\WINDOWS\System32\combase.dll
0x00007ff808650000 - 0x00007ff8086d1000 	C:\WINDOWS\System32\bcryptPrimitives.dll
0x00007ff80b290000 - 0x00007ff80b2be000 	C:\WINDOWS\System32\IMM32.DLL
0x00007ffff82b0000 - 0x00007ffff82c5000 	C:\Program Files\Java\jdk1.8.0_271\jre\bin\vcruntime140.dll
0x00007ffff79e0000 - 0x00007ffff7a7b000 	C:\Program Files\Java\jdk1.8.0_271\jre\bin\msvcp140.dll
0x0000000074e20000 - 0x000000007568f000 	C:\Program Files\Java\jdk1.8.0_271\jre\bin\server\jvm.dll
0x00007ff80ac20000 - 0x00007ff80ac28000 	C:\WINDOWS\System32\PSAPI.DLL
0x00007ff805c70000 - 0x00007ff805c7a000 	C:\WINDOWS\SYSTEM32\VERSION.dll
0x00007ff806050000 - 0x00007ff806074000 	C:\WINDOWS\SYSTEM32\WINMM.dll
0x00007ff804740000 - 0x00007ff804749000 	C:\WINDOWS\SYSTEM32\WSOCK32.dll
0x00007ff80af50000 - 0x00007ff80afbf000 	C:\WINDOWS\System32\WS2_32.dll
0x00007ff805ff0000 - 0x00007ff80601d000 	C:\WINDOWS\SYSTEM32\winmmbase.dll
0x00007ff808550000 - 0x00007ff80859a000 	C:\WINDOWS\System32\cfgmgr32.dll
0x00007ff8084e0000 - 0x00007ff8084f1000 	C:\WINDOWS\System32\kernel.appcore.dll
0x00007ff8035d0000 - 0x00007ff8035e0000 	C:\Program Files\Java\jdk1.8.0_271\jre\bin\verify.dll
0x00007ffff79b0000 - 0x00007ffff79db000 	C:\Program Files\Java\jdk1.8.0_271\jre\bin\java.dll
0x00007ffff6e00000 - 0x00007ffff6e18000 	C:\Program Files\Java\jdk1.8.0_271\jre\bin\zip.dll
0x00007ff809cf0000 - 0x00007ff80a3d7000 	C:\WINDOWS\System32\SHELL32.dll
0x00007ff80a3e0000 - 0x00007ff80a489000 	C:\WINDOWS\System32\shcore.dll
0x00007ff8086e0000 - 0x00007ff808e61000 	C:\WINDOWS\System32\windows.storage.dll
0x00007ff808490000 - 0x00007ff8084b3000 	C:\WINDOWS\System32\profapi.dll
0x00007ff808500000 - 0x00007ff80854a000 	C:\WINDOWS\System32\powrprof.dll
0x00007ff808480000 - 0x00007ff808490000 	C:\WINDOWS\System32\UMPDC.dll
0x00007ff80b100000 - 0x00007ff80b152000 	C:\WINDOWS\System32\shlwapi.dll
0x00007ff8095d0000 - 0x00007ff8095e7000 	C:\WINDOWS\System32\cryptsp.dll
0x00007ffff6de0000 - 0x00007ffff6dfc000 	C:\Program Files\Java\jdk1.8.0_271\jre\bin\net.dll
0x00007ff807c70000 - 0x00007ff807cd7000 	C:\WINDOWS\system32\mswsock.dll
0x00007ffff6dc0000 - 0x00007ffff6dd3000 	C:\Program Files\Java\jdk1.8.0_271\jre\bin\nio.dll
0x00007ffff7a80000 - 0x00007ffff7aa7000 	C:\Users\dell 5450\.gradle\native\fdc75f09e3144964f2cf3f50f0aa648679c211496f362492102eb8c894070792\windows-amd64\native-platform.dll
0x00007fffe3720000 - 0x00007fffe38b6000 	C:\Users\dell 5450\.gradle\native\12488b8bf47d2d4c9fbf2f6322a914ad602e24e48041cd04a747c6da556b65c4\windows-amd64\native-platform-file-events.dll
0x00007ff8034a0000 - 0x00007ff8034ad000 	C:\Program Files\Java\jdk1.8.0_271\jre\bin\management.dll
0x00007ff8077e0000 - 0x00007ff807813000 	C:\WINDOWS\system32\rsaenh.dll
0x00007ff8094a0000 - 0x00007ff8094c6000 	C:\WINDOWS\System32\bcrypt.dll
0x00007ff8083a0000 - 0x00007ff8083c5000 	C:\WINDOWS\SYSTEM32\USERENV.dll
0x00007ff807e40000 - 0x00007ff807e4c000 	C:\WINDOWS\SYSTEM32\CRYPTBASE.dll
0x00007ff807980000 - 0x00007ff8079ba000 	C:\WINDOWS\SYSTEM32\IPHLPAPI.DLL
0x00007ff80b590000 - 0x00007ff80b598000 	C:\WINDOWS\System32\NSI.dll
0x00007ffffdd70000 - 0x00007ffffdd86000 	C:\WINDOWS\SYSTEM32\dhcpcsvc6.DLL
0x00007fffff0b0000 - 0x00007fffff0cc000 	C:\WINDOWS\SYSTEM32\dhcpcsvc.DLL
0x00007ff8079c0000 - 0x00007ff807a8b000 	C:\WINDOWS\SYSTEM32\DNSAPI.dll
0x00007ff800a80000 - 0x00007ff800a8b000 	C:\WINDOWS\SYSTEM32\WINNSI.DLL
0x00007ff806c70000 - 0x00007ff806e64000 	C:\WINDOWS\SYSTEM32\dbghelp.dll

VM Arguments:
jvm_args: -XX:MaxPermSize=1024m -XX:+HeapDumpOnOutOfMemoryError -Xmx1024m -Dfile.encoding=UTF-8 -Duser.country=BR -Duser.language=pt -Duser.variant 
java_command: org.gradle.launcher.daemon.bootstrap.GradleDaemon 6.8.3
java_class_path (initial): C:\Users\dell 5450\.gradle\wrapper\dists\gradle-6.8.3-bin\7ykxq50lst7lb7wx1nijpicxn\gradle-6.8.3\lib\gradle-launcher-6.8.3.jar
Launcher Type: SUN_STANDARD

Environment Variables:
JAVA_HOME=C:\Program Files\Java\jdk1.8.0_271
PATH=C:\Program Files (x86)\Common Files\Oracle\Java\javapath;C:\WINDOWS\system32;C:\WINDOWS;C:\WINDOWS\System32\Wbem;C:\WINDOWS\System32\WindowsPowerShell\v1.0\;C:\WINDOWS\System32\OpenSSH\;%PY_HOME%\Scripts\;C:\Program Files\Git\cmd;C:\Users\dell 5450\Downloads\chromedriver_win32 (1);C:\Users\dell 5450\.bzt\selenium-taurus\tools\geckodriver\0.23.0;C:\Program Files\Google\Chrome\Application;C:\Program Files\nodejs\;C:\Users\dell 5450\Downloads\gradle-6.8.3-bin\gradle-6.8.3\bin;C:\Program Files\CMake\bin;C:\Users\dell 5450\AppData\Local\Microsoft\WindowsApps;C:\Users\dell 5450\AppData\Local\Programs\Fiddler;%PY_HOME%\Scripts\;C:\Users\dell 5450\AppData\Roaming\npm;C:\Users\dell 5450\AppData\Local\Programs\Microsoft VS Code\bin
USERNAME=dell 5450
OS=Windows_NT
PROCESSOR_IDENTIFIER=Intel64 Family 6 Model 61 Stepping 4, GenuineIntel



---------------  S Y S T E M  ---------------

OS: Windows 10.0 , 64 bit Build 18362 (10.0.18362.1110)

CPU:total 4 (initial active 4) (2 cores per cpu, 2 threads per core) family 6 model 61 stepping 4, cmov, cx8, fxsr, mmx, sse, sse2, sse3, ssse3, sse4.1, sse4.2, popcnt, avx, avx2, aes, clmul, erms, rtm, 3dnowpref, lzcnt, ht, tsc, tscinvbit, bmi1, bmi2, adx

Memory: 4k page, physical 4082328k(149368k free), swap 5509784k(4096k free)

vm_info: Java HotSpot(TM) 64-Bit Server VM (25.271-b09) for windows-amd64 JRE (1.8.0_271-b09), built on Sep 16 2020 19:14:59 by "" with MS VC++ 15.9 (VS2017)

time: Thu Mar 11 00:36:49 2021
timezone: Hora oficial do Brasil
elapsed time: 4.009154 seconds (0d 0h 0m 4s)

